[launcher] node=A impl=cpp overlay=/Users/spartan/mini_2/config/overlay.yaml data=/Users/spartan/mini_2/data/partitions_trip_distance
17:32:15 [A] loaded 8372257 rows from /Users/spartan/mini_2/data/partitions_trip_distance/A.csv
17:32:15 [A] smart routing enabled: scheme=trip_distance
[A] worker_threads=8
17:32:15 [A] listening on 0.0.0.0:50051 role=gateway team=blue
17:32:19 [A] SubmitQuery rid=req-947209280154666-1 preds=1
17:32:19 [A] rid=req-947209280154666-1 range_search matched=0 of 8372257 in 2ms
17:32:19 [A] smart-route rid=req-947209280154666-1 hit 1/9 owners; skipped: A B C D E F G I 
17:32:20 [A] rid=req-947209280154666-1 done; total=176243
17:32:20 [A] SubmitQuery rid=req-947210118824375-1 preds=1
17:32:20 [A] rid=req-947210118824375-1 range_search matched=0 of 8372257 in 1ms
17:32:20 [A] smart-route rid=req-947210118824375-1 hit 1/9 owners; skipped: A B C D E F G I 
17:32:27 [A] rid=req-947210118824375-1 done; total=1942731
17:32:27 [A] SubmitQuery rid=req-947217159307666-1 preds=1
17:32:27 [A] rid=req-947217159307666-1 range_search matched=0 of 8372257 in 1ms
17:32:27 [A] smart-route rid=req-947217159307666-1 hit 1/9 owners; skipped: A B C D E F G I 
17:32:34 [A] rid=req-947217159307666-1 done; total=1942731
17:32:34 [A] SubmitQuery rid=req-947223977680791-1 preds=1
17:32:34 [A] SubmitQuery rid=req-947223977689208-3 preds=1
17:32:34 [A] SubmitQuery rid=req-947223977682541-2 preds=1
17:32:34 [A] SubmitQuery rid=req-947223977696500-4 preds=1
17:32:34 [A] rid=req-947223977680791-1 range_search matched=0 of 8372257 in 1ms
17:32:34 [A] smart-route rid=req-947223977680791-1 hit 1/9 owners; skipped: A B C D E F G I 
17:32:34 [A] rid=req-947223977689208-3 range_search matched=0 of 8372257 in 1ms
17:32:34 [A] smart-route rid=req-947223977689208-3 hit 1/9 owners; skipped: A B C D E F G I 
17:32:34 [A] rid=req-947223977682541-2 range_search matched=0 of 8372257 in 1ms
17:32:34 [A] smart-route rid=req-947223977682541-2 hit 1/9 owners; skipped: A B C D E F G I 
17:32:34 [A] rid=req-947223977696500-4 range_search matched=0 of 8372257 in 1ms
17:32:34 [A] smart-route rid=req-947223977696500-4 hit 1/9 owners; skipped: A B C D E F G I 
17:32:55 [A] rid=req-947223977689208-3 done; total=1942731
17:32:59 [A] rid=req-947223977682541-2 done; total=1942731
17:32:59 [A] rid=req-947223977680791-1 done; total=1942731
17:32:59 [A] rid=req-947223977696500-4 done; total=1942731
17:32:59 [A] SubmitQuery rid=req-947249627133458-1 preds=1
17:32:59 [A] SubmitQuery rid=req-947249627138166-2 preds=1
17:32:59 [A] SubmitQuery rid=req-947249627146500-3 preds=1
17:32:59 [A] SubmitQuery rid=req-947249627154750-4 preds=1
17:32:59 [A] rid=req-947249627133458-1 range_search matched=0 of 8372257 in 2ms
17:32:59 [A] smart-route rid=req-947249627133458-1 hit 1/9 owners; skipped: A B C D E F G I 
17:32:59 [A] rid=req-947249627138166-2 range_search matched=0 of 8372257 in 2ms
17:32:59 [A] smart-route rid=req-947249627138166-2 hit 1/9 owners; skipped: A B C D E F G I 
17:32:59 [A] rid=req-947249627146500-3 range_search matched=0 of 8372257 in 1ms
17:32:59 [A] smart-route rid=req-947249627146500-3 hit 1/9 owners; skipped: A B C D E F G I 
17:32:59 [A] rid=req-947249627154750-4 range_search matched=0 of 8372257 in 1ms
17:32:59 [A] smart-route rid=req-947249627154750-4 hit 1/9 owners; skipped: A B C D E F G I 
17:33:24 [A] rid=req-947249627138166-2 done; total=1942731
17:33:24 [A] rid=req-947249627154750-4 done; total=1942731
17:33:24 [A] rid=req-947249627146500-3 done; total=1942731
17:33:26 [A] rid=req-947249627133458-1 done; total=1942731
17:33:26 [A] SubmitQuery rid=req-947276086118750-1 preds=1
17:33:26 [A] rid=req-947276086118750-1 range_search matched=0 of 8372257 in 1ms
17:33:26 [A] smart-route rid=req-947276086118750-1 hit 5/9 owners; skipped: A B H I 
17:34:30 [A] rid=req-947276086118750-1 done; total=34764991
17:34:30 [A] SubmitQuery rid=req-947340398149750-1 preds=1
17:34:30 [A] rid=req-947340398149750-1 range_search matched=0 of 8372257 in 2ms
17:34:30 [A] smart-route rid=req-947340398149750-1 hit 5/9 owners; skipped: A B H I 
17:35:33 [A] rid=req-947340398149750-1 done; total=34764991
17:35:33 [A] SubmitQuery rid=req-947403419327791-1 preds=1
17:35:33 [A] SubmitQuery rid=req-947403419331291-2 preds=1
17:35:33 [A] SubmitQuery rid=req-947403419337916-3 preds=1
17:35:33 [A] SubmitQuery rid=req-947403419347458-4 preds=1
17:35:33 [A] rid=req-947403419327791-1 range_search matched=0 of 8372257 in 15ms
17:35:33 [A] smart-route rid=req-947403419327791-1 hit 5/9 owners; skipped: A B H I 
17:35:33 [A] rid=req-947403419331291-2 range_search matched=0 of 8372257 in 3ms
17:35:33 [A] smart-route rid=req-947403419331291-2 hit 5/9 owners; skipped: A B H I 
17:35:33 [A] rid=req-947403419337916-3 range_search matched=0 of 8372257 in 9ms
17:35:33 [A] smart-route rid=req-947403419337916-3 hit 5/9 owners; skipped: A B H I 
17:35:33 [A] rid=req-947403419347458-4 range_search matched=0 of 8372257 in 4ms
17:35:33 [A] smart-route rid=req-947403419347458-4 hit 5/9 owners; skipped: A B H I 
17:38:05 [A] rid=req-947403419327791-1 done; total=34764991
17:38:05 [A] rid=req-947403419331291-2 done; total=34764991
17:38:06 [A] rid=req-947403419337916-3 done; total=34764991
17:38:06 [A] rid=req-947403419347458-4 done; total=34764991
17:38:06 [A] SubmitQuery rid=req-947556513293375-1 preds=1
17:38:06 [A] SubmitQuery rid=req-947556513319041-4 preds=1
17:38:06 [A] SubmitQuery rid=req-947556513306125-2 preds=1
17:38:06 [A] SubmitQuery rid=req-947556513315750-3 preds=1
17:38:06 [A] rid=req-947556513293375-1 range_search matched=0 of 8372257 in 20ms
17:38:06 [A] smart-route rid=req-947556513293375-1 hit 5/9 owners; skipped: A B H I 
17:38:06 [A] rid=req-947556513319041-4 range_search matched=0 of 8372257 in 4ms
17:38:06 [A] smart-route rid=req-947556513319041-4 hit 5/9 owners; skipped: A B H I 
17:38:06 [A] rid=req-947556513306125-2 range_search matched=0 of 8372257 in 4ms
17:38:06 [A] smart-route rid=req-947556513306125-2 hit 5/9 owners; skipped: A B H I 
17:38:06 [A] rid=req-947556513315750-3 range_search matched=0 of 8372257 in 6ms
17:38:06 [A] smart-route rid=req-947556513315750-3 hit 5/9 owners; skipped: A B H I 
17:40:41 [A] rid=req-947556513306125-2 done; total=34764991
17:40:42 [A] rid=req-947556513293375-1 done; total=34764991
17:40:42 [A] rid=req-947556513319041-4 done; total=34764991
17:40:42 [A] rid=req-947556513315750-3 done; total=34764991
17:40:43 [A] shutdown requested
