[launcher] node=C impl=cpp overlay=/Users/spartan/mini_2/config/overlay.yaml data=/Users/spartan/mini_2/data/partitions_trip_distance
17:32:14 [C] loaded 7472504 rows from /Users/spartan/mini_2/data/partitions_trip_distance/C.csv
[C] worker_threads=8
17:32:14 [C] listening on 0.0.0.0:50053 role=peer team=yellow
17:33:26 [C] rid=req-947276086118750-1 range_search matched=5922825 of 7472504 in 16ms
17:33:26 [C] accepted forwarded query req-947276086118750-1 (target=C)
17:34:30 [C] rid=req-947340398149750-1 range_search matched=5922825 of 7472504 in 23ms
17:34:30 [C] accepted forwarded query req-947340398149750-1 (target=C)
17:35:33 [C] rid=req-947403419327791-1 range_search matched=5922825 of 7472504 in 26ms
17:35:33 [C] accepted forwarded query req-947403419327791-1 (target=C)
17:35:33 [C] rid=req-947403419331291-2 range_search matched=5922825 of 7472504 in 17ms
17:35:33 [C] accepted forwarded query req-947403419331291-2 (target=C)
17:35:33 [C] rid=req-947403419337916-3 range_search matched=5922825 of 7472504 in 25ms
17:35:33 [C] accepted forwarded query req-947403419337916-3 (target=C)
17:35:33 [C] rid=req-947403419347458-4 range_search matched=5922825 of 7472504 in 17ms
17:35:33 [C] accepted forwarded query req-947403419347458-4 (target=C)
17:38:06 [C] rid=req-947556513293375-1 range_search matched=5922825 of 7472504 in 26ms
17:38:06 [C] accepted forwarded query req-947556513293375-1 (target=C)
17:38:06 [C] rid=req-947556513319041-4 range_search matched=5922825 of 7472504 in 17ms
17:38:06 [C] accepted forwarded query req-947556513319041-4 (target=C)
17:38:06 [C] rid=req-947556513306125-2 range_search matched=5922825 of 7472504 in 22ms
17:38:06 [C] accepted forwarded query req-947556513306125-2 (target=C)
17:38:06 [C] rid=req-947556513315750-3 range_search matched=5922825 of 7472504 in 26ms
17:38:06 [C] accepted forwarded query req-947556513315750-3 (target=C)
17:40:43 [C] shutdown requested
