[launcher] node=D impl=python overlay=/Users/spartan/mini_2/config/overlay.yaml data=/Users/spartan/mini_2/data/partitions_trip_distance
2026-05-09 17:32:17,292 INFO mini2.node: [D] loaded 7614067 partition rows from /Users/spartan/mini_2/data/partitions_trip_distance/D.csv
2026-05-09 17:32:17,306 INFO mini2.node: [D] Python node listening on 0.0.0.0:50054 (advertised 192.168.50.2:50054), role=peer team=blue
2026-05-09 17:33:26,313 INFO mini2.node: [D] rid=req-947276086118750-1 range_search matched=7614067 of 7614067 in 20.70 ms
2026-05-09 17:33:26,313 INFO mini2.node: [D] accepted forwarded query req-947276086118750-1 (target=D)
2026-05-09 17:34:30,608 INFO mini2.node: [D] rid=req-947340398149750-1 range_search matched=7614067 of 7614067 in 16.15 ms
2026-05-09 17:34:30,608 INFO mini2.node: [D] accepted forwarded query req-947340398149750-1 (target=D)
2026-05-09 17:35:33,679 INFO mini2.node: [D] rid=req-947403419327791-1 range_search matched=7614067 of 7614067 in 54.86 ms
2026-05-09 17:35:33,680 INFO mini2.node: [D] accepted forwarded query req-947403419327791-1 (target=D)
2026-05-09 17:35:33,712 INFO mini2.node: [D] rid=req-947403419331291-2 range_search matched=7614067 of 7614067 in 31.63 ms
2026-05-09 17:35:33,712 INFO mini2.node: [D] accepted forwarded query req-947403419331291-2 (target=D)
2026-05-09 17:35:33,734 INFO mini2.node: [D] rid=req-947403419337916-3 range_search matched=7614067 of 7614067 in 21.74 ms
2026-05-09 17:35:33,734 INFO mini2.node: [D] accepted forwarded query req-947403419337916-3 (target=D)
2026-05-09 17:35:33,760 INFO mini2.node: [D] rid=req-947403419347458-4 range_search matched=7614067 of 7614067 in 24.02 ms
2026-05-09 17:35:33,760 INFO mini2.node: [D] accepted forwarded query req-947403419347458-4 (target=D)
2026-05-09 17:38:06,753 INFO mini2.node: [D] rid=req-947556513293375-1 range_search matched=7614067 of 7614067 in 30.76 ms
2026-05-09 17:38:06,753 INFO mini2.node: [D] accepted forwarded query req-947556513293375-1 (target=D)
2026-05-09 17:38:06,773 INFO mini2.node: [D] rid=req-947556513319041-4 range_search matched=7614067 of 7614067 in 19.91 ms
2026-05-09 17:38:06,773 INFO mini2.node: [D] accepted forwarded query req-947556513319041-4 (target=D)
2026-05-09 17:38:06,793 INFO mini2.node: [D] rid=req-947556513306125-2 range_search matched=7614067 of 7614067 in 17.77 ms
2026-05-09 17:38:06,793 INFO mini2.node: [D] accepted forwarded query req-947556513306125-2 (target=D)
2026-05-09 17:38:06,817 INFO mini2.node: [D] rid=req-947556513315750-3 range_search matched=7614067 of 7614067 in 22.05 ms
2026-05-09 17:38:06,817 INFO mini2.node: [D] accepted forwarded query req-947556513315750-3 (target=D)
2026-05-09 17:40:43,534 INFO mini2.node: [D] shutting down
