[launcher] node=A impl=cpp overlay=/Users/spartan/mini_2/config/overlay.yaml data=/Users/spartan/mini_2/data/partitions_trip_distance
20:41:56 [A] loaded 8372257 rows from /Users/spartan/mini_2/data/partitions_trip_distance/A.csv
20:41:56 [A] vnode range table: 17 columns in 30ms
20:41:56 [A] smart routing enabled: scheme=trip_distance
[A] worker_threads=16
20:41:56 [A] listening on 0.0.0.0:50051 role=gateway team=blue
20:42:00 [A] SubmitQuery rid=req-958590444220166-1 preds=1
20:42:00 [A] rid=req-958590444220166-1 vnode range filter: skipped (out-of-range)
20:42:00 [A] smart-route rid=req-958590444220166-1 hit 1/9 owners; skipped: A B C D E F G I 
20:42:10 [A] forward→H via H failed after retries: failed to connect to all addresses; last error: UNKNOWN: ipv4:192.168.50.1:50058: Failed to connect to remote host: Connection refused
20:42:10 [A] rid=req-958590444220166-1 done; total=0 vnodes_hit=0/1
20:42:11 [A] SubmitQuery rid=req-958601315499500-1 preds=1
20:42:11 [A] rid=req-958601315499500-1 vnode range filter: skipped (out-of-range)
20:42:11 [A] smart-route rid=req-958601315499500-1 hit 1/9 owners; skipped: A B C D E F G I 
20:42:12 [A] rid=req-958601315499500-1 done; total=176243 vnodes_hit=1/1
20:42:12 [A] SubmitQuery rid=req-958602303146208-1 preds=1
20:42:12 [A] rid=req-958602303146208-1 vnode range filter: skipped (out-of-range)
20:42:12 [A] smart-route rid=req-958602303146208-1 hit 1/9 owners; skipped: A B C D E F G I 
20:42:13 [A] rid=req-958602303146208-1 done; total=176243 vnodes_hit=1/1
20:42:13 [A] SubmitQuery rid=req-958603277059666-1 preds=1
20:42:13 [A] rid=req-958603277059666-1 vnode range filter: skipped (out-of-range)
20:42:13 [A] smart-route rid=req-958603277059666-1 hit 1/9 owners; skipped: A B C D E F G I 
20:42:14 [A] rid=req-958603277059666-1 done; total=176243 vnodes_hit=1/1
20:42:14 [A] SubmitQuery rid=req-958604242042625-1 preds=1
20:42:14 [A] rid=req-958604242042625-1 vnode range filter: skipped (out-of-range)
20:42:14 [A] SubmitQuery rid=req-958604242056958-2 preds=1
20:42:14 [A] SubmitQuery rid=req-958604242062291-3 preds=1
20:42:14 [A] SubmitQuery rid=req-958604242069250-4 preds=1
20:42:14 [A] rid=req-958604242056958-2 vnode range filter: skipped (out-of-range)
20:42:14 [A] smart-route rid=req-958604242042625-1 hit 1/9 owners; skipped: A B C D E F G I 
20:42:14 [A] rid=req-958604242062291-3 vnode range filter: skipped (out-of-range)
20:42:14 [A] smart-route rid=req-958604242056958-2 hit 1/9 owners; skipped: A B C D E F G I 
20:42:14 [A] rid=req-958604242069250-4 vnode range filter: skipped (out-of-range)
20:42:14 [A] smart-route rid=req-958604242062291-3 hit 1/9 owners; skipped: A B C D E F G I 
20:42:14 [A] smart-route rid=req-958604242069250-4 hit 1/9 owners; skipped: A B C D E F G I 
20:42:16 [A] rid=req-958604242069250-4 done; total=176243 vnodes_hit=1/1
20:42:17 [A] rid=req-958604242062291-3 done; total=176243 vnodes_hit=1/1
20:42:17 [A] rid=req-958604242056958-2 done; total=176243 vnodes_hit=1/1
20:42:17 [A] rid=req-958604242042625-1 done; total=176243 vnodes_hit=1/1
20:42:17 [A] SubmitQuery rid=req-958607547411958-1 preds=1
20:42:17 [A] SubmitQuery rid=req-958607547433708-3 preds=1
20:42:17 [A] SubmitQuery rid=req-958607547438666-4 preds=1
20:42:17 [A] rid=req-958607547411958-1 vnode range filter: skipped (out-of-range)
20:42:17 [A] SubmitQuery rid=req-958607547431583-2 preds=1
20:42:17 [A] rid=req-958607547433708-3 vnode range filter: skipped (out-of-range)
20:42:17 [A] smart-route rid=req-958607547411958-1 hit 1/9 owners; skipped: A B C D E F G I 
20:42:17 [A] rid=req-958607547438666-4 vnode range filter: skipped (out-of-range)
20:42:17 [A] smart-route rid=req-958607547433708-3 hit 1/9 owners; skipped: A B C D E F G I 
20:42:17 [A] rid=req-958607547431583-2 vnode range filter: skipped (out-of-range)
20:42:17 [A] smart-route rid=req-958607547438666-4 hit 1/9 owners; skipped: A B C D E F G I 
20:42:17 [A] smart-route rid=req-958607547431583-2 hit 1/9 owners; skipped: A B C D E F G I 
20:42:20 [A] rid=req-958607547438666-4 done; total=176243 vnodes_hit=1/1
20:42:20 [A] rid=req-958607547411958-1 done; total=176243 vnodes_hit=1/1
20:42:20 [A] rid=req-958607547433708-3 done; total=176243 vnodes_hit=1/1
20:42:20 [A] rid=req-958607547431583-2 done; total=176243 vnodes_hit=1/1
20:42:21 [A] SubmitQuery rid=req-958610850748666-1 preds=1
20:42:21 [A] rid=req-958610850748666-1 vnode range filter: skipped (out-of-range)
20:42:21 [A] smart-route rid=req-958610850748666-1 hit 1/9 owners; skipped: A B C D E F G I 
20:42:26 [A] rid=req-958610850748666-1 done; total=1942731 vnodes_hit=1/1
20:42:27 [A] SubmitQuery rid=req-958616867944625-1 preds=1
20:42:27 [A] rid=req-958616867944625-1 vnode range filter: skipped (out-of-range)
20:42:27 [A] smart-route rid=req-958616867944625-1 hit 1/9 owners; skipped: A B C D E F G I 
20:42:32 [A] rid=req-958616867944625-1 done; total=1942731 vnodes_hit=1/1
20:42:33 [A] SubmitQuery rid=req-958622941874750-1 preds=1
20:42:33 [A] SubmitQuery rid=req-958622941891125-3 preds=1
20:42:33 [A] SubmitQuery rid=req-958622941895041-4 preds=1
20:42:33 [A] SubmitQuery rid=req-958622941879500-2 preds=1
20:42:33 [A] rid=req-958622941874750-1 vnode range filter: skipped (out-of-range)
20:42:33 [A] rid=req-958622941891125-3 vnode range filter: skipped (out-of-range)
20:42:33 [A] smart-route rid=req-958622941874750-1 hit 1/9 owners; skipped: A B C D E F G I 
20:42:33 [A] rid=req-958622941895041-4 vnode range filter: skipped (out-of-range)
20:42:33 [A] smart-route rid=req-958622941891125-3 hit 1/9 owners; skipped: A B C D E F G I 
20:42:33 [A] rid=req-958622941879500-2 vnode range filter: skipped (out-of-range)
20:42:33 [A] smart-route rid=req-958622941895041-4 hit 1/9 owners; skipped: A B C D E F G I 
20:42:33 [A] smart-route rid=req-958622941879500-2 hit 1/9 owners; skipped: A B C D E F G I 
20:42:51 [A] rid=req-958622941895041-4 done; total=1942731 vnodes_hit=1/1
20:42:53 [A] rid=req-958622941891125-3 done; total=1942731 vnodes_hit=1/1
20:42:53 [A] rid=req-958622941874750-1 done; total=1942731 vnodes_hit=1/1
20:42:55 [A] rid=req-958622941879500-2 done; total=1942731 vnodes_hit=1/1
20:42:55 [A] SubmitQuery rid=req-958644986804208-1 preds=1
20:42:55 [A] SubmitQuery rid=req-958644986820166-3 preds=1
20:42:55 [A] SubmitQuery rid=req-958644986819041-2 preds=1
20:42:55 [A] SubmitQuery rid=req-958644986824541-4 preds=1
20:42:55 [A] rid=req-958644986804208-1 vnode range filter: skipped (out-of-range)
20:42:55 [A] rid=req-958644986820166-3 vnode range filter: skipped (out-of-range)
20:42:55 [A] smart-route rid=req-958644986804208-1 hit 1/9 owners; skipped: A B C D E F G I 
20:42:55 [A] rid=req-958644986819041-2 vnode range filter: skipped (out-of-range)
20:42:55 [A] smart-route rid=req-958644986820166-3 hit 1/9 owners; skipped: A B C D E F G I 
20:42:55 [A] rid=req-958644986824541-4 vnode range filter: skipped (out-of-range)
20:42:55 [A] smart-route rid=req-958644986819041-2 hit 1/9 owners; skipped: A B C D E F G I 
20:42:55 [A] smart-route rid=req-958644986824541-4 hit 1/9 owners; skipped: A B C D E F G I 
20:43:11 [A] rid=req-958644986824541-4 done; total=1942731 vnodes_hit=1/1
20:43:15 [A] rid=req-958644986820166-3 done; total=1942731 vnodes_hit=1/1
20:43:16 [A] rid=req-958644986819041-2 done; total=1942731 vnodes_hit=1/1
20:43:16 [A] rid=req-958644986804208-1 done; total=1942731 vnodes_hit=1/1
20:43:17 [A] SubmitQuery rid=req-958666955155166-1 preds=1
20:43:17 [A] rid=req-958666955155166-1 vnode range filter: skipped (out-of-range)
20:43:17 [A] smart-route rid=req-958666955155166-1 hit 5/9 owners; skipped: A B H I 
20:43:49 [A] rid=req-958666955155166-1 done; total=34764991 vnodes_hit=5/5
20:43:49 [A] SubmitQuery rid=req-958699236503583-1 preds=1
20:43:49 [A] rid=req-958699236503583-1 vnode range filter: skipped (out-of-range)
20:43:49 [A] smart-route rid=req-958699236503583-1 hit 5/9 owners; skipped: A B H I 
20:44:22 [A] rid=req-958699236503583-1 done; total=34764991 vnodes_hit=5/5
20:44:22 [A] SubmitQuery rid=req-958732818363041-1 preds=1
20:44:22 [A] SubmitQuery rid=req-958732818380916-4 preds=1
20:44:22 [A] SubmitQuery rid=req-958732818379916-3 preds=1
20:44:22 [A] SubmitQuery rid=req-958732818374458-2 preds=1
20:44:22 [A] rid=req-958732818363041-1 vnode range filter: skipped (out-of-range)
20:44:22 [A] rid=req-958732818380916-4 vnode range filter: skipped (out-of-range)
20:44:22 [A] smart-route rid=req-958732818363041-1 hit 5/9 owners; skipped: A B H I 
20:44:22 [A] rid=req-958732818379916-3 vnode range filter: skipped (out-of-range)
20:44:22 [A] smart-route rid=req-958732818380916-4 hit 5/9 owners; skipped: A B H I 
20:44:22 [A] rid=req-958732818374458-2 vnode range filter: skipped (out-of-range)
20:44:22 [A] smart-route rid=req-958732818379916-3 hit 5/9 owners; skipped: A B H I 
20:44:22 [A] smart-route rid=req-958732818374458-2 hit 5/9 owners; skipped: A B H I 
20:46:15 [A] rid=req-958732818374458-2 done; total=34764991 vnodes_hit=5/5
20:46:32 [A] rid=req-958732818379916-3 done; total=34764991 vnodes_hit=5/5
20:46:33 [A] rid=req-958732818380916-4 done; total=34764991 vnodes_hit=5/5
20:46:33 [A] rid=req-958732818363041-1 done; total=34764991 vnodes_hit=5/5
20:46:33 [A] SubmitQuery rid=req-958863379607416-1 preds=1
20:46:33 [A] rid=req-958863379607416-1 vnode range filter: skipped (out-of-range)
20:46:33 [A] SubmitQuery rid=req-958863379620750-2 preds=1
20:46:33 [A] SubmitQuery rid=req-958863379624000-3 preds=1
20:46:33 [A] SubmitQuery rid=req-958863379629625-4 preds=1
20:46:33 [A] rid=req-958863379620750-2 vnode range filter: skipped (out-of-range)
20:46:33 [A] smart-route rid=req-958863379607416-1 hit 5/9 owners; skipped: A B H I 
20:46:33 [A] rid=req-958863379624000-3 vnode range filter: skipped (out-of-range)
20:46:33 [A] smart-route rid=req-958863379620750-2 hit 5/9 owners; skipped: A B H I 
20:46:33 [A] rid=req-958863379629625-4 vnode range filter: skipped (out-of-range)
20:46:33 [A] smart-route rid=req-958863379624000-3 hit 5/9 owners; skipped: A B H I 
20:46:33 [A] smart-route rid=req-958863379629625-4 hit 5/9 owners; skipped: A B H I 
20:47:18 [A] PullChunk→F failed: Server Threadpool Exhausted
20:48:45 [A] rid=req-958863379620750-2 done; total=29483305 vnodes_hit=5/5
20:48:53 [A] rid=req-958863379624000-3 done; total=34764991 vnodes_hit=5/5
20:48:53 [A] rid=req-958863379607416-1 done; total=34764991 vnodes_hit=5/5
20:48:55 [A] rid=req-958863379629625-4 done; total=34764991 vnodes_hit=5/5
20:48:55 [A] SubmitQuery rid=req-959005411170833-1 preds=1
20:48:55 [A] rid=req-959005411170833-1 range_search matched=8372257 of 8372257 in 271ms
20:49:51 [A] rid=req-959005411170833-1 done; total=69973589 vnodes_hit=9/9
20:49:51 [A] SubmitQuery rid=req-959061443893791-1 preds=1
20:49:51 [A] rid=req-959061443893791-1 range_search matched=8372257 of 8372257 in 28ms
20:50:49 [A] rid=req-959061443893791-1 done; total=69973589 vnodes_hit=9/9
20:50:49 [A] SubmitQuery rid=req-959119699326208-1 preds=1
20:50:49 [A] SubmitQuery rid=req-959119699337333-2 preds=1
20:50:49 [A] SubmitQuery rid=req-959119699349666-4 preds=1
20:50:49 [A] SubmitQuery rid=req-959119699338458-3 preds=1
20:50:49 [A] rid=req-959119699326208-1 range_search matched=8372257 of 8372257 in 34ms
20:50:49 [A] rid=req-959119699337333-2 range_search matched=8372257 of 8372257 in 22ms
20:50:49 [A] rid=req-959119699349666-4 range_search matched=8372257 of 8372257 in 27ms
20:50:49 [A] rid=req-959119699338458-3 range_search matched=8372257 of 8372257 in 19ms
20:50:53 [A] PullChunk→E failed: Server Threadpool Exhausted
20:50:54 [A] PullChunk→E failed: Server Threadpool Exhausted
20:50:54 [A] PullChunk→F failed: Server Threadpool Exhausted
20:52:36 [A] PullChunk→F failed: Server Threadpool Exhausted
20:52:45 [A] PullChunk→F failed: Server Threadpool Exhausted
