[launcher] node=C impl=cpp overlay=/Users/spartan/mini_2/config/overlay.yaml data=/Users/spartan/mini_2/data/partitions_trip_distance
20:41:56 [C] loaded 7472504 rows from /Users/spartan/mini_2/data/partitions_trip_distance/C.csv
20:41:56 [C] vnode range table: 17 columns in 41ms
[C] worker_threads=16
20:41:56 [C] listening on 0.0.0.0:50053 role=peer team=yellow
20:43:17 [C] rid=req-958666955155166-1 range_search matched=5922825 of 7472504 in 30ms
20:43:17 [C] accepted forwarded query req-958666955155166-1 (target=C)
20:43:49 [C] rid=req-958699236503583-1 range_search matched=5922825 of 7472504 in 32ms
20:43:49 [C] accepted forwarded query req-958699236503583-1 (target=C)
20:44:23 [C] rid=req-958732818363041-1 range_search matched=5922825 of 7472504 in 32ms
20:44:23 [C] accepted forwarded query req-958732818363041-1 (target=C)
20:44:23 [C] rid=req-958732818380916-4 range_search matched=5922825 of 7472504 in 14ms
20:44:23 [C] accepted forwarded query req-958732818380916-4 (target=C)
20:44:23 [C] rid=req-958732818379916-3 range_search matched=5922825 of 7472504 in 16ms
20:44:23 [C] accepted forwarded query req-958732818379916-3 (target=C)
20:44:23 [C] rid=req-958732818374458-2 range_search matched=5922825 of 7472504 in 14ms
20:44:23 [C] accepted forwarded query req-958732818374458-2 (target=C)
20:46:33 [C] rid=req-958863379620750-2 range_search matched=5922825 of 7472504 in 95ms
20:46:33 [C] accepted forwarded query req-958863379620750-2 (target=C)
20:46:33 [C] rid=req-958863379607416-1 range_search matched=5922825 of 7472504 in 17ms
20:46:33 [C] accepted forwarded query req-958863379607416-1 (target=C)
20:46:33 [C] rid=req-958863379624000-3 range_search matched=5922825 of 7472504 in 18ms
20:46:33 [C] accepted forwarded query req-958863379624000-3 (target=C)
20:46:33 [C] rid=req-958863379629625-4 range_search matched=5922825 of 7472504 in 16ms
20:46:33 [C] accepted forwarded query req-958863379629625-4 (target=C)
20:48:56 [C] rid=req-959005411170833-1 range_search matched=7472504 of 7472504 in 60ms
20:48:56 [C] accepted forwarded query req-959005411170833-1 (target=C)
20:49:51 [C] rid=req-959061443893791-1 range_search matched=7472504 of 7472504 in 47ms
20:49:51 [C] accepted forwarded query req-959061443893791-1 (target=C)
20:50:50 [C] rid=req-959119699326208-1 range_search matched=7472504 of 7472504 in 73ms
20:50:50 [C] accepted forwarded query req-959119699326208-1 (target=C)
20:50:50 [C] rid=req-959119699337333-2 range_search matched=7472504 of 7472504 in 22ms
20:50:50 [C] accepted forwarded query req-959119699337333-2 (target=C)
20:50:50 [C] rid=req-959119699349666-4 range_search matched=7472504 of 7472504 in 19ms
20:50:50 [C] accepted forwarded query req-959119699349666-4 (target=C)
20:50:50 [C] rid=req-959119699338458-3 range_search matched=7472504 of 7472504 in 19ms
20:50:50 [C] accepted forwarded query req-959119699338458-3 (target=C)
20:54:08 [C] shutdown requested
