[launcher] node=D impl=python overlay=/Users/spartan/mini_2/config/overlay.yaml data=/Users/spartan/mini_2/data/partitions_trip_distance
2026-05-09 20:42:08,129 INFO mini2.node: [D] loaded 7614067 partition rows from /Users/spartan/mini_2/data/partitions_trip_distance/D.csv
2026-05-09 20:42:10,541 INFO mini2.node: [D] vnode range table: 17 cols in 2411 ms
2026-05-09 20:42:10,558 INFO mini2.node: [D] Python node listening on 0.0.0.0:50054 (advertised 192.168.50.2:50054), role=peer team=blue
2026-05-09 20:43:17,392 INFO mini2.node: [D] rid=req-958666955155166-1 range_search matched=7614067 of 7614067 in 236.04 ms
2026-05-09 20:43:17,393 INFO mini2.node: [D] accepted forwarded query req-958666955155166-1 (target=D)
2026-05-09 20:43:49,721 INFO mini2.node: [D] rid=req-958699236503583-1 range_search matched=7614067 of 7614067 in 292.35 ms
2026-05-09 20:43:49,721 INFO mini2.node: [D] accepted forwarded query req-958699236503583-1 (target=D)
2026-05-09 20:44:23,328 INFO mini2.node: [D] rid=req-958732818363041-1 range_search matched=7614067 of 7614067 in 311.60 ms
2026-05-09 20:44:23,329 INFO mini2.node: [D] accepted forwarded query req-958732818363041-1 (target=D)
2026-05-09 20:44:23,653 INFO mini2.node: [D] rid=req-958732818380916-4 range_search matched=7614067 of 7614067 in 323.85 ms
2026-05-09 20:44:23,653 INFO mini2.node: [D] accepted forwarded query req-958732818380916-4 (target=D)
2026-05-09 20:44:23,975 INFO mini2.node: [D] rid=req-958732818379916-3 range_search matched=7614067 of 7614067 in 322.31 ms
2026-05-09 20:44:23,975 INFO mini2.node: [D] accepted forwarded query req-958732818379916-3 (target=D)
2026-05-09 20:44:24,303 INFO mini2.node: [D] rid=req-958732818374458-2 range_search matched=7614067 of 7614067 in 327.50 ms
2026-05-09 20:44:24,303 INFO mini2.node: [D] accepted forwarded query req-958732818374458-2 (target=D)
2026-05-09 20:46:34,230 INFO mini2.node: [D] rid=req-958863379620750-2 range_search matched=7614067 of 7614067 in 584.71 ms
2026-05-09 20:46:34,230 INFO mini2.node: [D] accepted forwarded query req-958863379620750-2 (target=D)
2026-05-09 20:46:34,638 INFO mini2.node: [D] rid=req-958863379607416-1 range_search matched=7614067 of 7614067 in 407.50 ms
2026-05-09 20:46:34,638 INFO mini2.node: [D] accepted forwarded query req-958863379607416-1 (target=D)
2026-05-09 20:46:35,089 INFO mini2.node: [D] rid=req-958863379624000-3 range_search matched=7614067 of 7614067 in 450.56 ms
2026-05-09 20:46:35,089 INFO mini2.node: [D] accepted forwarded query req-958863379624000-3 (target=D)
2026-05-09 20:46:35,555 INFO mini2.node: [D] rid=req-958863379629625-4 range_search matched=7614067 of 7614067 in 465.99 ms
2026-05-09 20:46:35,555 INFO mini2.node: [D] accepted forwarded query req-958863379629625-4 (target=D)
2026-05-09 20:48:56,583 INFO mini2.node: [D] rid=req-959005411170833-1 range_search matched=7614067 of 7614067 in 424.15 ms
2026-05-09 20:48:56,583 INFO mini2.node: [D] accepted forwarded query req-959005411170833-1 (target=D)
2026-05-09 20:49:52,175 INFO mini2.node: [D] rid=req-959061443893791-1 range_search matched=7614067 of 7614067 in 436.09 ms
2026-05-09 20:49:52,175 INFO mini2.node: [D] accepted forwarded query req-959061443893791-1 (target=D)
2026-05-09 20:50:50,505 INFO mini2.node: [D] rid=req-959119699326208-1 range_search matched=7614067 of 7614067 in 433.74 ms
2026-05-09 20:50:50,506 INFO mini2.node: [D] accepted forwarded query req-959119699326208-1 (target=D)
2026-05-09 20:50:50,965 INFO mini2.node: [D] rid=req-959119699337333-2 range_search matched=7614067 of 7614067 in 459.12 ms
2026-05-09 20:50:50,965 INFO mini2.node: [D] accepted forwarded query req-959119699337333-2 (target=D)
2026-05-09 20:50:51,451 INFO mini2.node: [D] rid=req-959119699349666-4 range_search matched=7614067 of 7614067 in 485.87 ms
2026-05-09 20:50:51,451 INFO mini2.node: [D] accepted forwarded query req-959119699349666-4 (target=D)
2026-05-09 20:50:51,937 INFO mini2.node: [D] rid=req-959119699338458-3 range_search matched=7614067 of 7614067 in 485.82 ms
2026-05-09 20:50:51,937 INFO mini2.node: [D] accepted forwarded query req-959119699338458-3 (target=D)
2026-05-09 20:54:08,520 INFO mini2.node: [D] shutting down
