[launcher] node=E impl=cpp overlay=/Users/spartan/mini_2/config/overlay.yaml data=/Users/spartan/mini_2/data/partitions_trip_distance
20:41:56 [E] loaded 7737758 rows from /Users/spartan/mini_2/data/partitions_trip_distance/E.csv
20:41:56 [E] vnode range table: 17 columns in 90ms
[E] worker_threads=16
20:41:56 [E] listening on 0.0.0.0:50055 role=peer team=yellow
20:43:17 [E] rid=req-958666955155166-1 range_search matched=7737758 of 7737758 in 55ms
20:43:17 [E] accepted forwarded query req-958666955155166-1 (target=E)
20:43:49 [E] rid=req-958699236503583-1 range_search matched=7737758 of 7737758 in 47ms
20:43:49 [E] accepted forwarded query req-958699236503583-1 (target=E)
20:44:23 [E] rid=req-958732818363041-1 range_search matched=7737758 of 7737758 in 52ms
20:44:23 [E] accepted forwarded query req-958732818363041-1 (target=E)
20:44:23 [E] rid=req-958732818380916-4 range_search matched=7737758 of 7737758 in 20ms
20:44:23 [E] accepted forwarded query req-958732818380916-4 (target=E)
20:44:24 [E] rid=req-958732818379916-3 range_search matched=7737758 of 7737758 in 21ms
20:44:24 [E] accepted forwarded query req-958732818379916-3 (target=E)
20:44:24 [E] rid=req-958732818374458-2 range_search matched=7737758 of 7737758 in 19ms
20:44:24 [E] accepted forwarded query req-958732818374458-2 (target=E)
20:46:34 [E] rid=req-958863379620750-2 range_search matched=7737758 of 7737758 in 366ms
20:46:34 [E] accepted forwarded query req-958863379620750-2 (target=E)
20:46:34 [E] rid=req-958863379607416-1 range_search matched=7737758 of 7737758 in 22ms
20:46:34 [E] accepted forwarded query req-958863379607416-1 (target=E)
20:46:35 [E] rid=req-958863379624000-3 range_search matched=7737758 of 7737758 in 24ms
20:46:35 [E] accepted forwarded query req-958863379624000-3 (target=E)
20:46:35 [E] rid=req-958863379629625-4 range_search matched=7737758 of 7737758 in 25ms
20:46:35 [E] accepted forwarded query req-958863379629625-4 (target=E)
20:48:56 [E] rid=req-959005411170833-1 range_search matched=7737758 of 7737758 in 91ms
20:48:56 [E] accepted forwarded query req-959005411170833-1 (target=E)
20:49:52 [E] rid=req-959061443893791-1 range_search matched=7737758 of 7737758 in 53ms
20:49:52 [E] accepted forwarded query req-959061443893791-1 (target=E)
20:50:50 [E] rid=req-959119699326208-1 range_search matched=7737758 of 7737758 in 62ms
20:50:50 [E] accepted forwarded query req-959119699326208-1 (target=E)
20:50:50 [E] rid=req-959119699337333-2 range_search matched=7737758 of 7737758 in 24ms
20:50:50 [E] accepted forwarded query req-959119699337333-2 (target=E)
20:50:51 [E] rid=req-959119699349666-4 range_search matched=7737758 of 7737758 in 24ms
20:50:51 [E] accepted forwarded query req-959119699349666-4 (target=E)
20:50:52 [E] rid=req-959119699338458-3 range_search matched=7737758 of 7737758 in 26ms
20:50:52 [E] accepted forwarded query req-959119699338458-3 (target=E)
20:54:08 [E] shutdown requested
