[launcher] node=A impl=cpp overlay=/Users/spartan/mini_2/config/overlay.yaml data=/Users/spartan/mini_2/data/partitions_trip_distance
16:48:33 [A] loaded 8372257 rows from /Users/spartan/mini_2/data/partitions_trip_distance/A.csv
16:48:33 [A] smart routing enabled: scheme=trip_distance
[A] worker_threads=8
16:48:33 [A] listening on 0.0.0.0:50051 role=gateway team=blue
16:48:37 [A] SubmitQuery rid=req-944587819921875-1 preds=1
16:48:37 [A] rid=req-944587819921875-1 range_search matched=0 of 8372257 in 1ms
16:48:37 [A] smart-route rid=req-944587819921875-1 hit 1/9 owners; skipped: A B C D E F G I 
16:48:38 [A] rid=req-944587819921875-1 done; total=176243
16:48:38 [A] SubmitQuery rid=req-944588669867166-1 preds=1
16:48:38 [A] rid=req-944588669867166-1 range_search matched=0 of 8372257 in 1ms
16:48:38 [A] smart-route rid=req-944588669867166-1 hit 1/9 owners; skipped: A B C D E F G I 
16:48:39 [A] rid=req-944588669867166-1 done; total=176243
16:48:39 [A] SubmitQuery rid=req-944589492840833-1 preds=1
16:48:39 [A] rid=req-944589492840833-1 range_search matched=0 of 8372257 in 1ms
16:48:39 [A] smart-route rid=req-944589492840833-1 hit 1/9 owners; skipped: A B C D E F G I 
16:48:40 [A] rid=req-944589492840833-1 done; total=176243
16:48:40 [A] SubmitQuery rid=req-944590319194125-1 preds=1
16:48:40 [A] rid=req-944590319194125-1 range_search matched=0 of 8372257 in 1ms
16:48:40 [A] smart-route rid=req-944590319194125-1 hit 1/9 owners; skipped: A B C D E F G I 
16:48:47 [A] rid=req-944590319194125-1 done; total=1942731
16:48:47 [A] SubmitQuery rid=req-944597328513583-1 preds=1
16:48:47 [A] rid=req-944597328513583-1 range_search matched=0 of 8372257 in 1ms
16:48:47 [A] smart-route rid=req-944597328513583-1 hit 1/9 owners; skipped: A B C D E F G I 
16:48:54 [A] rid=req-944597328513583-1 done; total=1942731
16:48:54 [A] SubmitQuery rid=req-944604420361833-1 preds=1
16:48:54 [A] rid=req-944604420361833-1 range_search matched=0 of 8372257 in 1ms
16:48:54 [A] smart-route rid=req-944604420361833-1 hit 5/9 owners; skipped: A B H I 
16:49:57 [A] rid=req-944604420361833-1 done; total=34764991
16:49:57 [A] SubmitQuery rid=req-944667643762083-1 preds=1
16:49:57 [A] rid=req-944667643762083-1 range_search matched=0 of 8372257 in 1ms
16:49:57 [A] smart-route rid=req-944667643762083-1 hit 5/9 owners; skipped: A B H I 
16:51:00 [A] rid=req-944667643762083-1 done; total=34764991
16:51:01 [A] shutdown requested
