[launcher] node=A impl=cpp overlay=/Users/spartan/mini_2/config/overlay.yaml data=/Users/spartan/mini_2/data/partitions_consistent_hash
23:24:58 [A] loaded 7299081 rows from /Users/spartan/mini_2/data/partitions_consistent_hash/A.csv in 1993ms
23:24:58 [A] column range table: 17 columns in 38ms
23:24:58 [A] smart routing enabled: scheme=consistent_hash
[A] worker_threads=16
23:24:58 [A] listening on 0.0.0.0:50051 role=gateway team=blue
23:25:06 [A] SubmitQuery rid=req-1141176847403583-1 preds=1
23:25:06 [A] rid=req-1141176847403583-1 range_search matched=114931 of 7299081 in 3ms
23:25:06 [A] smart-route rid=req-1141176847403583-1 hit 6/9 owners; skipped: C F I 
23:25:16 [A] forward→H via H failed after retries: failed to connect to all addresses; last error: UNKNOWN: ipv4:192.168.50.1:50058: Failed to connect to remote host: Connection refused
23:25:16 [A] PullChunk→D failed: failed to connect to all addresses; last error: UNKNOWN: ipv4:192.168.50.2:50054: Failed to connect to remote host: Connection refused
23:25:16 [A] rid=req-1141176847403583-1 done; total=164065 owners_hit=4/6
23:25:18 [A] SubmitQuery rid=req-1141188680016291-1 preds=1
23:25:18 [A] rid=req-1141188680016291-1 range_search matched=114931 of 7299081 in 3ms
23:25:18 [A] smart-route rid=req-1141188680016291-1 hit 6/9 owners; skipped: C F I 
23:25:22 [A] PullChunk→D failed: failed to connect to all addresses; last error: UNKNOWN: ipv4:192.168.50.2:50054: Failed to connect to remote host: Connection refused
23:25:22 [A] rid=req-1141188680016291-1 done; total=176243 owners_hit=5/6
23:25:24 [A] SubmitQuery rid=req-1141194793803875-1 preds=1
23:25:24 [A] rid=req-1141194793803875-1 range_search matched=114931 of 7299081 in 3ms
23:25:24 [A] smart-route rid=req-1141194793803875-1 hit 6/9 owners; skipped: C F I 
23:25:25 [A] PullChunk→D failed: failed to connect to all addresses; last error: UNKNOWN: ipv4:192.168.50.2:50054: Failed to connect to remote host: Connection refused
23:25:25 [A] rid=req-1141194793803875-1 done; total=176243 owners_hit=5/6
23:25:27 [A] SubmitQuery rid=req-1141197314403458-1 preds=1
23:25:27 [A] rid=req-1141197314403458-1 range_search matched=114931 of 7299081 in 3ms
23:25:27 [A] smart-route rid=req-1141197314403458-1 hit 6/9 owners; skipped: C F I 
23:25:27 [A] PullChunk→D failed: failed to connect to all addresses; last error: UNKNOWN: ipv4:192.168.50.2:50054: Failed to connect to remote host: Connection refused
23:25:27 [A] rid=req-1141197314403458-1 done; total=176243 owners_hit=5/6
23:25:29 [A] SubmitQuery rid=req-1141199828480458-1 preds=1
23:25:29 [A] rid=req-1141199828480458-1 range_search matched=114931 of 7299081 in 5ms
23:25:29 [A] smart-route rid=req-1141199828480458-1 hit 6/9 owners; skipped: C F I 
23:25:30 [A] PullChunk→D failed: failed to connect to all addresses; last error: UNKNOWN: ipv4:192.168.50.2:50054: Failed to connect to remote host: Connection refused
23:25:30 [A] rid=req-1141199828480458-1 done; total=176243 owners_hit=5/6
23:25:32 [A] SubmitQuery rid=req-1141202427589250-1 preds=1
23:25:32 [A] rid=req-1141202427589250-1 range_search matched=114931 of 7299081 in 3ms
23:25:32 [A] smart-route rid=req-1141202427589250-1 hit 6/9 owners; skipped: C F I 
23:25:32 [A] PullChunk→D failed: failed to connect to all addresses; last error: UNKNOWN: ipv4:192.168.50.2:50054: Failed to connect to remote host: Connection refused
23:25:32 [A] rid=req-1141202427589250-1 done; total=176243 owners_hit=5/6
23:25:35 [A] SubmitQuery rid=req-1141205147017166-1 preds=1
23:25:35 [A] rid=req-1141205147017166-1 range_search matched=114931 of 7299081 in 3ms
23:25:35 [A] smart-route rid=req-1141205147017166-1 hit 6/9 owners; skipped: C F I 
23:25:35 [A] PullChunk→D failed: failed to connect to all addresses; last error: UNKNOWN: ipv4:192.168.50.2:50054: Failed to connect to remote host: Connection refused
23:25:35 [A] rid=req-1141205147017166-1 done; total=176243 owners_hit=5/6
23:25:37 [A] SubmitQuery rid=req-1141207868904083-1 preds=1
23:25:37 [A] rid=req-1141207868904083-1 range_search matched=114931 of 7299081 in 3ms
23:25:37 [A] smart-route rid=req-1141207868904083-1 hit 6/9 owners; skipped: C F I 
23:25:38 [A] PullChunk→D failed: failed to connect to all addresses; last error: UNKNOWN: ipv4:192.168.50.2:50054: Failed to connect to remote host: Connection refused
23:25:38 [A] rid=req-1141207868904083-1 done; total=176243 owners_hit=5/6
23:25:40 [A] SubmitQuery rid=req-1141210539092500-1 preds=1
23:25:40 [A] rid=req-1141210539092500-1 range_search matched=114931 of 7299081 in 3ms
23:25:40 [A] smart-route rid=req-1141210539092500-1 hit 6/9 owners; skipped: C F I 
23:25:40 [A] PullChunk→D failed: failed to connect to all addresses; last error: UNKNOWN: ipv4:192.168.50.2:50054: Failed to connect to remote host: Connection refused
23:25:40 [A] rid=req-1141210539092500-1 done; total=176243 owners_hit=5/6
23:25:43 [A] SubmitQuery rid=req-1141213181536250-1 preds=1
23:25:43 [A] rid=req-1141213181536250-1 range_search matched=114931 of 7299081 in 4ms
23:25:43 [A] smart-route rid=req-1141213181536250-1 hit 6/9 owners; skipped: C F I 
23:25:43 [A] PullChunk→D failed: failed to connect to all addresses; last error: UNKNOWN: ipv4:192.168.50.2:50054: Failed to connect to remote host: Connection refused
23:25:43 [A] rid=req-1141213181536250-1 done; total=176243 owners_hit=5/6
23:25:45 [A] SubmitQuery rid=req-1141215887578708-1 preds=1
23:25:45 [A] rid=req-1141215887578708-1 range_search matched=114931 of 7299081 in 4ms
23:25:45 [A] smart-route rid=req-1141215887578708-1 hit 6/9 owners; skipped: C F I 
23:25:46 [A] rid=req-1141215887578708-1 done; total=176243 owners_hit=6/6
23:25:46 [A] SubmitQuery rid=req-1141216412180333-1 preds=1
23:25:46 [A] rid=req-1141216412180333-1 range_search matched=114931 of 7299081 in 2ms
23:25:46 [A] smart-route rid=req-1141216412180333-1 hit 6/9 owners; skipped: C F I 
23:25:46 [A] rid=req-1141216412180333-1 done; total=176243 owners_hit=6/6
23:25:46 [A] SubmitQuery rid=req-1141216916706250-1 preds=1
23:25:46 [A] rid=req-1141216916706250-1 range_search matched=114931 of 7299081 in 3ms
23:25:46 [A] smart-route rid=req-1141216916706250-1 hit 6/9 owners; skipped: C F I 
23:25:47 [A] rid=req-1141216916706250-1 done; total=176243 owners_hit=6/6
23:25:47 [A] SubmitQuery rid=req-1141217432388375-1 preds=1
23:25:47 [A] rid=req-1141217432388375-1 range_search matched=162999 of 7299081 in 3ms
23:25:48 [A] rid=req-1141217432388375-1 done; total=1942731 owners_hit=9/9
23:25:49 [A] SubmitQuery rid=req-1141218993403916-1 preds=1
23:25:49 [A] rid=req-1141218993403916-1 range_search matched=162999 of 7299081 in 3ms
23:25:50 [A] rid=req-1141218993403916-1 done; total=1942731 owners_hit=9/9
23:25:50 [A] SubmitQuery rid=req-1141220551709125-1 preds=1
23:25:50 [A] rid=req-1141220551709125-1 range_search matched=3056213 of 7299081 in 17ms
23:26:10 [A] rid=req-1141220551709125-1 done; total=34764991 owners_hit=9/9
23:26:10 [A] SubmitQuery rid=req-1141240152732416-1 preds=1
23:26:10 [A] rid=req-1141240152732416-1 range_search matched=3056213 of 7299081 in 19ms
23:26:29 [A] rid=req-1141240152732416-1 done; total=34764991 owners_hit=9/9
23:26:29 [A] SubmitQuery rid=req-1141259867055958-1 preds=1
23:26:29 [A] rid=req-1141259867055958-1 range_search matched=7296147 of 7299081 in 50ms
23:27:07 [A] rid=req-1141259867055958-1 done; total=69973589 owners_hit=9/9
23:27:08 [A] SubmitQuery rid=req-1141298025343541-1 preds=1
23:27:08 [A] rid=req-1141298025343541-1 range_search matched=7296147 of 7299081 in 45ms
23:27:45 [A] rid=req-1141298025343541-1 done; total=69973589 owners_hit=9/9
23:27:45 [A] shutdown requested
