[launcher] node=B impl=cpp overlay=/Users/spartan/mini_2/config/overlay.yaml data=/Users/spartan/mini_2/data/partitions_consistent_hash
23:24:58 [B] loaded 8759742 rows from /Users/spartan/mini_2/data/partitions_consistent_hash/B.csv in 2343ms
23:24:58 [B] column range table: 17 columns in 31ms
[B] worker_threads=16
23:24:58 [B] listening on 0.0.0.0:50052 role=peer team=blue
23:25:06 [B] rid=req-1141176847403583-1 range_search matched=24510 of 8759742 in 3ms
23:25:06 [B] accepted forwarded query req-1141176847403583-1 (target=B)
23:25:18 [B] rid=req-1141188680016291-1 range_search matched=24510 of 8759742 in 4ms
23:25:18 [B] accepted forwarded query req-1141188680016291-1 (target=B)
23:25:24 [B] rid=req-1141194793803875-1 range_search matched=24510 of 8759742 in 3ms
23:25:24 [B] accepted forwarded query req-1141194793803875-1 (target=B)
23:25:27 [B] rid=req-1141197314403458-1 range_search matched=24510 of 8759742 in 3ms
23:25:27 [B] accepted forwarded query req-1141197314403458-1 (target=B)
23:25:29 [B] rid=req-1141199828480458-1 range_search matched=24510 of 8759742 in 5ms
23:25:29 [B] accepted forwarded query req-1141199828480458-1 (target=B)
23:25:32 [B] rid=req-1141202427589250-1 range_search matched=24510 of 8759742 in 3ms
23:25:32 [B] accepted forwarded query req-1141202427589250-1 (target=B)
23:25:35 [B] rid=req-1141205147017166-1 range_search matched=24510 of 8759742 in 3ms
23:25:35 [B] accepted forwarded query req-1141205147017166-1 (target=B)
23:25:37 [B] rid=req-1141207868904083-1 range_search matched=24510 of 8759742 in 3ms
23:25:37 [B] accepted forwarded query req-1141207868904083-1 (target=B)
23:25:40 [B] rid=req-1141210539092500-1 range_search matched=24510 of 8759742 in 4ms
23:25:40 [B] accepted forwarded query req-1141210539092500-1 (target=B)
23:25:43 [B] rid=req-1141213181536250-1 range_search matched=24510 of 8759742 in 4ms
23:25:43 [B] accepted forwarded query req-1141213181536250-1 (target=B)
23:25:45 [B] rid=req-1141215887578708-1 range_search matched=24510 of 8759742 in 2ms
23:25:45 [B] accepted forwarded query req-1141215887578708-1 (target=B)
23:25:46 [B] rid=req-1141216412180333-1 range_search matched=24510 of 8759742 in 2ms
23:25:46 [B] accepted forwarded query req-1141216412180333-1 (target=B)
23:25:46 [B] rid=req-1141216916706250-1 range_search matched=24510 of 8759742 in 2ms
23:25:46 [B] accepted forwarded query req-1141216916706250-1 (target=B)
23:25:47 [B] rid=req-1141217432388375-1 range_search matched=158462 of 8759742 in 3ms
23:25:47 [B] accepted forwarded query req-1141217432388375-1 (target=B)
23:25:49 [B] rid=req-1141218993403916-1 range_search matched=158462 of 8759742 in 3ms
23:25:49 [B] accepted forwarded query req-1141218993403916-1 (target=B)
23:25:50 [B] rid=req-1141220551709125-1 range_search matched=6259491 of 8759742 in 22ms
23:25:50 [B] accepted forwarded query req-1141220551709125-1 (target=B)
23:26:10 [B] rid=req-1141240152732416-1 range_search matched=6259491 of 8759742 in 21ms
23:26:10 [B] accepted forwarded query req-1141240152732416-1 (target=B)
23:26:29 [B] rid=req-1141259867055958-1 range_search matched=8756613 of 8759742 in 34ms
23:26:29 [B] accepted forwarded query req-1141259867055958-1 (target=B)
23:27:08 [B] rid=req-1141298025343541-1 range_search matched=8756613 of 8759742 in 42ms
23:27:08 [B] accepted forwarded query req-1141298025343541-1 (target=B)
23:27:45 [B] shutdown requested
