[launcher] node=E impl=cpp overlay=/Users/spartan/mini_2/config/overlay.yaml data=/Users/spartan/mini_2/data/partitions_consistent_hash
23:24:57 [E] loaded 8937454 rows from /Users/spartan/mini_2/data/partitions_consistent_hash/E.csv in 1393ms
23:24:57 [E] column range table: 17 columns in 31ms
[E] worker_threads=16
23:24:57 [E] listening on 0.0.0.0:50055 role=peer team=yellow
23:25:06 [E] rid=req-1141176847403583-1 range_search matched=12396 of 8937454 in 7ms
23:25:06 [E] accepted forwarded query req-1141176847403583-1 (target=E)
23:25:18 [E] rid=req-1141188680016291-1 range_search matched=12396 of 8937454 in 8ms
23:25:18 [E] accepted forwarded query req-1141188680016291-1 (target=E)
23:25:24 [E] rid=req-1141194793803875-1 range_search matched=12396 of 8937454 in 3ms
23:25:24 [E] accepted forwarded query req-1141194793803875-1 (target=E)
23:25:27 [E] rid=req-1141197314403458-1 range_search matched=12396 of 8937454 in 3ms
23:25:27 [E] accepted forwarded query req-1141197314403458-1 (target=E)
23:25:29 [E] rid=req-1141199828480458-1 range_search matched=12396 of 8937454 in 6ms
23:25:29 [E] accepted forwarded query req-1141199828480458-1 (target=E)
23:25:32 [E] rid=req-1141202427589250-1 range_search matched=12396 of 8937454 in 3ms
23:25:32 [E] accepted forwarded query req-1141202427589250-1 (target=E)
23:25:35 [E] rid=req-1141205147017166-1 range_search matched=12396 of 8937454 in 3ms
23:25:35 [E] accepted forwarded query req-1141205147017166-1 (target=E)
23:25:37 [E] rid=req-1141207868904083-1 range_search matched=12396 of 8937454 in 3ms
23:25:37 [E] accepted forwarded query req-1141207868904083-1 (target=E)
23:25:40 [E] rid=req-1141210539092500-1 range_search matched=12396 of 8937454 in 3ms
23:25:40 [E] accepted forwarded query req-1141210539092500-1 (target=E)
23:25:43 [E] rid=req-1141213181536250-1 range_search matched=12396 of 8937454 in 5ms
23:25:43 [E] accepted forwarded query req-1141213181536250-1 (target=E)
23:25:45 [E] rid=req-1141215887578708-1 range_search matched=12396 of 8937454 in 4ms
23:25:45 [E] accepted forwarded query req-1141215887578708-1 (target=E)
23:25:46 [E] rid=req-1141216412180333-1 range_search matched=12396 of 8937454 in 3ms
23:25:46 [E] accepted forwarded query req-1141216412180333-1 (target=E)
23:25:46 [E] rid=req-1141216916706250-1 range_search matched=12396 of 8937454 in 3ms
23:25:46 [E] accepted forwarded query req-1141216916706250-1 (target=E)
23:25:47 [E] rid=req-1141217432388375-1 range_search matched=262177 of 8937454 in 7ms
23:25:47 [E] accepted forwarded query req-1141217432388375-1 (target=E)
23:25:49 [E] rid=req-1141218993403916-1 range_search matched=262177 of 8937454 in 4ms
23:25:49 [E] accepted forwarded query req-1141218993403916-1 (target=E)
23:25:50 [E] rid=req-1141220551709125-1 range_search matched=3833145 of 8937454 in 19ms
23:25:50 [E] accepted forwarded query req-1141220551709125-1 (target=E)
23:26:10 [E] rid=req-1141240152732416-1 range_search matched=3833145 of 8937454 in 26ms
23:26:10 [E] accepted forwarded query req-1141240152732416-1 (target=E)
23:26:30 [E] rid=req-1141259867055958-1 range_search matched=8934421 of 8937454 in 40ms
23:26:30 [E] accepted forwarded query req-1141259867055958-1 (target=E)
23:27:08 [E] rid=req-1141298025343541-1 range_search matched=8934421 of 8937454 in 36ms
23:27:08 [E] accepted forwarded query req-1141298025343541-1 (target=E)
23:27:45 [E] shutdown requested
