[launcher] node=A impl=cpp overlay=/Users/spartan/mini_2/config/overlay.yaml data=/Users/spartan/mini_2/data/partitions_trip_distance
17:10:57 [A] loaded 8372257 rows from /Users/spartan/mini_2/data/partitions_trip_distance/A.csv
17:10:57 [A] smart routing enabled: scheme=trip_distance
[A] worker_threads=8
17:10:57 [A] listening on 0.0.0.0:50051 role=gateway team=blue
17:11:02 [A] SubmitQuery rid=req-945931878895666-1 preds=1
17:11:02 [A] rid=req-945931878895666-1 range_search matched=0 of 8372257 in 2ms
17:11:02 [A] smart-route rid=req-945931878895666-1 hit 1/9 owners; skipped: A B C D E F G I 
17:11:02 [A] rid=req-945931878895666-1 done; total=176243
17:11:02 [A] SubmitQuery rid=req-945932675498875-1 preds=1
17:11:02 [A] rid=req-945932675498875-1 range_search matched=0 of 8372257 in 1ms
17:11:02 [A] smart-route rid=req-945932675498875-1 hit 1/9 owners; skipped: A B C D E F G I 
17:11:09 [A] rid=req-945932675498875-1 done; total=1942731
17:11:09 [A] SubmitQuery rid=req-945939459370666-1 preds=1
17:11:09 [A] rid=req-945939459370666-1 range_search matched=0 of 8372257 in 1ms
17:11:09 [A] smart-route rid=req-945939459370666-1 hit 1/9 owners; skipped: A B C D E F G I 
17:11:16 [A] rid=req-945939459370666-1 done; total=1942731
17:11:16 [A] SubmitQuery rid=req-945946326858208-1 preds=1
17:11:16 [A] rid=req-945946326858208-1 range_search matched=0 of 8372257 in 1ms
17:11:16 [A] smart-route rid=req-945946326858208-1 hit 5/9 owners; skipped: A B H I 
17:12:21 [A] rid=req-945946326858208-1 done; total=34764991
17:12:21 [A] SubmitQuery rid=req-946011169130416-1 preds=1
17:12:21 [A] rid=req-946011169130416-1 range_search matched=0 of 8372257 in 16ms
17:12:21 [A] smart-route rid=req-946011169130416-1 hit 5/9 owners; skipped: A B H I 
17:13:31 [A] rid=req-946011169130416-1 done; total=34764991
17:13:31 [A] shutdown requested
