[launcher] node=C impl=cpp overlay=/Users/spartan/mini_2/config/topo/tree.yaml data=/Users/spartan/mini_2/data/partitions
16:34:03 [C] loaded 3333334 rows from /Users/spartan/mini_2/data/partitions/C.csv
16:34:03 [C] listening on 0.0.0.0:50053 role=peer team=yellow
16:34:03 [C] rid=req-857313709850708-1 range_search matched=0 of 3333334 in 1ms
16:34:03 [C] accepted forwarded query req-857313709850708-1 (target=C)
16:34:08 [C] rid=req-857317854309125-1 range_search matched=8170 of 3333334 in 1ms
16:34:08 [C] accepted forwarded query req-857317854309125-1 (target=C)
16:34:08 [C] rid=req-857317960612416-1 range_search matched=8170 of 3333334 in 1ms
16:34:08 [C] accepted forwarded query req-857317960612416-1 (target=C)
16:34:08 [C] rid=req-857318063665875-1 range_search matched=8170 of 3333334 in 1ms
16:34:08 [C] accepted forwarded query req-857318063665875-1 (target=C)
16:34:08 [C] rid=req-857318166938333-1 range_search matched=8170 of 3333334 in 1ms
16:34:08 [C] accepted forwarded query req-857318166938333-1 (target=C)
16:34:08 [C] rid=req-857318166953041-2 range_search matched=8170 of 3333334 in 1ms
16:34:08 [C] accepted forwarded query req-857318166953041-2 (target=C)
16:34:08 [C] rid=req-857318271379125-1 range_search matched=8170 of 3333334 in 1ms
16:34:08 [C] accepted forwarded query req-857318271379125-1 (target=C)
16:34:08 [C] rid=req-857318271382750-2 range_search matched=8170 of 3333334 in 1ms
16:34:08 [C] accepted forwarded query req-857318271382750-2 (target=C)
16:34:08 [C] rid=req-857318379541875-1 range_search matched=8170 of 3333334 in 1ms
16:34:08 [C] accepted forwarded query req-857318379541875-1 (target=C)
16:34:08 [C] rid=req-857318379545208-2 range_search matched=8170 of 3333334 in 1ms
16:34:08 [C] accepted forwarded query req-857318379545208-2 (target=C)
16:34:08 [C] rid=req-857318484254500-1 range_search matched=8170 of 3333334 in 1ms
16:34:08 [C] accepted forwarded query req-857318484254500-1 (target=C)
16:34:08 [C] rid=req-857318484270250-3 range_search matched=8170 of 3333334 in 1ms
16:34:08 [C] accepted forwarded query req-857318484270250-3 (target=C)
16:34:08 [C] rid=req-857318484272416-4 range_search matched=8170 of 3333334 in 1ms
16:34:08 [C] accepted forwarded query req-857318484272416-4 (target=C)
16:34:08 [C] rid=req-857318484263375-2 range_search matched=8170 of 3333334 in 1ms
16:34:08 [C] accepted forwarded query req-857318484263375-2 (target=C)
16:34:08 [C] rid=req-857318594389208-1 range_search matched=8170 of 3333334 in 1ms
16:34:08 [C] accepted forwarded query req-857318594389208-1 (target=C)
16:34:08 [C] rid=req-857318594402541-3 range_search matched=8170 of 3333334 in 1ms
16:34:08 [C] accepted forwarded query req-857318594402541-3 (target=C)
16:34:08 [C] rid=req-857318594393375-2 range_search matched=8170 of 3333334 in 1ms
16:34:08 [C] accepted forwarded query req-857318594393375-2 (target=C)
16:34:08 [C] rid=req-857318594410291-4 range_search matched=8170 of 3333334 in 1ms
16:34:08 [C] accepted forwarded query req-857318594410291-4 (target=C)
16:34:08 [C] rid=req-857318704772833-1 range_search matched=8170 of 3333334 in 1ms
16:34:08 [C] accepted forwarded query req-857318704772833-1 (target=C)
16:34:08 [C] rid=req-857318704777041-2 range_search matched=8170 of 3333334 in 1ms
16:34:08 [C] accepted forwarded query req-857318704777041-2 (target=C)
16:34:08 [C] rid=req-857318704801916-4 range_search matched=8170 of 3333334 in 1ms
16:34:08 [C] accepted forwarded query req-857318704801916-4 (target=C)
16:34:08 [C] rid=req-857318704789500-3 range_search matched=8170 of 3333334 in 1ms
16:34:08 [C] accepted forwarded query req-857318704789500-3 (target=C)
16:34:09 [C] rid=req-857318818293083-1 range_search matched=90957 of 3333334 in 1ms
16:34:09 [C] accepted forwarded query req-857318818293083-1 (target=C)
16:34:09 [C] rid=req-857319257583041-1 range_search matched=90957 of 3333334 in 1ms
16:34:09 [C] accepted forwarded query req-857319257583041-1 (target=C)
16:34:09 [C] rid=req-857319663262333-1 range_search matched=90957 of 3333334 in 1ms
16:34:09 [C] accepted forwarded query req-857319663262333-1 (target=C)
16:34:10 [C] rid=req-857320053739875-1 range_search matched=90957 of 3333334 in 1ms
16:34:10 [C] accepted forwarded query req-857320053739875-1 (target=C)
16:34:10 [C] rid=req-857320053745416-2 range_search matched=90957 of 3333334 in 1ms
16:34:10 [C] accepted forwarded query req-857320053745416-2 (target=C)
16:34:10 [C] rid=req-857320652833291-2 range_search matched=90957 of 3333334 in 1ms
16:34:10 [C] accepted forwarded query req-857320652833291-2 (target=C)
16:34:10 [C] rid=req-857320652830333-1 range_search matched=90957 of 3333334 in 1ms
16:34:10 [C] accepted forwarded query req-857320652830333-1 (target=C)
16:34:11 [C] rid=req-857321242969083-1 range_search matched=90957 of 3333334 in 1ms
16:34:11 [C] accepted forwarded query req-857321242969083-1 (target=C)
16:34:11 [C] rid=req-857321242972666-2 range_search matched=90957 of 3333334 in 1ms
16:34:11 [C] accepted forwarded query req-857321242972666-2 (target=C)
16:34:12 [C] rid=req-857321857803708-1 range_search matched=90957 of 3333334 in 1ms
16:34:12 [C] accepted forwarded query req-857321857803708-1 (target=C)
16:34:12 [C] rid=req-857321857817916-3 range_search matched=90957 of 3333334 in 1ms
16:34:12 [C] accepted forwarded query req-857321857817916-3 (target=C)
16:34:12 [C] rid=req-857321857806791-2 range_search matched=90957 of 3333334 in 2ms
16:34:12 [C] accepted forwarded query req-857321857806791-2 (target=C)
16:34:12 [C] rid=req-857321857822916-4 range_search matched=90957 of 3333334 in 2ms
16:34:12 [C] accepted forwarded query req-857321857822916-4 (target=C)
16:34:13 [C] rid=req-857322880992916-1 range_search matched=90957 of 3333334 in 1ms
16:34:13 [C] accepted forwarded query req-857322880992916-1 (target=C)
16:34:13 [C] rid=req-857322881009041-2 range_search matched=90957 of 3333334 in 1ms
16:34:13 [C] accepted forwarded query req-857322881009041-2 (target=C)
16:34:13 [C] rid=req-857322881014041-4 range_search matched=90957 of 3333334 in 2ms
16:34:13 [C] accepted forwarded query req-857322881014041-4 (target=C)
16:34:13 [C] rid=req-857322881008875-3 range_search matched=90957 of 3333334 in 1ms
16:34:13 [C] accepted forwarded query req-857322881008875-3 (target=C)
16:34:14 [C] rid=req-857323902445875-1 range_search matched=90957 of 3333334 in 1ms
16:34:14 [C] accepted forwarded query req-857323902445875-1 (target=C)
16:34:14 [C] rid=req-857323902458500-4 range_search matched=90957 of 3333334 in 1ms
16:34:14 [C] accepted forwarded query req-857323902458500-4 (target=C)
16:34:14 [C] rid=req-857323902449625-2 range_search matched=90957 of 3333334 in 1ms
16:34:14 [C] accepted forwarded query req-857323902449625-2 (target=C)
16:34:14 [C] rid=req-857323902457583-3 range_search matched=90957 of 3333334 in 2ms
16:34:14 [C] accepted forwarded query req-857323902457583-3 (target=C)
16:34:15 [C] rid=req-857324907564375-1 range_search matched=1660920 of 3333334 in 5ms
16:34:15 [C] accepted forwarded query req-857324907564375-1 (target=C)
16:34:20 [C] rid=req-857330098138166-1 range_search matched=1660920 of 3333334 in 5ms
16:34:20 [C] accepted forwarded query req-857330098138166-1 (target=C)
16:34:25 [C] rid=req-857335394249333-1 range_search matched=1660920 of 3333334 in 5ms
16:34:25 [C] accepted forwarded query req-857335394249333-1 (target=C)
16:34:30 [C] rid=req-857340748332875-2 range_search matched=1660920 of 3333334 in 4ms
16:34:30 [C] accepted forwarded query req-857340748332875-2 (target=C)
16:34:30 [C] rid=req-857340748330041-1 range_search matched=1660920 of 3333334 in 6ms
16:34:30 [C] accepted forwarded query req-857340748330041-1 (target=C)
16:34:40 [C] rid=req-857350127026000-1 range_search matched=1660920 of 3333334 in 6ms
16:34:40 [C] accepted forwarded query req-857350127026000-1 (target=C)
16:34:40 [C] rid=req-857350127043166-2 range_search matched=1660920 of 3333334 in 5ms
16:34:40 [C] accepted forwarded query req-857350127043166-2 (target=C)
16:34:49 [C] rid=req-857359576582750-1 range_search matched=1660920 of 3333334 in 5ms
16:34:49 [C] accepted forwarded query req-857359576582750-1 (target=C)
16:34:49 [C] rid=req-857359576590708-2 range_search matched=1660920 of 3333334 in 5ms
16:34:49 [C] accepted forwarded query req-857359576590708-2 (target=C)
16:34:59 [C] rid=req-857369299494833-4 range_search matched=1660920 of 3333334 in 5ms
16:34:59 [C] accepted forwarded query req-857369299494833-4 (target=C)
16:34:59 [C] rid=req-857369299475666-1 range_search matched=1660920 of 3333334 in 5ms
16:34:59 [C] accepted forwarded query req-857369299475666-1 (target=C)
16:34:59 [C] rid=req-857369299487208-3 range_search matched=1660920 of 3333334 in 5ms
16:34:59 [C] accepted forwarded query req-857369299487208-3 (target=C)
16:34:59 [C] rid=req-857369299485041-2 range_search matched=1660920 of 3333334 in 6ms
16:34:59 [C] accepted forwarded query req-857369299485041-2 (target=C)
16:35:19 [C] rid=req-857388889911416-1 range_search matched=1660920 of 3333334 in 9ms
16:35:19 [C] accepted forwarded query req-857388889911416-1 (target=C)
16:35:19 [C] rid=req-857388889916500-2 range_search matched=1660920 of 3333334 in 8ms
16:35:19 [C] accepted forwarded query req-857388889916500-2 (target=C)
16:35:19 [C] rid=req-857388889927333-3 range_search matched=1660920 of 3333334 in 24ms
16:35:19 [C] accepted forwarded query req-857388889927333-3 (target=C)
16:35:19 [C] rid=req-857388889934916-4 range_search matched=1660920 of 3333334 in 9ms
16:35:19 [C] accepted forwarded query req-857388889934916-4 (target=C)
16:35:39 [C] rid=req-857409292876291-1 range_search matched=1660920 of 3333334 in 8ms
16:35:39 [C] accepted forwarded query req-857409292876291-1 (target=C)
16:35:39 [C] rid=req-857409292882333-2 range_search matched=1660920 of 3333334 in 7ms
16:35:39 [C] accepted forwarded query req-857409292882333-2 (target=C)
16:35:39 [C] rid=req-857409292893250-3 range_search matched=1660920 of 3333334 in 7ms
16:35:39 [C] accepted forwarded query req-857409292893250-3 (target=C)
16:35:39 [C] rid=req-857409292908250-4 range_search matched=1660920 of 3333334 in 7ms
16:35:39 [C] accepted forwarded query req-857409292908250-4 (target=C)
16:36:00 [C] rid=req-857429955282291-1 range_search matched=3332049 of 3333334 in 17ms
16:36:00 [C] accepted forwarded query req-857429955282291-1 (target=C)
16:36:12 [C] rid=req-857442324635250-1 range_search matched=3332049 of 3333334 in 6ms
16:36:12 [C] accepted forwarded query req-857442324635250-1 (target=C)
16:36:24 [C] rid=req-857454300465083-1 range_search matched=3332049 of 3333334 in 10ms
16:36:24 [C] accepted forwarded query req-857454300465083-1 (target=C)
16:36:36 [C] rid=req-857466351258791-1 range_search matched=3332049 of 3333334 in 12ms
16:36:36 [C] accepted forwarded query req-857466351258791-1 (target=C)
16:36:36 [C] rid=req-857466351262958-2 range_search matched=3332049 of 3333334 in 7ms
16:36:36 [C] accepted forwarded query req-857466351262958-2 (target=C)
16:36:58 [C] rid=req-857487798730541-2 range_search matched=3332049 of 3333334 in 19ms
16:36:58 [C] accepted forwarded query req-857487798730541-2 (target=C)
16:36:58 [C] rid=req-857487798724625-1 range_search matched=3332049 of 3333334 in 10ms
16:36:58 [C] accepted forwarded query req-857487798724625-1 (target=C)
16:37:20 [C] rid=req-857510058372125-2 range_search matched=3332049 of 3333334 in 21ms
16:37:20 [C] accepted forwarded query req-857510058372125-2 (target=C)
16:37:20 [C] rid=req-857510058364458-1 range_search matched=3332049 of 3333334 in 18ms
16:37:20 [C] accepted forwarded query req-857510058364458-1 (target=C)
16:37:42 [C] rid=req-857532342330000-2 range_search matched=3332049 of 3333334 in 26ms
16:37:42 [C] accepted forwarded query req-857532342330000-2 (target=C)
16:37:42 [C] rid=req-857532342315750-1 range_search matched=3332049 of 3333334 in 17ms
16:37:42 [C] accepted forwarded query req-857532342315750-1 (target=C)
16:37:42 [C] rid=req-857532342339833-4 range_search matched=3332049 of 3333334 in 8ms
16:37:42 [C] accepted forwarded query req-857532342339833-4 (target=C)
16:37:42 [C] rid=req-857532342332958-3 range_search matched=3332049 of 3333334 in 7ms
16:37:42 [C] accepted forwarded query req-857532342332958-3 (target=C)
16:38:26 [C] rid=req-857576317141458-1 range_search matched=3332049 of 3333334 in 52ms
16:38:26 [C] accepted forwarded query req-857576317141458-1 (target=C)
16:38:26 [C] rid=req-857576317152375-2 range_search matched=3332049 of 3333334 in 13ms
16:38:26 [C] accepted forwarded query req-857576317152375-2 (target=C)
16:38:26 [C] rid=req-857576317181791-3 range_search matched=3332049 of 3333334 in 16ms
16:38:26 [C] accepted forwarded query req-857576317181791-3 (target=C)
16:38:26 [C] rid=req-857576317202041-4 range_search matched=3332049 of 3333334 in 17ms
16:38:26 [C] accepted forwarded query req-857576317202041-4 (target=C)
16:39:12 [C] rid=req-857622136548875-3 range_search matched=3332049 of 3333334 in 15ms
16:39:12 [C] accepted forwarded query req-857622136548875-3 (target=C)
16:39:12 [C] rid=req-857622136533916-1 range_search matched=3332049 of 3333334 in 15ms
16:39:12 [C] accepted forwarded query req-857622136533916-1 (target=C)
16:39:12 [C] rid=req-857622136575625-4 range_search matched=3332049 of 3333334 in 15ms
16:39:12 [C] accepted forwarded query req-857622136575625-4 (target=C)
16:39:12 [C] rid=req-857622136547083-2 range_search matched=3332049 of 3333334 in 14ms
16:39:12 [C] accepted forwarded query req-857622136547083-2 (target=C)
16:40:00 [C] shutdown requested
