[launcher] node=D impl=python overlay=/Users/spartan/mini_2/config/topo/tree.yaml data=/Users/spartan/mini_2/data/partitions
2026-05-08 16:34:06,587 INFO mini2.node: [D] loaded 3333334 partition rows from /Users/spartan/mini_2/data/partitions/D.csv
2026-05-08 16:34:06,618 INFO mini2.node: [D] Python node listening on 0.0.0.0:50054 (advertised 192.168.50.2:50054), role=peer team=blue
2026-05-08 16:34:09,043 INFO mini2.node: [D] rid=req-857318818293083-1 range_search matched=90785 of 3333334 in 6.80 ms
2026-05-08 16:34:09,043 INFO mini2.node: [D] accepted forwarded query req-857318818293083-1 (target=D)
2026-05-08 16:34:09,478 INFO mini2.node: [D] rid=req-857319257583041-1 range_search matched=90785 of 3333334 in 3.45 ms
2026-05-08 16:34:09,478 INFO mini2.node: [D] accepted forwarded query req-857319257583041-1 (target=D)
2026-05-08 16:34:09,884 INFO mini2.node: [D] rid=req-857319663262333-1 range_search matched=90785 of 3333334 in 3.53 ms
2026-05-08 16:34:09,884 INFO mini2.node: [D] accepted forwarded query req-857319663262333-1 (target=D)
2026-05-08 16:34:10,275 INFO mini2.node: [D] rid=req-857320053739875-1 range_search matched=90785 of 3333334 in 3.15 ms
2026-05-08 16:34:10,275 INFO mini2.node: [D] accepted forwarded query req-857320053739875-1 (target=D)
2026-05-08 16:34:10,279 INFO mini2.node: [D] rid=req-857320053745416-2 range_search matched=90785 of 3333334 in 3.36 ms
2026-05-08 16:34:10,279 INFO mini2.node: [D] accepted forwarded query req-857320053745416-2 (target=D)
2026-05-08 16:34:10,874 INFO mini2.node: [D] rid=req-857320652833291-2 range_search matched=90785 of 3333334 in 2.87 ms
2026-05-08 16:34:10,874 INFO mini2.node: [D] accepted forwarded query req-857320652833291-2 (target=D)
2026-05-08 16:34:10,878 INFO mini2.node: [D] rid=req-857320652830333-1 range_search matched=90785 of 3333334 in 3.25 ms
2026-05-08 16:34:10,878 INFO mini2.node: [D] accepted forwarded query req-857320652830333-1 (target=D)
2026-05-08 16:34:11,465 INFO mini2.node: [D] rid=req-857321242969083-1 range_search matched=90785 of 3333334 in 2.89 ms
2026-05-08 16:34:11,465 INFO mini2.node: [D] accepted forwarded query req-857321242969083-1 (target=D)
2026-05-08 16:34:11,468 INFO mini2.node: [D] rid=req-857321242972666-2 range_search matched=90785 of 3333334 in 2.93 ms
2026-05-08 16:34:11,468 INFO mini2.node: [D] accepted forwarded query req-857321242972666-2 (target=D)
2026-05-08 16:34:12,080 INFO mini2.node: [D] rid=req-857321857803708-1 range_search matched=90785 of 3333334 in 3.61 ms
2026-05-08 16:34:12,080 INFO mini2.node: [D] accepted forwarded query req-857321857803708-1 (target=D)
2026-05-08 16:34:12,083 INFO mini2.node: [D] rid=req-857321857817916-3 range_search matched=90785 of 3333334 in 3.21 ms
2026-05-08 16:34:12,083 INFO mini2.node: [D] accepted forwarded query req-857321857817916-3 (target=D)
2026-05-08 16:34:12,087 INFO mini2.node: [D] rid=req-857321857806791-2 range_search matched=90785 of 3333334 in 3.27 ms
2026-05-08 16:34:12,087 INFO mini2.node: [D] accepted forwarded query req-857321857806791-2 (target=D)
2026-05-08 16:34:12,090 INFO mini2.node: [D] rid=req-857321857822916-4 range_search matched=90785 of 3333334 in 3.25 ms
2026-05-08 16:34:12,090 INFO mini2.node: [D] accepted forwarded query req-857321857822916-4 (target=D)
2026-05-08 16:34:13,104 INFO mini2.node: [D] rid=req-857322880992916-1 range_search matched=90785 of 3333334 in 3.59 ms
2026-05-08 16:34:13,104 INFO mini2.node: [D] accepted forwarded query req-857322880992916-1 (target=D)
2026-05-08 16:34:13,107 INFO mini2.node: [D] rid=req-857322881009041-2 range_search matched=90785 of 3333334 in 3.01 ms
2026-05-08 16:34:13,107 INFO mini2.node: [D] accepted forwarded query req-857322881009041-2 (target=D)
2026-05-08 16:34:13,111 INFO mini2.node: [D] rid=req-857322881014041-4 range_search matched=90785 of 3333334 in 3.24 ms
2026-05-08 16:34:13,111 INFO mini2.node: [D] accepted forwarded query req-857322881014041-4 (target=D)
2026-05-08 16:34:13,114 INFO mini2.node: [D] rid=req-857322881008875-3 range_search matched=90785 of 3333334 in 3.18 ms
2026-05-08 16:34:13,114 INFO mini2.node: [D] accepted forwarded query req-857322881008875-3 (target=D)
2026-05-08 16:34:14,125 INFO mini2.node: [D] rid=req-857323902445875-1 range_search matched=90785 of 3333334 in 3.55 ms
2026-05-08 16:34:14,125 INFO mini2.node: [D] accepted forwarded query req-857323902445875-1 (target=D)
2026-05-08 16:34:14,128 INFO mini2.node: [D] rid=req-857323902458500-4 range_search matched=90785 of 3333334 in 3.29 ms
2026-05-08 16:34:14,128 INFO mini2.node: [D] accepted forwarded query req-857323902458500-4 (target=D)
2026-05-08 16:34:14,132 INFO mini2.node: [D] rid=req-857323902449625-2 range_search matched=90785 of 3333334 in 3.23 ms
2026-05-08 16:34:14,132 INFO mini2.node: [D] accepted forwarded query req-857323902449625-2 (target=D)
2026-05-08 16:34:14,135 INFO mini2.node: [D] rid=req-857323902457583-3 range_search matched=90785 of 3333334 in 3.15 ms
2026-05-08 16:34:14,135 INFO mini2.node: [D] accepted forwarded query req-857323902457583-3 (target=D)
2026-05-08 16:34:15,132 INFO mini2.node: [D] rid=req-857324907564375-1 range_search matched=1660503 of 3333334 in 3.17 ms
2026-05-08 16:34:15,133 INFO mini2.node: [D] accepted forwarded query req-857324907564375-1 (target=D)
2026-05-08 16:34:20,323 INFO mini2.node: [D] rid=req-857330098138166-1 range_search matched=1660503 of 3333334 in 3.90 ms
2026-05-08 16:34:20,323 INFO mini2.node: [D] accepted forwarded query req-857330098138166-1 (target=D)
2026-05-08 16:34:25,620 INFO mini2.node: [D] rid=req-857335394249333-1 range_search matched=1660503 of 3333334 in 3.92 ms
2026-05-08 16:34:25,620 INFO mini2.node: [D] accepted forwarded query req-857335394249333-1 (target=D)
2026-05-08 16:34:30,977 INFO mini2.node: [D] rid=req-857340748332875-2 range_search matched=1660503 of 3333334 in 3.73 ms
2026-05-08 16:34:30,977 INFO mini2.node: [D] accepted forwarded query req-857340748332875-2 (target=D)
2026-05-08 16:34:30,980 INFO mini2.node: [D] rid=req-857340748330041-1 range_search matched=1660503 of 3333334 in 3.56 ms
2026-05-08 16:34:30,981 INFO mini2.node: [D] accepted forwarded query req-857340748330041-1 (target=D)
2026-05-08 16:34:40,356 INFO mini2.node: [D] rid=req-857350127026000-1 range_search matched=1660503 of 3333334 in 3.12 ms
2026-05-08 16:34:40,356 INFO mini2.node: [D] accepted forwarded query req-857350127026000-1 (target=D)
2026-05-08 16:34:40,359 INFO mini2.node: [D] rid=req-857350127043166-2 range_search matched=1660503 of 3333334 in 2.88 ms
2026-05-08 16:34:40,359 INFO mini2.node: [D] accepted forwarded query req-857350127043166-2 (target=D)
2026-05-08 16:34:49,806 INFO mini2.node: [D] rid=req-857359576582750-1 range_search matched=1660503 of 3333334 in 4.22 ms
2026-05-08 16:34:49,806 INFO mini2.node: [D] accepted forwarded query req-857359576582750-1 (target=D)
2026-05-08 16:34:49,810 INFO mini2.node: [D] rid=req-857359576590708-2 range_search matched=1660503 of 3333334 in 3.82 ms
2026-05-08 16:34:49,810 INFO mini2.node: [D] accepted forwarded query req-857359576590708-2 (target=D)
2026-05-08 16:34:59,530 INFO mini2.node: [D] rid=req-857369299494833-4 range_search matched=1660503 of 3333334 in 5.02 ms
2026-05-08 16:34:59,530 INFO mini2.node: [D] accepted forwarded query req-857369299494833-4 (target=D)
2026-05-08 16:34:59,608 INFO mini2.node: [D] rid=req-857369299475666-1 range_search matched=1660503 of 3333334 in 3.40 ms
2026-05-08 16:34:59,608 INFO mini2.node: [D] accepted forwarded query req-857369299475666-1 (target=D)
2026-05-08 16:34:59,612 INFO mini2.node: [D] rid=req-857369299487208-3 range_search matched=1660503 of 3333334 in 3.25 ms
2026-05-08 16:34:59,612 INFO mini2.node: [D] accepted forwarded query req-857369299487208-3 (target=D)
2026-05-08 16:34:59,615 INFO mini2.node: [D] rid=req-857369299485041-2 range_search matched=1660503 of 3333334 in 2.81 ms
2026-05-08 16:34:59,615 INFO mini2.node: [D] accepted forwarded query req-857369299485041-2 (target=D)
2026-05-08 16:35:19,151 INFO mini2.node: [D] rid=req-857388889911416-1 range_search matched=1660503 of 3333334 in 31.60 ms
2026-05-08 16:35:19,152 INFO mini2.node: [D] accepted forwarded query req-857388889911416-1 (target=D)
2026-05-08 16:35:19,159 INFO mini2.node: [D] rid=req-857388889916500-2 range_search matched=1660503 of 3333334 in 7.45 ms
2026-05-08 16:35:19,159 INFO mini2.node: [D] accepted forwarded query req-857388889916500-2 (target=D)
2026-05-08 16:35:19,163 INFO mini2.node: [D] rid=req-857388889927333-3 range_search matched=1660503 of 3333334 in 3.87 ms
2026-05-08 16:35:19,163 INFO mini2.node: [D] accepted forwarded query req-857388889927333-3 (target=D)
2026-05-08 16:35:19,173 INFO mini2.node: [D] rid=req-857388889934916-4 range_search matched=1660503 of 3333334 in 5.59 ms
2026-05-08 16:35:19,173 INFO mini2.node: [D] accepted forwarded query req-857388889934916-4 (target=D)
2026-05-08 16:35:39,530 INFO mini2.node: [D] rid=req-857409292876291-1 range_search matched=1660503 of 3333334 in 9.03 ms
2026-05-08 16:35:39,530 INFO mini2.node: [D] accepted forwarded query req-857409292876291-1 (target=D)
2026-05-08 16:35:39,535 INFO mini2.node: [D] rid=req-857409292882333-2 range_search matched=1660503 of 3333334 in 4.65 ms
2026-05-08 16:35:39,535 INFO mini2.node: [D] accepted forwarded query req-857409292882333-2 (target=D)
2026-05-08 16:35:39,594 INFO mini2.node: [D] rid=req-857409292893250-3 range_search matched=1660503 of 3333334 in 9.16 ms
2026-05-08 16:35:39,594 INFO mini2.node: [D] accepted forwarded query req-857409292893250-3 (target=D)
2026-05-08 16:35:39,603 INFO mini2.node: [D] rid=req-857409292908250-4 range_search matched=1660503 of 3333334 in 7.68 ms
2026-05-08 16:35:39,603 INFO mini2.node: [D] accepted forwarded query req-857409292908250-4 (target=D)
2026-05-08 16:36:00,211 INFO mini2.node: [D] rid=req-857429955282291-1 range_search matched=3331982 of 3333334 in 21.77 ms
2026-05-08 16:36:00,212 INFO mini2.node: [D] accepted forwarded query req-857429955282291-1 (target=D)
2026-05-08 16:36:12,553 INFO mini2.node: [D] rid=req-857442324635250-1 range_search matched=3331982 of 3333334 in 5.45 ms
2026-05-08 16:36:12,554 INFO mini2.node: [D] accepted forwarded query req-857442324635250-1 (target=D)
2026-05-08 16:36:24,547 INFO mini2.node: [D] rid=req-857454300465083-1 range_search matched=3331982 of 3333334 in 19.48 ms
2026-05-08 16:36:24,547 INFO mini2.node: [D] accepted forwarded query req-857454300465083-1 (target=D)
2026-05-08 16:36:36,604 INFO mini2.node: [D] rid=req-857466351258791-1 range_search matched=3331982 of 3333334 in 19.64 ms
2026-05-08 16:36:36,604 INFO mini2.node: [D] accepted forwarded query req-857466351258791-1 (target=D)
2026-05-08 16:36:36,608 INFO mini2.node: [D] rid=req-857466351262958-2 range_search matched=3331982 of 3333334 in 4.23 ms
2026-05-08 16:36:36,608 INFO mini2.node: [D] accepted forwarded query req-857466351262958-2 (target=D)
2026-05-08 16:36:58,056 INFO mini2.node: [D] rid=req-857487798730541-2 range_search matched=3331982 of 3333334 in 16.71 ms
2026-05-08 16:36:58,057 INFO mini2.node: [D] accepted forwarded query req-857487798730541-2 (target=D)
2026-05-08 16:36:58,062 INFO mini2.node: [D] rid=req-857487798724625-1 range_search matched=3331982 of 3333334 in 5.33 ms
2026-05-08 16:36:58,062 INFO mini2.node: [D] accepted forwarded query req-857487798724625-1 (target=D)
2026-05-08 16:37:20,320 INFO mini2.node: [D] rid=req-857510058372125-2 range_search matched=3331982 of 3333334 in 19.60 ms
2026-05-08 16:37:20,321 INFO mini2.node: [D] accepted forwarded query req-857510058372125-2 (target=D)
2026-05-08 16:37:20,327 INFO mini2.node: [D] rid=req-857510058364458-1 range_search matched=3331982 of 3333334 in 6.08 ms
2026-05-08 16:37:20,327 INFO mini2.node: [D] accepted forwarded query req-857510058364458-1 (target=D)
2026-05-08 16:37:42,633 INFO mini2.node: [D] rid=req-857532342330000-2 range_search matched=3331982 of 3333334 in 43.83 ms
2026-05-08 16:37:42,634 INFO mini2.node: [D] accepted forwarded query req-857532342330000-2 (target=D)
2026-05-08 16:37:42,639 INFO mini2.node: [D] rid=req-857532342315750-1 range_search matched=3331982 of 3333334 in 5.35 ms
2026-05-08 16:37:42,639 INFO mini2.node: [D] accepted forwarded query req-857532342315750-1 (target=D)
2026-05-08 16:37:42,645 INFO mini2.node: [D] rid=req-857532342339833-4 range_search matched=3331982 of 3333334 in 5.66 ms
2026-05-08 16:37:42,645 INFO mini2.node: [D] accepted forwarded query req-857532342339833-4 (target=D)
2026-05-08 16:37:42,651 INFO mini2.node: [D] rid=req-857532342332958-3 range_search matched=3331982 of 3333334 in 5.33 ms
2026-05-08 16:37:42,651 INFO mini2.node: [D] accepted forwarded query req-857532342332958-3 (target=D)
2026-05-08 16:38:26,617 INFO mini2.node: [D] rid=req-857576317141458-1 range_search matched=3331982 of 3333334 in 25.59 ms
2026-05-08 16:38:26,618 INFO mini2.node: [D] accepted forwarded query req-857576317141458-1 (target=D)
2026-05-08 16:38:26,637 INFO mini2.node: [D] rid=req-857576317152375-2 range_search matched=3331982 of 3333334 in 16.71 ms
2026-05-08 16:38:26,637 INFO mini2.node: [D] accepted forwarded query req-857576317152375-2 (target=D)
2026-05-08 16:38:26,643 INFO mini2.node: [D] rid=req-857576317181791-3 range_search matched=3331982 of 3333334 in 5.98 ms
2026-05-08 16:38:26,643 INFO mini2.node: [D] accepted forwarded query req-857576317181791-3 (target=D)
2026-05-08 16:38:26,664 INFO mini2.node: [D] rid=req-857576317202041-4 range_search matched=3331982 of 3333334 in 9.18 ms
2026-05-08 16:38:26,664 INFO mini2.node: [D] accepted forwarded query req-857576317202041-4 (target=D)
2026-05-08 16:39:12,400 INFO mini2.node: [D] rid=req-857622136548875-3 range_search matched=3331982 of 3333334 in 24.91 ms
2026-05-08 16:39:12,400 INFO mini2.node: [D] accepted forwarded query req-857622136548875-3 (target=D)
2026-05-08 16:39:12,413 INFO mini2.node: [D] rid=req-857622136533916-1 range_search matched=3331982 of 3333334 in 13.00 ms
2026-05-08 16:39:12,413 INFO mini2.node: [D] accepted forwarded query req-857622136533916-1 (target=D)
2026-05-08 16:39:12,448 INFO mini2.node: [D] rid=req-857622136575625-4 range_search matched=3331982 of 3333334 in 17.66 ms
2026-05-08 16:39:12,448 INFO mini2.node: [D] accepted forwarded query req-857622136575625-4 (target=D)
2026-05-08 16:39:12,466 INFO mini2.node: [D] rid=req-857622136547083-2 range_search matched=3331982 of 3333334 in 17.29 ms
2026-05-08 16:39:12,466 INFO mini2.node: [D] accepted forwarded query req-857622136547083-2 (target=D)
2026-05-08 16:40:00,206 INFO mini2.node: [D] shutting down
