[launcher] node=E impl=cpp overlay=/Users/spartan/mini_2/config/overlay.yaml data=/Users/spartan/mini_2/data/partitions_consistent_hash
23:12:17 [E] loaded 8937454 rows from /Users/spartan/mini_2/data/partitions_consistent_hash/E.csv in 2358ms
23:12:17 [E] column range table: 17 columns in 150ms
[E] worker_threads=16
23:12:17 [E] listening on 0.0.0.0:50055 role=peer team=yellow
23:12:25 [E] rid=req-1140415735556833-1 range_search matched=12396 of 8937454 in 25ms
23:12:25 [E] accepted forwarded query req-1140415735556833-1 (target=E)
23:12:37 [E] rid=req-1140427919687750-1 range_search matched=12396 of 8937454 in 16ms
23:12:37 [E] accepted forwarded query req-1140427919687750-1 (target=E)
23:12:40 [E] rid=req-1140430461527541-1 range_search matched=12396 of 8937454 in 5ms
23:12:40 [E] accepted forwarded query req-1140430461527541-1 (target=E)
23:12:43 [E] rid=req-1140433028660291-1 range_search matched=12396 of 8937454 in 4ms
23:12:43 [E] accepted forwarded query req-1140433028660291-1 (target=E)
23:12:45 [E] rid=req-1140435594547250-1 range_search matched=12396 of 8937454 in 5ms
23:12:45 [E] accepted forwarded query req-1140435594547250-1 (target=E)
23:12:48 [E] rid=req-1140438183091791-1 range_search matched=12396 of 8937454 in 25ms
23:12:48 [E] accepted forwarded query req-1140438183091791-1 (target=E)
23:12:50 [E] rid=req-1140440874198416-1 range_search matched=12396 of 8937454 in 3ms
23:12:50 [E] accepted forwarded query req-1140440874198416-1 (target=E)
23:12:53 [E] rid=req-1140443400173833-1 range_search matched=12396 of 8937454 in 3ms
23:12:53 [E] accepted forwarded query req-1140443400173833-1 (target=E)
23:12:56 [E] rid=req-1140446080711083-1 range_search matched=12396 of 8937454 in 4ms
23:12:56 [E] accepted forwarded query req-1140446080711083-1 (target=E)
23:12:58 [E] rid=req-1140448740760291-1 range_search matched=12396 of 8937454 in 4ms
23:12:58 [E] accepted forwarded query req-1140448740760291-1 (target=E)
23:13:01 [E] rid=req-1140451421979375-1 range_search matched=12396 of 8937454 in 4ms
23:13:01 [E] accepted forwarded query req-1140451421979375-1 (target=E)
23:13:04 [E] rid=req-1140454051790458-1 range_search matched=12396 of 8937454 in 3ms
23:13:04 [E] accepted forwarded query req-1140454051790458-1 (target=E)
23:13:06 [E] rid=req-1140456721269416-1 range_search matched=12396 of 8937454 in 4ms
23:13:06 [E] accepted forwarded query req-1140456721269416-1 (target=E)
23:13:09 [E] rid=req-1140459367232666-1 range_search matched=12396 of 8937454 in 3ms
23:13:09 [E] accepted forwarded query req-1140459367232666-1 (target=E)
23:13:12 [E] rid=req-1140462014770166-1 range_search matched=12396 of 8937454 in 4ms
23:13:12 [E] accepted forwarded query req-1140462014770166-1 (target=E)
23:13:14 [E] rid=req-1140464677682791-1 range_search matched=12396 of 8937454 in 3ms
23:13:14 [E] accepted forwarded query req-1140464677682791-1 (target=E)
23:13:17 [E] rid=req-1140467327665666-1 range_search matched=12396 of 8937454 in 4ms
23:13:17 [E] accepted forwarded query req-1140467327665666-1 (target=E)
23:13:20 [E] rid=req-1140469998469000-1 range_search matched=12396 of 8937454 in 4ms
23:13:20 [E] accepted forwarded query req-1140469998469000-1 (target=E)
23:13:22 [E] rid=req-1140472711666416-1 range_search matched=12396 of 8937454 in 4ms
23:13:22 [E] accepted forwarded query req-1140472711666416-1 (target=E)
23:13:25 [E] rid=req-1140475326026500-1 range_search matched=12396 of 8937454 in 2ms
23:13:25 [E] accepted forwarded query req-1140475326026500-1 (target=E)
23:13:28 [E] rid=req-1140477999170625-1 range_search matched=12396 of 8937454 in 4ms
23:13:28 [E] accepted forwarded query req-1140477999170625-1 (target=E)
23:13:30 [E] rid=req-1140480650888166-1 range_search matched=12396 of 8937454 in 4ms
23:13:30 [E] accepted forwarded query req-1140480650888166-1 (target=E)
23:13:33 [E] rid=req-1140483284104375-1 range_search matched=12396 of 8937454 in 3ms
23:13:33 [E] accepted forwarded query req-1140483284104375-1 (target=E)
23:13:36 [E] rid=req-1140485981823166-1 range_search matched=12396 of 8937454 in 3ms
23:13:36 [E] accepted forwarded query req-1140485981823166-1 (target=E)
23:13:38 [E] rid=req-1140488644817166-1 range_search matched=12396 of 8937454 in 4ms
23:13:38 [E] accepted forwarded query req-1140488644817166-1 (target=E)
23:13:41 [E] rid=req-1140491395924708-1 range_search matched=12396 of 8937454 in 3ms
23:13:41 [E] accepted forwarded query req-1140491395924708-1 (target=E)
23:13:43 [E] rid=req-1140493956090875-1 range_search matched=12396 of 8937454 in 3ms
23:13:43 [E] accepted forwarded query req-1140493956090875-1 (target=E)
23:13:46 [E] shutdown requested
