[launcher] node=A impl=cpp overlay=/Users/spartan/mini_2/config/overlay.yaml data=/Users/spartan/mini_2/data/partitions_trip_distance
16:51:11 [A] loaded 8372257 rows from /Users/spartan/mini_2/data/partitions_trip_distance/A.csv
16:51:11 [A] smart routing enabled: scheme=trip_distance
[A] worker_threads=8
16:51:11 [A] listening on 0.0.0.0:50051 role=gateway team=blue
16:51:16 [A] SubmitQuery rid=req-944745854598250-1 preds=1
16:51:16 [A] rid=req-944745854598250-1 range_search matched=0 of 8372257 in 2ms
16:51:16 [A] smart-route rid=req-944745854598250-1 hit 1/9 owners; skipped: A B C D E F G I 
16:51:16 [A] rid=req-944745854598250-1 done; total=176243
16:51:16 [A] SubmitQuery rid=req-944746676444375-1 preds=1
16:51:16 [A] rid=req-944746676444375-1 range_search matched=0 of 8372257 in 1ms
16:51:16 [A] smart-route rid=req-944746676444375-1 hit 1/9 owners; skipped: A B C D E F G I 
16:51:17 [A] rid=req-944746676444375-1 done; total=176243
16:51:17 [A] SubmitQuery rid=req-944747490375375-1 preds=1
16:51:17 [A] rid=req-944747490375375-1 range_search matched=0 of 8372257 in 1ms
16:51:17 [A] smart-route rid=req-944747490375375-1 hit 1/9 owners; skipped: A B C D E F G I 
16:51:18 [A] rid=req-944747490375375-1 done; total=176243
16:51:18 [A] SubmitQuery rid=req-944748310244500-1 preds=1
16:51:18 [A] rid=req-944748310244500-1 range_search matched=0 of 8372257 in 1ms
16:51:18 [A] smart-route rid=req-944748310244500-1 hit 1/9 owners; skipped: A B C D E F G I 
16:51:25 [A] rid=req-944748310244500-1 done; total=1942731
16:51:25 [A] SubmitQuery rid=req-944755184542416-1 preds=1
16:51:25 [A] rid=req-944755184542416-1 range_search matched=0 of 8372257 in 1ms
16:51:25 [A] smart-route rid=req-944755184542416-1 hit 1/9 owners; skipped: A B C D E F G I 
16:51:32 [A] rid=req-944755184542416-1 done; total=1942731
16:51:32 [A] SubmitQuery rid=req-944762158241208-1 preds=1
16:51:32 [A] rid=req-944762158241208-1 range_search matched=0 of 8372257 in 1ms
16:51:32 [A] smart-route rid=req-944762158241208-1 hit 5/9 owners; skipped: A B H I 
16:52:36 [A] rid=req-944762158241208-1 done; total=34764991
16:52:36 [A] SubmitQuery rid=req-944826139641750-1 preds=1
16:52:36 [A] rid=req-944826139641750-1 range_search matched=0 of 8372257 in 14ms
16:52:36 [A] smart-route rid=req-944826139641750-1 hit 5/9 owners; skipped: A B H I 
16:53:44 [A] rid=req-944826139641750-1 done; total=34764991
16:53:45 [A] shutdown requested
