[launcher] node=A impl=cpp overlay=/Users/spartan/mini_2/config/overlay.yaml data=/Users/spartan/mini_2/data/partitions_trip_distance
16:56:28 [A] loaded 8372257 rows from /Users/spartan/mini_2/data/partitions_trip_distance/A.csv
16:56:28 [A] smart routing enabled: scheme=trip_distance
[A] worker_threads=8
16:56:28 [A] listening on 0.0.0.0:50051 role=gateway team=blue
16:56:33 [A] SubmitQuery rid=req-945062914519791-1 preds=1
16:56:33 [A] rid=req-945062914519791-1 range_search matched=0 of 8372257 in 1ms
16:56:33 [A] smart-route rid=req-945062914519791-1 hit 1/9 owners; skipped: A B C D E F G I 
16:56:33 [A] rid=req-945062914519791-1 done; total=176243
16:56:33 [A] SubmitQuery rid=req-945063729278458-1 preds=1
16:56:33 [A] rid=req-945063729278458-1 range_search matched=0 of 8372257 in 1ms
16:56:33 [A] smart-route rid=req-945063729278458-1 hit 1/9 owners; skipped: A B C D E F G I 
16:56:49 [A] rid=req-945063729278458-1 done; total=1942731
16:56:49 [A] SubmitQuery rid=req-945079036021958-1 preds=1
16:56:49 [A] rid=req-945079036021958-1 range_search matched=0 of 8372257 in 1ms
16:56:49 [A] smart-route rid=req-945079036021958-1 hit 1/9 owners; skipped: A B C D E F G I 
16:57:04 [A] rid=req-945079036021958-1 done; total=1942731
16:57:04 [A] SubmitQuery rid=req-945094214214458-1 preds=1
16:57:04 [A] rid=req-945094214214458-1 range_search matched=0 of 8372257 in 1ms
16:57:04 [A] smart-route rid=req-945094214214458-1 hit 5/9 owners; skipped: A B H I 
17:00:38 [A] rid=req-945094214214458-1 done; total=34764991
17:00:38 [A] SubmitQuery rid=req-945308084403208-1 preds=1
17:00:38 [A] rid=req-945308084403208-1 range_search matched=0 of 8372257 in 20ms
17:00:38 [A] smart-route rid=req-945308084403208-1 hit 5/9 owners; skipped: A B H I 
17:04:05 [A] rid=req-945308084403208-1 done; total=34764991
17:04:06 [A] shutdown requested
