[launcher] node=A impl=cpp overlay=/Users/spartan/mini_2/config/overlay.yaml data=/Users/spartan/mini_2/data/partitions_consistent_hash
20:05:15 [A] loaded 7299081 rows from /Users/spartan/mini_2/data/partitions_consistent_hash/A.csv
20:05:15 [A] smart routing enabled: scheme=consistent_hash
[A] worker_threads=8
20:05:15 [A] listening on 0.0.0.0:50051 role=gateway team=blue
20:05:19 [A] SubmitQuery rid=req-956389341888750-1 preds=1
20:05:19 [A] rid=req-956389341888750-1 range_search matched=114931 of 7299081 in 3ms
20:05:19 [A] smart-route rid=req-956389341888750-1 hit 6/9 owners; skipped: C F I 
20:05:29 [A] forward→H via H failed after retries: failed to connect to all addresses; last error: UNKNOWN: ipv4:192.168.50.1:50058: Failed to connect to remote host: Connection refused
20:05:29 [A] PullChunk→D failed: failed to connect to all addresses; last error: UNKNOWN: ipv4:192.168.50.2:50054: Failed to connect to remote host: Connection refused
20:05:29 [A] rid=req-956389341888750-1 done; total=164065
20:05:29 [A] SubmitQuery rid=req-956399270317125-1 preds=1
20:05:29 [A] rid=req-956399270317125-1 range_search matched=114931 of 7299081 in 5ms
20:05:29 [A] smart-route rid=req-956399270317125-1 hit 6/9 owners; skipped: C F I 
20:05:39 [A] forward→H via H failed after retries: failed to connect to all addresses; last error: UNKNOWN: ipv4:192.168.50.1:50058: Failed to connect to remote host: Connection refused
20:05:39 [A] PullChunk→D failed: failed to connect to all addresses; last error: UNKNOWN: ipv4:192.168.50.2:50054: Failed to connect to remote host: Connection refused
20:05:39 [A] rid=req-956399270317125-1 done; total=164065
20:05:39 [A] SubmitQuery rid=req-956409164654750-1 preds=1
20:05:39 [A] rid=req-956409164654750-1 range_search matched=114931 of 7299081 in 5ms
20:05:39 [A] smart-route rid=req-956409164654750-1 hit 6/9 owners; skipped: C F I 
20:05:47 [A] PullChunk→D failed: no local data for req-956409164654750-1
20:05:47 [A] rid=req-956409164654750-1 done; total=176243
20:05:47 [A] SubmitQuery rid=req-956417396119041-1 preds=1
20:05:47 [A] rid=req-956417396119041-1 range_search matched=162999 of 7299081 in 4ms
20:05:51 [A] rid=req-956417396119041-1 done; total=1942731
20:05:51 [A] SubmitQuery rid=req-956421542404333-1 preds=1
20:05:51 [A] rid=req-956421542404333-1 range_search matched=162999 of 7299081 in 4ms
20:05:55 [A] rid=req-956421542404333-1 done; total=1942731
20:05:55 [A] SubmitQuery rid=req-956425450266541-1 preds=1
20:05:55 [A] rid=req-956425450266541-1 range_search matched=3056213 of 7299081 in 15ms
20:06:49 [A] rid=req-956425450266541-1 done; total=34764991
20:06:49 [A] SubmitQuery rid=req-956479399254041-1 preds=1
20:06:49 [A] rid=req-956479399254041-1 range_search matched=3056213 of 7299081 in 32ms
20:07:43 [A] rid=req-956479399254041-1 done; total=34764991
20:07:43 [A] shutdown requested
