[launcher] node=A impl=cpp overlay=/Users/spartan/mini_2/config/overlay.yaml data=/Users/spartan/mini_2/data/partitions_round_robin
16:24:21 [A] loaded 7777778 rows from /Users/spartan/mini_2/data/partitions_round_robin/A.csv
[A] worker_threads=8
16:24:21 [A] listening on 0.0.0.0:50051 role=gateway team=blue
16:24:24 [A] SubmitQuery rid=req-943134658579875-1 preds=1
16:24:24 [A] rid=req-943134658579875-1 range_search matched=19512 of 7777778 in 2ms
16:24:25 [A] rid=req-943134658579875-1 done; total=176243
16:24:25 [A] SubmitQuery rid=req-943135485129666-1 preds=1
16:24:25 [A] rid=req-943135485129666-1 range_search matched=19512 of 7777778 in 9ms
16:24:26 [A] rid=req-943135485129666-1 done; total=176243
16:24:26 [A] SubmitQuery rid=req-943135982431958-1 preds=1
16:24:26 [A] rid=req-943135982431958-1 range_search matched=19512 of 7777778 in 4ms
16:24:26 [A] rid=req-943135982431958-1 done; total=176243
16:24:26 [A] SubmitQuery rid=req-943136418245250-1 preds=1
16:24:26 [A] rid=req-943136418245250-1 range_search matched=215498 of 7777778 in 3ms
16:24:29 [A] rid=req-943136418245250-1 done; total=1942731
16:24:29 [A] SubmitQuery rid=req-943139454409333-1 preds=1
16:24:29 [A] rid=req-943139454409333-1 range_search matched=215498 of 7777778 in 5ms
16:24:32 [A] rid=req-943139454409333-1 done; total=1942731
16:24:32 [A] SubmitQuery rid=req-943142407401375-1 preds=1
16:24:32 [A] rid=req-943142407401375-1 range_search matched=3863766 of 7777778 in 15ms
16:25:23 [A] rid=req-943142407401375-1 done; total=34764991
16:25:23 [A] SubmitQuery rid=req-943193529618708-1 preds=1
16:25:23 [A] rid=req-943193529618708-1 range_search matched=3863766 of 7777778 in 18ms
16:26:15 [A] rid=req-943193529618708-1 done; total=34764991
16:26:15 [A] SubmitQuery rid=req-943245033918958-1 preds=1
16:26:15 [A] rid=req-943245033918958-1 range_search matched=7774787 of 7777778 in 57ms
16:28:08 [A] rid=req-943245033918958-1 done; total=69973589
16:28:08 [A] SubmitQuery rid=req-943358737181583-1 preds=1
16:28:08 [A] rid=req-943358737181583-1 range_search matched=7774787 of 7777778 in 52ms
16:30:02 [A] rid=req-943358737181583-1 done; total=69973589
16:30:03 [A] shutdown requested
