[launcher] node=D impl=python overlay=/Users/spartan/mini_2/config/overlay.yaml data=/Users/spartan/mini_2/data/partitions_round_robin
2026-05-09 16:24:23,378 INFO mini2.node: [D] loaded 7777778 partition rows from /Users/spartan/mini_2/data/partitions_round_robin/D.csv
2026-05-09 16:24:23,391 INFO mini2.node: [D] Python node listening on 0.0.0.0:50054 (advertised 192.168.50.2:50054), role=peer team=blue
2026-05-09 16:24:24,873 INFO mini2.node: [D] rid=req-943134658579875-1 range_search matched=19648 of 7777778 in 19.80 ms
2026-05-09 16:24:24,873 INFO mini2.node: [D] accepted forwarded query req-943134658579875-1 (target=D)
2026-05-09 16:24:25,670 INFO mini2.node: [D] rid=req-943135485129666-1 range_search matched=19648 of 7777778 in 15.50 ms
2026-05-09 16:24:25,671 INFO mini2.node: [D] accepted forwarded query req-943135485129666-1 (target=D)
2026-05-09 16:24:26,150 INFO mini2.node: [D] rid=req-943135982431958-1 range_search matched=19648 of 7777778 in 7.47 ms
2026-05-09 16:24:26,150 INFO mini2.node: [D] accepted forwarded query req-943135982431958-1 (target=D)
2026-05-09 16:24:26,588 INFO mini2.node: [D] rid=req-943136418245250-1 range_search matched=215589 of 7777778 in 8.08 ms
2026-05-09 16:24:26,588 INFO mini2.node: [D] accepted forwarded query req-943136418245250-1 (target=D)
2026-05-09 16:24:29,671 INFO mini2.node: [D] rid=req-943139454409333-1 range_search matched=215589 of 7777778 in 30.56 ms
2026-05-09 16:24:29,672 INFO mini2.node: [D] accepted forwarded query req-943139454409333-1 (target=D)
2026-05-09 16:24:32,614 INFO mini2.node: [D] rid=req-943142407401375-1 range_search matched=3861848 of 7777778 in 9.45 ms
2026-05-09 16:24:32,614 INFO mini2.node: [D] accepted forwarded query req-943142407401375-1 (target=D)
2026-05-09 16:25:23,753 INFO mini2.node: [D] rid=req-943193529618708-1 range_search matched=3861848 of 7777778 in 17.60 ms
2026-05-09 16:25:23,754 INFO mini2.node: [D] accepted forwarded query req-943193529618708-1 (target=D)
2026-05-09 16:26:15,358 INFO mini2.node: [D] rid=req-943245033918958-1 range_search matched=7774808 of 7777778 in 23.57 ms
2026-05-09 16:26:15,359 INFO mini2.node: [D] accepted forwarded query req-943245033918958-1 (target=D)
2026-05-09 16:28:09,050 INFO mini2.node: [D] rid=req-943358737181583-1 range_search matched=7774808 of 7777778 in 24.63 ms
2026-05-09 16:28:09,051 INFO mini2.node: [D] accepted forwarded query req-943358737181583-1 (target=D)
2026-05-09 16:30:02,905 INFO mini2.node: [D] shutting down
