[launcher] node=A impl=cpp overlay=/Users/spartan/mini_2/config/overlay.yaml data=/Users/spartan/mini_2/data/partitions_trip_distance
16:43:17 [A] loaded 8372257 rows from /Users/spartan/mini_2/data/partitions_trip_distance/A.csv
16:43:17 [A] smart routing enabled: scheme=trip_distance
[A] worker_threads=8
16:43:17 [A] listening on 0.0.0.0:50051 role=gateway team=blue
16:43:21 [A] SubmitQuery rid=req-944271844300791-1 preds=1
16:43:21 [A] rid=req-944271844300791-1 range_search matched=0 of 8372257 in 1ms
16:43:21 [A] smart-route rid=req-944271844300791-1 hit 1/9 owners; skipped: A B C D E F G I 
16:43:22 [A] rid=req-944271844300791-1 done; total=176243
16:43:22 [A] SubmitQuery rid=req-944272676004666-1 preds=1
16:43:22 [A] rid=req-944272676004666-1 range_search matched=0 of 8372257 in 1ms
16:43:22 [A] smart-route rid=req-944272676004666-1 hit 1/9 owners; skipped: A B C D E F G I 
16:43:23 [A] rid=req-944272676004666-1 done; total=176243
16:43:23 [A] SubmitQuery rid=req-944273501443291-1 preds=1
16:43:23 [A] rid=req-944273501443291-1 range_search matched=0 of 8372257 in 1ms
16:43:23 [A] smart-route rid=req-944273501443291-1 hit 1/9 owners; skipped: A B C D E F G I 
16:43:24 [A] rid=req-944273501443291-1 done; total=176243
16:43:24 [A] SubmitQuery rid=req-944274321931208-1 preds=1
16:43:24 [A] rid=req-944274321931208-1 range_search matched=0 of 8372257 in 1ms
16:43:24 [A] smart-route rid=req-944274321931208-1 hit 1/9 owners; skipped: A B C D E F G I 
16:43:31 [A] rid=req-944274321931208-1 done; total=1942731
16:43:31 [A] SubmitQuery rid=req-944281248384500-1 preds=1
16:43:31 [A] rid=req-944281248384500-1 range_search matched=0 of 8372257 in 1ms
16:43:31 [A] smart-route rid=req-944281248384500-1 hit 1/9 owners; skipped: A B C D E F G I 
16:43:38 [A] rid=req-944281248384500-1 done; total=1942731
16:43:38 [A] SubmitQuery rid=req-944288163355000-1 preds=1
16:43:38 [A] rid=req-944288163355000-1 range_search matched=0 of 8372257 in 1ms
16:43:38 [A] smart-route rid=req-944288163355000-1 hit 5/9 owners; skipped: A B H I 
16:44:42 [A] rid=req-944288163355000-1 done; total=34764991
16:44:42 [A] SubmitQuery rid=req-944352427036125-1 preds=1
16:44:42 [A] rid=req-944352427036125-1 range_search matched=0 of 8372257 in 2ms
16:44:42 [A] smart-route rid=req-944352427036125-1 hit 5/9 owners; skipped: A B H I 
16:45:44 [A] rid=req-944352427036125-1 done; total=34764991
16:45:44 [A] shutdown requested
