[launcher] node=A impl=cpp overlay=/Users/spartan/mini_2/config/overlay.yaml data=/Users/spartan/mini_2/data/partitions_trip_distance
17:04:16 [A] loaded 8372257 rows from /Users/spartan/mini_2/data/partitions_trip_distance/A.csv
17:04:16 [A] smart routing enabled: scheme=trip_distance
[A] worker_threads=8
17:04:16 [A] listening on 0.0.0.0:50051 role=gateway team=blue
17:04:21 [A] SubmitQuery rid=req-945530841183958-1 preds=1
17:04:21 [A] rid=req-945530841183958-1 range_search matched=0 of 8372257 in 2ms
17:04:21 [A] smart-route rid=req-945530841183958-1 hit 1/9 owners; skipped: A B C D E F G I 
17:04:21 [A] rid=req-945530841183958-1 done; total=176243
17:04:21 [A] SubmitQuery rid=req-945531695362458-1 preds=1
17:04:21 [A] rid=req-945531695362458-1 range_search matched=0 of 8372257 in 1ms
17:04:21 [A] smart-route rid=req-945531695362458-1 hit 1/9 owners; skipped: A B C D E F G I 
17:04:30 [A] rid=req-945531695362458-1 done; total=1942731
17:04:31 [A] SubmitQuery rid=req-945540919811583-1 preds=1
17:04:31 [A] rid=req-945540919811583-1 range_search matched=0 of 8372257 in 1ms
17:04:31 [A] smart-route rid=req-945540919811583-1 hit 1/9 owners; skipped: A B C D E F G I 
17:04:40 [A] rid=req-945540919811583-1 done; total=1942731
17:04:40 [A] SubmitQuery rid=req-945550170477125-1 preds=1
17:04:40 [A] rid=req-945550170477125-1 range_search matched=0 of 8372257 in 2ms
17:04:40 [A] smart-route rid=req-945550170477125-1 hit 5/9 owners; skipped: A B H I 
17:06:13 [A] rid=req-945550170477125-1 done; total=34764991
17:06:13 [A] SubmitQuery rid=req-945643741916541-1 preds=1
17:06:13 [A] rid=req-945643741916541-1 range_search matched=0 of 8372257 in 15ms
17:06:13 [A] smart-route rid=req-945643741916541-1 hit 5/9 owners; skipped: A B H I 
17:07:43 [A] rid=req-945643741916541-1 done; total=34764991
17:07:44 [A] shutdown requested
