[launcher] node=A impl=cpp overlay=/Users/spartan/mini_2/config/overlay.yaml data=/Users/spartan/mini_2/data/partitions_pu_location_id
16:36:39 [A] loaded 7692388 rows from /Users/spartan/mini_2/data/partitions_pu_location_id/A.csv
16:36:39 [A] smart routing enabled: scheme=pu_location_id
[A] worker_threads=8
16:36:39 [A] listening on 0.0.0.0:50051 role=gateway team=blue
16:36:43 [A] SubmitQuery rid=req-943873738635416-1 preds=1
16:36:43 [A] rid=req-943873738635416-1 range_search matched=13241 of 7692388 in 4ms
16:36:44 [A] rid=req-943873738635416-1 done; total=176243
16:36:44 [A] SubmitQuery rid=req-943874340109583-1 preds=1
16:36:44 [A] rid=req-943874340109583-1 range_search matched=0 of 7692388 in 2ms
16:36:44 [A] smart-route rid=req-943874340109583-1 hit 1/9 owners; skipped: A B C D E G H I 
16:36:45 [A] rid=req-943874340109583-1 done; total=245668
16:36:45 [A] SubmitQuery rid=req-943875408604583-1 preds=1
16:36:45 [A] rid=req-943875408604583-1 range_search matched=0 of 7692388 in 1ms
16:36:45 [A] smart-route rid=req-943875408604583-1 hit 1/9 owners; skipped: A B C D E G H I 
16:36:46 [A] rid=req-943875408604583-1 done; total=245668
16:36:46 [A] SubmitQuery rid=req-943876465720583-1 preds=1
16:36:46 [A] rid=req-943876465720583-1 range_search matched=279110 of 7692388 in 2ms
16:36:55 [A] rid=req-943876465720583-1 done; total=5780960
16:36:55 [A] SubmitQuery rid=req-943885306609375-1 preds=1
16:36:55 [A] rid=req-943885306609375-1 range_search matched=279110 of 7692388 in 2ms
16:37:04 [A] rid=req-943885306609375-1 done; total=5780960
16:37:04 [A] SubmitQuery rid=req-943894248540750-1 preds=1
16:37:04 [A] rid=req-943894248540750-1 range_search matched=3970722 of 7692388 in 16ms
16:37:46 [A] rid=req-943894248540750-1 done; total=30392499
16:37:46 [A] SubmitQuery rid=req-943936262086458-1 preds=1
16:37:46 [A] rid=req-943936262086458-1 range_search matched=3970722 of 7692388 in 19ms
16:38:28 [A] rid=req-943936262086458-1 done; total=30392499
16:38:28 [A] SubmitQuery rid=req-943978271731958-1 preds=1
16:38:28 [A] rid=req-943978271731958-1 range_search matched=7692388 of 7692388 in 45ms
16:40:23 [A] rid=req-943978271731958-1 done; total=70000000
16:40:23 [A] SubmitQuery rid=req-944093045604916-1 preds=1
16:40:23 [A] rid=req-944093045604916-1 range_search matched=7692388 of 7692388 in 40ms
16:42:18 [A] rid=req-944093045604916-1 done; total=70000000
16:42:18 [A] shutdown requested
