[launcher] node=C impl=cpp overlay=/Users/spartan/mini_2/config/topo/chain.yaml data=/Users/spartan/mini_2/data/partitions
20:46:19 [C] loaded 3333334 rows from /Users/spartan/mini_2/data/partitions/C.csv
20:46:19 [C] listening on 0.0.0.0:50053 role=peer team=yellow
20:46:19 [C] rid=req-181248824074416-1 range_search matched=0 of 3333334 in 1ms
20:46:19 [C] accepted forwarded query req-181248824074416-1 (target=C)
20:46:19 [C] rid=req-181248960401416-1 range_search matched=8170 of 3333334 in 2ms
20:46:19 [C] accepted forwarded query req-181248960401416-1 (target=C)
20:46:20 [C] rid=req-181249106104166-1 range_search matched=8170 of 3333334 in 2ms
20:46:20 [C] accepted forwarded query req-181249106104166-1 (target=C)
20:46:20 [C] rid=req-181249254303083-1 range_search matched=8170 of 3333334 in 2ms
20:46:20 [C] accepted forwarded query req-181249254303083-1 (target=C)
20:46:20 [C] rid=req-181249404855500-2 range_search matched=8170 of 3333334 in 2ms
20:46:20 [C] accepted forwarded query req-181249404855500-2 (target=C)
20:46:20 [C] rid=req-181249404844291-1 range_search matched=8170 of 3333334 in 2ms
20:46:20 [C] accepted forwarded query req-181249404844291-1 (target=C)
20:46:20 [C] rid=req-181249568727541-2 range_search matched=8170 of 3333334 in 2ms
20:46:20 [C] accepted forwarded query req-181249568727541-2 (target=C)
20:46:20 [C] rid=req-181249568719208-1 range_search matched=8170 of 3333334 in 2ms
20:46:20 [C] accepted forwarded query req-181249568719208-1 (target=C)
20:46:20 [C] rid=req-181249722011166-2 range_search matched=8170 of 3333334 in 2ms
20:46:20 [C] accepted forwarded query req-181249722011166-2 (target=C)
20:46:20 [C] rid=req-181249722007166-1 range_search matched=8170 of 3333334 in 1ms
20:46:20 [C] accepted forwarded query req-181249722007166-1 (target=C)
20:46:20 [C] rid=req-181249867818833-1 range_search matched=8170 of 3333334 in 1ms
20:46:20 [C] accepted forwarded query req-181249867818833-1 (target=C)
20:46:20 [C] rid=req-181249867826833-2 range_search matched=8170 of 3333334 in 1ms
20:46:20 [C] accepted forwarded query req-181249867826833-2 (target=C)
20:46:20 [C] rid=req-181249867826208-3 range_search matched=8170 of 3333334 in 1ms
20:46:20 [C] accepted forwarded query req-181249867826208-3 (target=C)
20:46:20 [C] rid=req-181249867834625-4 range_search matched=8170 of 3333334 in 1ms
20:46:20 [C] accepted forwarded query req-181249867834625-4 (target=C)
20:46:20 [C] rid=req-181250001849791-3 range_search matched=8170 of 3333334 in 1ms
20:46:20 [C] accepted forwarded query req-181250001849791-3 (target=C)
20:46:20 [C] rid=req-181250001842375-1 range_search matched=8170 of 3333334 in 1ms
20:46:20 [C] accepted forwarded query req-181250001842375-1 (target=C)
20:46:20 [C] rid=req-181250001849041-2 range_search matched=8170 of 3333334 in 1ms
20:46:20 [C] accepted forwarded query req-181250001849041-2 (target=C)
20:46:20 [C] rid=req-181250001857750-4 range_search matched=8170 of 3333334 in 1ms
20:46:20 [C] accepted forwarded query req-181250001857750-4 (target=C)
20:46:21 [C] rid=req-181250149837958-1 range_search matched=8170 of 3333334 in 1ms
20:46:21 [C] accepted forwarded query req-181250149837958-1 (target=C)
20:46:21 [C] rid=req-181250149863250-4 range_search matched=8170 of 3333334 in 1ms
20:46:21 [C] accepted forwarded query req-181250149863250-4 (target=C)
20:46:21 [C] rid=req-181250149854375-3 range_search matched=8170 of 3333334 in 2ms
20:46:21 [C] accepted forwarded query req-181250149854375-3 (target=C)
20:46:21 [C] rid=req-181250149844041-2 range_search matched=8170 of 3333334 in 2ms
20:46:21 [C] accepted forwarded query req-181250149844041-2 (target=C)
20:46:21 [C] rid=req-181250280841500-1 range_search matched=90957 of 3333334 in 1ms
20:46:21 [C] accepted forwarded query req-181250280841500-1 (target=C)
20:46:21 [C] rid=req-181250439329458-1 range_search matched=90957 of 3333334 in 1ms
20:46:21 [C] accepted forwarded query req-181250439329458-1 (target=C)
20:46:21 [C] rid=req-181250590147125-1 range_search matched=90957 of 3333334 in 1ms
20:46:21 [C] accepted forwarded query req-181250590147125-1 (target=C)
20:46:21 [C] rid=req-181250739816833-1 range_search matched=90957 of 3333334 in 1ms
20:46:21 [C] accepted forwarded query req-181250739816833-1 (target=C)
20:46:21 [C] rid=req-181250739824291-2 range_search matched=90957 of 3333334 in 1ms
20:46:21 [C] accepted forwarded query req-181250739824291-2 (target=C)
20:46:21 [C] rid=req-181250897417000-1 range_search matched=90957 of 3333334 in 1ms
20:46:21 [C] accepted forwarded query req-181250897417000-1 (target=C)
20:46:21 [C] rid=req-181250897430291-2 range_search matched=90957 of 3333334 in 1ms
20:46:21 [C] accepted forwarded query req-181250897430291-2 (target=C)
20:46:22 [C] rid=req-181251055897791-1 range_search matched=90957 of 3333334 in 1ms
20:46:22 [C] accepted forwarded query req-181251055897791-1 (target=C)
20:46:22 [C] rid=req-181251055901791-2 range_search matched=90957 of 3333334 in 1ms
20:46:22 [C] accepted forwarded query req-181251055901791-2 (target=C)
20:46:22 [C] rid=req-181251216207708-1 range_search matched=90957 of 3333334 in 2ms
20:46:22 [C] accepted forwarded query req-181251216207708-1 (target=C)
20:46:22 [C] rid=req-181251216217000-2 range_search matched=90957 of 3333334 in 1ms
20:46:22 [C] accepted forwarded query req-181251216217000-2 (target=C)
20:46:22 [C] rid=req-181251216227875-4 range_search matched=90957 of 3333334 in 2ms
20:46:22 [C] accepted forwarded query req-181251216227875-4 (target=C)
20:46:22 [C] rid=req-181251216220208-3 range_search matched=90957 of 3333334 in 2ms
20:46:22 [C] accepted forwarded query req-181251216220208-3 (target=C)
20:46:22 [C] rid=req-181251412107166-2 range_search matched=90957 of 3333334 in 1ms
20:46:22 [C] accepted forwarded query req-181251412107166-2 (target=C)
20:46:22 [C] rid=req-181251412103375-1 range_search matched=90957 of 3333334 in 1ms
20:46:22 [C] accepted forwarded query req-181251412103375-1 (target=C)
20:46:22 [C] rid=req-181251412117208-3 range_search matched=90957 of 3333334 in 1ms
20:46:22 [C] accepted forwarded query req-181251412117208-3 (target=C)
20:46:22 [C] rid=req-181251412127458-4 range_search matched=90957 of 3333334 in 2ms
20:46:22 [C] accepted forwarded query req-181251412127458-4 (target=C)
20:46:22 [C] rid=req-181251603642833-1 range_search matched=90957 of 3333334 in 1ms
20:46:22 [C] accepted forwarded query req-181251603642833-1 (target=C)
20:46:22 [C] rid=req-181251603654041-3 range_search matched=90957 of 3333334 in 1ms
20:46:22 [C] accepted forwarded query req-181251603654041-3 (target=C)
20:46:22 [C] rid=req-181251603662541-4 range_search matched=90957 of 3333334 in 1ms
20:46:22 [C] accepted forwarded query req-181251603662541-4 (target=C)
20:46:22 [C] rid=req-181251603650291-2 range_search matched=90957 of 3333334 in 1ms
20:46:22 [C] accepted forwarded query req-181251603650291-2 (target=C)
20:46:22 [C] rid=req-181251800019250-1 range_search matched=1660920 of 3333334 in 6ms
20:46:22 [C] accepted forwarded query req-181251800019250-1 (target=C)
20:46:30 [C] rid=req-181259116630500-1 range_search matched=1660920 of 3333334 in 5ms
20:46:30 [C] accepted forwarded query req-181259116630500-1 (target=C)
20:46:37 [C] rid=req-181266207402041-1 range_search matched=1660920 of 3333334 in 6ms
20:46:37 [C] accepted forwarded query req-181266207402041-1 (target=C)
20:46:44 [C] rid=req-181273171401958-1 range_search matched=1660920 of 3333334 in 5ms
20:46:44 [C] accepted forwarded query req-181273171401958-1 (target=C)
20:46:44 [C] rid=req-181273171409541-2 range_search matched=1660920 of 3333334 in 6ms
20:46:44 [C] accepted forwarded query req-181273171409541-2 (target=C)
20:46:56 [C] rid=req-181285189313041-2 range_search matched=1660920 of 3333334 in 5ms
20:46:56 [C] accepted forwarded query req-181285189313041-2 (target=C)
20:46:56 [C] rid=req-181285189307291-1 range_search matched=1660920 of 3333334 in 6ms
20:46:56 [C] accepted forwarded query req-181285189307291-1 (target=C)
20:47:08 [C] rid=req-181297243673500-1 range_search matched=1660920 of 3333334 in 5ms
20:47:08 [C] accepted forwarded query req-181297243673500-1 (target=C)
20:47:08 [C] rid=req-181297243678625-2 range_search matched=1660920 of 3333334 in 5ms
20:47:08 [C] accepted forwarded query req-181297243678625-2 (target=C)
20:47:20 [C] rid=req-181309190318291-4 range_search matched=1660920 of 3333334 in 5ms
20:47:20 [C] accepted forwarded query req-181309190318291-4 (target=C)
20:47:20 [C] rid=req-181309190314791-3 range_search matched=1660920 of 3333334 in 6ms
20:47:20 [C] accepted forwarded query req-181309190314791-3 (target=C)
20:47:20 [C] rid=req-181309190306166-2 range_search matched=1660920 of 3333334 in 7ms
20:47:20 [C] accepted forwarded query req-181309190306166-2 (target=C)
20:47:20 [C] rid=req-181309190298791-1 range_search matched=1660920 of 3333334 in 6ms
20:47:20 [C] accepted forwarded query req-181309190298791-1 (target=C)
20:47:43 [C] rid=req-181332487102708-1 range_search matched=1660920 of 3333334 in 7ms
20:47:43 [C] accepted forwarded query req-181332487102708-1 (target=C)
20:47:43 [C] rid=req-181332487110333-2 range_search matched=1660920 of 3333334 in 5ms
20:47:43 [C] accepted forwarded query req-181332487110333-2 (target=C)
20:47:43 [C] rid=req-181332487118291-3 range_search matched=1660920 of 3333334 in 8ms
20:47:43 [C] accepted forwarded query req-181332487118291-3 (target=C)
20:47:43 [C] rid=req-181332487126541-4 range_search matched=1660920 of 3333334 in 6ms
20:47:43 [C] accepted forwarded query req-181332487126541-4 (target=C)
20:48:07 [C] rid=req-181356366611583-1 range_search matched=1660920 of 3333334 in 5ms
20:48:07 [C] accepted forwarded query req-181356366611583-1 (target=C)
20:48:07 [C] rid=req-181356366625041-2 range_search matched=1660920 of 3333334 in 6ms
20:48:07 [C] accepted forwarded query req-181356366625041-2 (target=C)
20:48:07 [C] rid=req-181356366634083-4 range_search matched=1660920 of 3333334 in 6ms
20:48:07 [C] accepted forwarded query req-181356366634083-4 (target=C)
20:48:07 [C] rid=req-181356366625083-3 range_search matched=1660920 of 3333334 in 5ms
20:48:07 [C] accepted forwarded query req-181356366625083-3 (target=C)
20:48:30 [C] rid=req-181379433032166-1 range_search matched=3332049 of 3333334 in 8ms
20:48:30 [C] accepted forwarded query req-181379433032166-1 (target=C)
20:48:44 [C] rid=req-181393337843833-1 range_search matched=3332049 of 3333334 in 6ms
20:48:44 [C] accepted forwarded query req-181393337843833-1 (target=C)
20:48:58 [C] rid=req-181407180830458-1 range_search matched=3332049 of 3333334 in 6ms
20:48:58 [C] accepted forwarded query req-181407180830458-1 (target=C)
20:49:12 [C] rid=req-181421132959083-2 range_search matched=3332049 of 3333334 in 5ms
20:49:12 [C] accepted forwarded query req-181421132959083-2 (target=C)
20:49:12 [C] rid=req-181421132955291-1 range_search matched=3332049 of 3333334 in 7ms
20:49:12 [C] accepted forwarded query req-181421132955291-1 (target=C)
20:49:36 [C] rid=req-181445754448833-1 range_search matched=3332049 of 3333334 in 7ms
20:49:36 [C] accepted forwarded query req-181445754448833-1 (target=C)
20:49:36 [C] rid=req-181445754454583-2 range_search matched=3332049 of 3333334 in 8ms
20:49:36 [C] accepted forwarded query req-181445754454583-2 (target=C)
20:50:01 [C] rid=req-181470245390958-1 range_search matched=3332049 of 3333334 in 7ms
20:50:01 [C] accepted forwarded query req-181470245390958-1 (target=C)
20:50:01 [C] rid=req-181470245397000-2 range_search matched=3332049 of 3333334 in 7ms
20:50:01 [C] accepted forwarded query req-181470245397000-2 (target=C)
20:50:25 [C] rid=req-181494630973541-1 range_search matched=3332049 of 3333334 in 6ms
20:50:25 [C] accepted forwarded query req-181494630973541-1 (target=C)
20:50:25 [C] rid=req-181494630981625-2 range_search matched=3332049 of 3333334 in 7ms
20:50:25 [C] accepted forwarded query req-181494630981625-2 (target=C)
20:50:25 [C] rid=req-181494631021625-4 range_search matched=3332049 of 3333334 in 7ms
20:50:25 [C] accepted forwarded query req-181494631021625-4 (target=C)
20:50:25 [C] rid=req-181494630996666-3 range_search matched=3332049 of 3333334 in 7ms
20:50:25 [C] accepted forwarded query req-181494630996666-3 (target=C)
20:51:15 [C] rid=req-181544252308916-1 range_search matched=3332049 of 3333334 in 19ms
20:51:15 [C] accepted forwarded query req-181544252308916-1 (target=C)
20:51:15 [C] rid=req-181544252327750-2 range_search matched=3332049 of 3333334 in 14ms
20:51:15 [C] accepted forwarded query req-181544252327750-2 (target=C)
20:51:15 [C] rid=req-181544252346708-4 range_search matched=3332049 of 3333334 in 10ms
20:51:15 [C] accepted forwarded query req-181544252346708-4 (target=C)
20:51:15 [C] rid=req-181544252330000-3 range_search matched=3332049 of 3333334 in 8ms
20:51:15 [C] accepted forwarded query req-181544252330000-3 (target=C)
20:52:05 [C] rid=req-181594414446875-1 range_search matched=3332049 of 3333334 in 19ms
20:52:05 [C] accepted forwarded query req-181594414446875-1 (target=C)
20:52:05 [C] rid=req-181594414465250-3 range_search matched=3332049 of 3333334 in 15ms
20:52:05 [C] accepted forwarded query req-181594414465250-3 (target=C)
20:52:05 [C] rid=req-181594414462541-2 range_search matched=3332049 of 3333334 in 14ms
20:52:05 [C] accepted forwarded query req-181594414462541-2 (target=C)
20:52:05 [C] rid=req-181594414485125-4 range_search matched=3332049 of 3333334 in 10ms
20:52:05 [C] accepted forwarded query req-181594414485125-4 (target=C)
20:52:55 [C] shutdown requested
