[launcher] node=D impl=python overlay=/Users/spartan/mini_2/config/topo/chain.yaml data=/Users/spartan/mini_2/data/partitions
2026-04-30 20:46:21,128 INFO mini2.node: [D] loaded 3333334 partition rows from /Users/spartan/mini_2/data/partitions/D.csv
2026-04-30 20:46:21,135 INFO mini2.node: [D] Python node listening on 0.0.0.0:50054 (advertised 192.168.50.2:50054), role=peer team=blue
2026-04-30 20:46:22,783 INFO mini2.node: [D] rid=req-181251800019250-1 range_search matched=1660503 of 3333334 in 4.88 ms
2026-04-30 20:46:22,783 INFO mini2.node: [D] accepted forwarded query req-181251800019250-1 (target=D)
2026-04-30 20:46:30,098 INFO mini2.node: [D] rid=req-181259116630500-1 range_search matched=1660503 of 3333334 in 4.43 ms
2026-04-30 20:46:30,098 INFO mini2.node: [D] accepted forwarded query req-181259116630500-1 (target=D)
2026-04-30 20:46:37,189 INFO mini2.node: [D] rid=req-181266207402041-1 range_search matched=1660503 of 3333334 in 4.61 ms
2026-04-30 20:46:37,189 INFO mini2.node: [D] accepted forwarded query req-181266207402041-1 (target=D)
2026-04-30 20:46:44,156 INFO mini2.node: [D] rid=req-181273171401958-1 range_search matched=1660503 of 3333334 in 3.58 ms
2026-04-30 20:46:44,156 INFO mini2.node: [D] accepted forwarded query req-181273171401958-1 (target=D)
2026-04-30 20:46:44,160 INFO mini2.node: [D] rid=req-181273171409541-2 range_search matched=1660503 of 3333334 in 4.03 ms
2026-04-30 20:46:44,160 INFO mini2.node: [D] accepted forwarded query req-181273171409541-2 (target=D)
2026-04-30 20:46:56,173 INFO mini2.node: [D] rid=req-181285189313041-2 range_search matched=1660503 of 3333334 in 3.35 ms
2026-04-30 20:46:56,173 INFO mini2.node: [D] accepted forwarded query req-181285189313041-2 (target=D)
2026-04-30 20:46:56,177 INFO mini2.node: [D] rid=req-181285189307291-1 range_search matched=1660503 of 3333334 in 4.21 ms
2026-04-30 20:46:56,177 INFO mini2.node: [D] accepted forwarded query req-181285189307291-1 (target=D)
2026-04-30 20:47:08,227 INFO mini2.node: [D] rid=req-181297243673500-1 range_search matched=1660503 of 3333334 in 3.20 ms
2026-04-30 20:47:08,227 INFO mini2.node: [D] accepted forwarded query req-181297243673500-1 (target=D)
2026-04-30 20:47:08,231 INFO mini2.node: [D] rid=req-181297243678625-2 range_search matched=1660503 of 3333334 in 3.14 ms
2026-04-30 20:47:08,231 INFO mini2.node: [D] accepted forwarded query req-181297243678625-2 (target=D)
2026-04-30 20:47:20,174 INFO mini2.node: [D] rid=req-181309190318291-4 range_search matched=1660503 of 3333334 in 3.34 ms
2026-04-30 20:47:20,174 INFO mini2.node: [D] accepted forwarded query req-181309190318291-4 (target=D)
2026-04-30 20:47:20,181 INFO mini2.node: [D] rid=req-181309190314791-3 range_search matched=1660503 of 3333334 in 3.50 ms
2026-04-30 20:47:20,181 INFO mini2.node: [D] accepted forwarded query req-181309190314791-3 (target=D)
2026-04-30 20:47:20,230 INFO mini2.node: [D] rid=req-181309190306166-2 range_search matched=1660503 of 3333334 in 3.42 ms
2026-04-30 20:47:20,230 INFO mini2.node: [D] accepted forwarded query req-181309190306166-2 (target=D)
2026-04-30 20:47:20,234 INFO mini2.node: [D] rid=req-181309190298791-1 range_search matched=1660503 of 3333334 in 3.27 ms
2026-04-30 20:47:20,234 INFO mini2.node: [D] accepted forwarded query req-181309190298791-1 (target=D)
2026-04-30 20:47:43,475 INFO mini2.node: [D] rid=req-181332487102708-1 range_search matched=1660503 of 3333334 in 6.49 ms
2026-04-30 20:47:43,475 INFO mini2.node: [D] accepted forwarded query req-181332487102708-1 (target=D)
2026-04-30 20:47:43,479 INFO mini2.node: [D] rid=req-181332487110333-2 range_search matched=1660503 of 3333334 in 3.72 ms
2026-04-30 20:47:43,479 INFO mini2.node: [D] accepted forwarded query req-181332487110333-2 (target=D)
2026-04-30 20:47:43,535 INFO mini2.node: [D] rid=req-181332487118291-3 range_search matched=1660503 of 3333334 in 4.25 ms
2026-04-30 20:47:43,535 INFO mini2.node: [D] accepted forwarded query req-181332487118291-3 (target=D)
2026-04-30 20:47:43,541 INFO mini2.node: [D] rid=req-181332487126541-4 range_search matched=1660503 of 3333334 in 4.91 ms
2026-04-30 20:47:43,541 INFO mini2.node: [D] accepted forwarded query req-181332487126541-4 (target=D)
2026-04-30 20:48:07,351 INFO mini2.node: [D] rid=req-181356366611583-1 range_search matched=1660503 of 3333334 in 5.28 ms
2026-04-30 20:48:07,351 INFO mini2.node: [D] accepted forwarded query req-181356366611583-1 (target=D)
2026-04-30 20:48:07,369 INFO mini2.node: [D] rid=req-181356366625041-2 range_search matched=1660503 of 3333334 in 3.33 ms
2026-04-30 20:48:07,369 INFO mini2.node: [D] accepted forwarded query req-181356366625041-2 (target=D)
2026-04-30 20:48:07,373 INFO mini2.node: [D] rid=req-181356366634083-4 range_search matched=1660503 of 3333334 in 3.36 ms
2026-04-30 20:48:07,373 INFO mini2.node: [D] accepted forwarded query req-181356366634083-4 (target=D)
2026-04-30 20:48:07,377 INFO mini2.node: [D] rid=req-181356366625083-3 range_search matched=1660503 of 3333334 in 3.60 ms
2026-04-30 20:48:07,377 INFO mini2.node: [D] accepted forwarded query req-181356366625083-3 (target=D)
2026-04-30 20:48:30,416 INFO mini2.node: [D] rid=req-181379433032166-1 range_search matched=3331982 of 3333334 in 5.07 ms
2026-04-30 20:48:30,416 INFO mini2.node: [D] accepted forwarded query req-181379433032166-1 (target=D)
2026-04-30 20:48:44,318 INFO mini2.node: [D] rid=req-181393337843833-1 range_search matched=3331982 of 3333334 in 4.10 ms
2026-04-30 20:48:44,318 INFO mini2.node: [D] accepted forwarded query req-181393337843833-1 (target=D)
2026-04-30 20:48:58,159 INFO mini2.node: [D] rid=req-181407180830458-1 range_search matched=3331982 of 3333334 in 3.20 ms
2026-04-30 20:48:58,160 INFO mini2.node: [D] accepted forwarded query req-181407180830458-1 (target=D)
2026-04-30 20:49:12,117 INFO mini2.node: [D] rid=req-181421132959083-2 range_search matched=3331982 of 3333334 in 5.24 ms
2026-04-30 20:49:12,117 INFO mini2.node: [D] accepted forwarded query req-181421132959083-2 (target=D)
2026-04-30 20:49:12,122 INFO mini2.node: [D] rid=req-181421132955291-1 range_search matched=3331982 of 3333334 in 5.01 ms
2026-04-30 20:49:12,122 INFO mini2.node: [D] accepted forwarded query req-181421132955291-1 (target=D)
2026-04-30 20:49:36,742 INFO mini2.node: [D] rid=req-181445754448833-1 range_search matched=3331982 of 3333334 in 6.69 ms
2026-04-30 20:49:36,742 INFO mini2.node: [D] accepted forwarded query req-181445754448833-1 (target=D)
2026-04-30 20:49:36,747 INFO mini2.node: [D] rid=req-181445754454583-2 range_search matched=3331982 of 3333334 in 4.64 ms
2026-04-30 20:49:36,747 INFO mini2.node: [D] accepted forwarded query req-181445754454583-2 (target=D)
2026-04-30 20:50:01,232 INFO mini2.node: [D] rid=req-181470245390958-1 range_search matched=3331982 of 3333334 in 6.32 ms
2026-04-30 20:50:01,232 INFO mini2.node: [D] accepted forwarded query req-181470245390958-1 (target=D)
2026-04-30 20:50:01,238 INFO mini2.node: [D] rid=req-181470245397000-2 range_search matched=3331982 of 3333334 in 5.83 ms
2026-04-30 20:50:01,238 INFO mini2.node: [D] accepted forwarded query req-181470245397000-2 (target=D)
2026-04-30 20:50:25,615 INFO mini2.node: [D] rid=req-181494630973541-1 range_search matched=3331982 of 3333334 in 5.98 ms
2026-04-30 20:50:25,616 INFO mini2.node: [D] accepted forwarded query req-181494630973541-1 (target=D)
2026-04-30 20:50:25,622 INFO mini2.node: [D] rid=req-181494630981625-2 range_search matched=3331982 of 3333334 in 5.87 ms
2026-04-30 20:50:25,623 INFO mini2.node: [D] accepted forwarded query req-181494630981625-2 (target=D)
2026-04-30 20:50:25,661 INFO mini2.node: [D] rid=req-181494630996666-3 range_search matched=3331982 of 3333334 in 3.53 ms
2026-04-30 20:50:25,661 INFO mini2.node: [D] accepted forwarded query req-181494630996666-3 (target=D)
2026-04-30 20:50:25,664 INFO mini2.node: [D] rid=req-181494631021625-4 range_search matched=3331982 of 3333334 in 3.40 ms
2026-04-30 20:50:25,664 INFO mini2.node: [D] accepted forwarded query req-181494631021625-4 (target=D)
2026-04-30 20:51:15,277 INFO mini2.node: [D] rid=req-181544252308916-1 range_search matched=3331982 of 3333334 in 32.20 ms
2026-04-30 20:51:15,277 INFO mini2.node: [D] accepted forwarded query req-181544252308916-1 (target=D)
2026-04-30 20:51:15,291 INFO mini2.node: [D] rid=req-181544252327750-2 range_search matched=3331982 of 3333334 in 13.20 ms
2026-04-30 20:51:15,291 INFO mini2.node: [D] accepted forwarded query req-181544252327750-2 (target=D)
2026-04-30 20:51:15,296 INFO mini2.node: [D] rid=req-181544252346708-4 range_search matched=3331982 of 3333334 in 5.80 ms
2026-04-30 20:51:15,297 INFO mini2.node: [D] accepted forwarded query req-181544252346708-4 (target=D)
2026-04-30 20:51:15,304 INFO mini2.node: [D] rid=req-181544252330000-3 range_search matched=3331982 of 3333334 in 7.61 ms
2026-04-30 20:51:15,305 INFO mini2.node: [D] accepted forwarded query req-181544252330000-3 (target=D)
2026-04-30 20:52:05,426 INFO mini2.node: [D] rid=req-181594414446875-1 range_search matched=3331982 of 3333334 in 20.95 ms
2026-04-30 20:52:05,427 INFO mini2.node: [D] accepted forwarded query req-181594414446875-1 (target=D)
2026-04-30 20:52:05,438 INFO mini2.node: [D] rid=req-181594414465250-3 range_search matched=3331982 of 3333334 in 11.10 ms
2026-04-30 20:52:05,438 INFO mini2.node: [D] accepted forwarded query req-181594414465250-3 (target=D)
2026-04-30 20:52:05,462 INFO mini2.node: [D] rid=req-181594414462541-2 range_search matched=3331982 of 3333334 in 12.91 ms
2026-04-30 20:52:05,462 INFO mini2.node: [D] accepted forwarded query req-181594414462541-2 (target=D)
2026-04-30 20:52:05,473 INFO mini2.node: [D] rid=req-181594414485125-4 range_search matched=3331982 of 3333334 in 10.38 ms
2026-04-30 20:52:05,473 INFO mini2.node: [D] accepted forwarded query req-181594414485125-4 (target=D)
2026-04-30 20:52:55,091 INFO mini2.node: [D] shutting down
