[launcher] node=A impl=cpp overlay=/Users/spartan/mini_2/config/overlay.yaml data=/Users/spartan/mini_2/data/partitions_consistent_hash
22:42:52 [A] loaded 7299081 rows from /Users/spartan/mini_2/data/partitions_consistent_hash/A.csv in 3287ms
22:42:52 [A] column range table: 17 columns in 146ms
22:42:52 [A] smart routing enabled: scheme=consistent_hash
[A] worker_threads=16
22:42:52 [A] listening on 0.0.0.0:50051 role=gateway team=blue
22:42:55 [A] SubmitQuery rid=req-1138645531305416-1 preds=1
22:42:55 [A] rid=req-1138645531305416-1 range_search matched=114931 of 7299081 in 9ms
22:42:55 [A] smart-route rid=req-1138645531305416-1 hit 6/9 owners; skipped: C F I 
22:43:06 [A] forward→H via H failed after retries: failed to connect to all addresses; last error: UNKNOWN: ipv4:192.168.50.1:50058: Failed to connect to remote host: Connection refused
22:43:06 [A] PullChunk→D failed: failed to connect to all addresses; last error: UNKNOWN: ipv4:192.168.50.2:50054: Failed to connect to remote host: Connection refused
22:43:06 [A] SubmitQuery rid=req-1138656690064791-1 preds=1
22:43:06 [A] rid=req-1138656690064791-1 range_search matched=114931 of 7299081 in 11ms
22:43:06 [A] smart-route rid=req-1138656690064791-1 hit 6/9 owners; skipped: C F I 
22:43:11 [A] PullChunk→D failed: failed to connect to all addresses; last error: UNKNOWN: ipv4:192.168.50.2:50054: Failed to connect to remote host: Connection refused
22:43:11 [A] rid=req-1138656690064791-1 done; total=176243 owners_hit=5/6
22:43:11 [A] SubmitQuery rid=req-1138661611025375-1 preds=1
22:43:11 [A] rid=req-1138661611025375-1 range_search matched=114931 of 7299081 in 6ms
22:43:11 [A] smart-route rid=req-1138661611025375-1 hit 6/9 owners; skipped: C F I 
22:43:12 [A] PullChunk→D failed: failed to connect to all addresses; last error: UNKNOWN: ipv4:192.168.50.2:50054: Failed to connect to remote host: Connection refused
22:43:12 [A] rid=req-1138661611025375-1 done; total=176243 owners_hit=5/6
22:43:12 [A] SubmitQuery rid=req-1138662196142375-1 preds=1
22:43:12 [A] rid=req-1138662196142375-1 range_search matched=114931 of 7299081 in 4ms
22:43:12 [A] smart-route rid=req-1138662196142375-1 hit 6/9 owners; skipped: C F I 
22:43:12 [A] PullChunk→D failed: failed to connect to all addresses; last error: UNKNOWN: ipv4:192.168.50.2:50054: Failed to connect to remote host: Connection refused
22:43:12 [A] rid=req-1138662196142375-1 done; total=176243 owners_hit=5/6
22:43:12 [A] SubmitQuery rid=req-1138662742272666-2 preds=1
22:43:12 [A] SubmitQuery rid=req-1138662742284125-3 preds=1
22:43:12 [A] SubmitQuery rid=req-1138662742270458-1 preds=1
22:43:12 [A] SubmitQuery rid=req-1138662742295291-4 preds=1
22:43:12 [A] rid=req-1138662742272666-2 range_search matched=114931 of 7299081 in 6ms
22:43:12 [A] smart-route rid=req-1138662742272666-2 hit 6/9 owners; skipped: C F I 
22:43:12 [A] rid=req-1138662742284125-3 range_search matched=114931 of 7299081 in 6ms
22:43:12 [A] smart-route rid=req-1138662742284125-3 hit 6/9 owners; skipped: C F I 
22:43:12 [A] rid=req-1138662742270458-1 range_search matched=114931 of 7299081 in 6ms
22:43:12 [A] smart-route rid=req-1138662742270458-1 hit 6/9 owners; skipped: C F I 
22:43:12 [A] rid=req-1138662742295291-4 range_search matched=114931 of 7299081 in 6ms
22:43:12 [A] smart-route rid=req-1138662742295291-4 hit 6/9 owners; skipped: C F I 
22:43:13 [A] PullChunk→D failed: failed to connect to all addresses; last error: UNKNOWN: ipv4:192.168.50.2:50054: Failed to connect to remote host: Connection refused
22:43:13 [A] PullChunk→D failed: failed to connect to all addresses; last error: UNKNOWN: ipv4:192.168.50.2:50054: Failed to connect to remote host: Connection refused
22:43:13 [A] PullChunk→D failed: failed to connect to all addresses; last error: UNKNOWN: ipv4:192.168.50.2:50054: Failed to connect to remote host: Connection refused
22:43:14 [A] PullChunk→D failed: failed to connect to all addresses; last error: UNKNOWN: ipv4:192.168.50.2:50054: Failed to connect to remote host: Connection refused
22:43:14 [A] rid=req-1138662742284125-3 done; total=176243 owners_hit=5/6
22:43:14 [A] rid=req-1138662742270458-1 done; total=176243 owners_hit=5/6
22:43:14 [A] rid=req-1138662742272666-2 done; total=176243 owners_hit=5/6
22:43:14 [A] rid=req-1138662742295291-4 done; total=176243 owners_hit=5/6
22:43:14 [A] SubmitQuery rid=req-1138664490781041-2 preds=1
22:43:14 [A] SubmitQuery rid=req-1138664490771791-1 preds=1
22:43:14 [A] SubmitQuery rid=req-1138664490791541-3 preds=1
22:43:14 [A] SubmitQuery rid=req-1138664490817583-4 preds=1
22:43:14 [A] rid=req-1138664490781041-2 range_search matched=114931 of 7299081 in 6ms
22:43:14 [A] smart-route rid=req-1138664490781041-2 hit 6/9 owners; skipped: C F I 
22:43:14 [A] rid=req-1138664490771791-1 range_search matched=114931 of 7299081 in 7ms
22:43:14 [A] smart-route rid=req-1138664490771791-1 hit 6/9 owners; skipped: C F I 
22:43:14 [A] rid=req-1138664490791541-3 range_search matched=114931 of 7299081 in 6ms
22:43:14 [A] smart-route rid=req-1138664490791541-3 hit 6/9 owners; skipped: C F I 
22:43:14 [A] rid=req-1138664490817583-4 range_search matched=114931 of 7299081 in 7ms
22:43:14 [A] smart-route rid=req-1138664490817583-4 hit 6/9 owners; skipped: C F I 
22:43:14 [A] PullChunk→D failed: failed to connect to all addresses; last error: UNKNOWN: ipv4:192.168.50.2:50054: Failed to connect to remote host: Connection refused
22:43:15 [A] PullChunk→D failed: failed to connect to all addresses; last error: UNKNOWN: ipv4:192.168.50.2:50054: Failed to connect to remote host: Connection refused
22:43:15 [A] PullChunk→D failed: failed to connect to all addresses; last error: UNKNOWN: ipv4:192.168.50.2:50054: Failed to connect to remote host: Connection refused
22:43:15 [A] PullChunk→D failed: failed to connect to all addresses; last error: UNKNOWN: ipv4:192.168.50.2:50054: Failed to connect to remote host: Connection refused
22:43:16 [A] rid=req-1138664490817583-4 done; total=176243 owners_hit=5/6
22:43:16 [A] rid=req-1138664490781041-2 done; total=176243 owners_hit=5/6
22:43:16 [A] rid=req-1138664490791541-3 done; total=176243 owners_hit=5/6
22:43:16 [A] rid=req-1138664490771791-1 done; total=176243 owners_hit=5/6
22:43:16 [A] SubmitQuery rid=req-1138666265156458-1 preds=1
22:43:16 [A] rid=req-1138666265156458-1 range_search matched=162999 of 7299081 in 6ms
22:43:16 [A] PullChunk→D failed: failed to connect to all addresses; last error: UNKNOWN: ipv4:192.168.50.2:50054: Failed to connect to remote host: Connection refused
22:43:17 [A] rid=req-1138666265156458-1 done; total=1639811 owners_hit=8/9
22:43:17 [A] SubmitQuery rid=req-1138667913396500-1 preds=1
22:43:17 [A] rid=req-1138667913396500-1 range_search matched=162999 of 7299081 in 6ms
22:43:18 [A] PullChunk→D failed: failed to connect to all addresses; last error: UNKNOWN: ipv4:192.168.50.2:50054: Failed to connect to remote host: Connection refused
22:43:19 [A] rid=req-1138667913396500-1 done; total=1639811 owners_hit=8/9
22:43:19 [A] SubmitQuery rid=req-1138669615034958-2 preds=1
22:43:19 [A] SubmitQuery rid=req-1138669615012250-1 preds=1
22:43:19 [A] SubmitQuery rid=req-1138669615037666-3 preds=1
22:43:19 [A] SubmitQuery rid=req-1138669615058333-4 preds=1
22:43:19 [A] rid=req-1138669615034958-2 range_search matched=162999 of 7299081 in 12ms
22:43:19 [A] rid=req-1138669615012250-1 range_search matched=162999 of 7299081 in 9ms
22:43:19 [A] rid=req-1138669615058333-4 range_search matched=162999 of 7299081 in 6ms
22:43:19 [A] rid=req-1138669615037666-3 range_search matched=162999 of 7299081 in 8ms
22:43:20 [A] PullChunk→D failed: failed to connect to all addresses; last error: UNKNOWN: ipv4:192.168.50.2:50054: Failed to connect to remote host: Connection refused
22:43:20 [A] PullChunk→D failed: failed to connect to all addresses; last error: UNKNOWN: ipv4:192.168.50.2:50054: Failed to connect to remote host: Connection refused
22:43:21 [A] PullChunk→D failed: failed to connect to all addresses; last error: UNKNOWN: ipv4:192.168.50.2:50054: Failed to connect to remote host: Connection refused
22:43:21 [A] PullChunk→D failed: failed to connect to all addresses; last error: UNKNOWN: ipv4:192.168.50.2:50054: Failed to connect to remote host: Connection refused
22:43:24 [A] rid=req-1138669615012250-1 done; total=1639811 owners_hit=8/9
22:43:24 [A] rid=req-1138669615034958-2 done; total=1639811 owners_hit=8/9
22:43:24 [A] rid=req-1138669615058333-4 done; total=1639811 owners_hit=8/9
22:43:24 [A] rid=req-1138669615037666-3 done; total=1639811 owners_hit=8/9
22:43:24 [A] SubmitQuery rid=req-1138674474554500-3 preds=1
22:43:24 [A] SubmitQuery rid=req-1138674474544958-2 preds=1
22:43:24 [A] SubmitQuery rid=req-1138674474537000-1 preds=1
22:43:24 [A] SubmitQuery rid=req-1138674474573916-4 preds=1
22:43:24 [A] rid=req-1138674474554500-3 range_search matched=162999 of 7299081 in 7ms
22:43:24 [A] rid=req-1138674474544958-2 range_search matched=162999 of 7299081 in 7ms
22:43:24 [A] rid=req-1138674474537000-1 range_search matched=162999 of 7299081 in 9ms
22:43:24 [A] rid=req-1138674474573916-4 range_search matched=162999 of 7299081 in 7ms
22:43:25 [A] PullChunk→D failed: failed to connect to all addresses; last error: UNKNOWN: ipv4:192.168.50.2:50054: Failed to connect to remote host: Connection refused
22:43:25 [A] PullChunk→D failed: failed to connect to all addresses; last error: UNKNOWN: ipv4:192.168.50.2:50054: Failed to connect to remote host: Connection refused
22:43:25 [A] PullChunk→D failed: failed to connect to all addresses; last error: UNKNOWN: ipv4:192.168.50.2:50054: Failed to connect to remote host: Connection refused
22:43:26 [A] PullChunk→D failed: failed to connect to all addresses; last error: UNKNOWN: ipv4:192.168.50.2:50054: Failed to connect to remote host: Connection refused
22:43:29 [A] rid=req-1138674474554500-3 done; total=1639811 owners_hit=8/9
22:43:29 [A] rid=req-1138674474573916-4 done; total=1639811 owners_hit=8/9
22:43:29 [A] rid=req-1138674474544958-2 done; total=1639811 owners_hit=8/9
22:43:29 [A] rid=req-1138674474537000-1 done; total=1639811 owners_hit=8/9
22:43:29 [A] SubmitQuery rid=req-1138679410590916-1 preds=1
22:43:29 [A] rid=req-1138679410590916-1 range_search matched=3056213 of 7299081 in 22ms
22:43:30 [A] PullChunk→D failed: failed to connect to all addresses; last error: UNKNOWN: ipv4:192.168.50.2:50054: Failed to connect to remote host: Connection refused
22:43:49 [A] rid=req-1138679410590916-1 done; total=29958780 owners_hit=8/9
22:43:49 [A] SubmitQuery rid=req-1138699879049583-1 preds=1
22:43:49 [A] rid=req-1138699879049583-1 range_search matched=3056213 of 7299081 in 31ms
22:44:10 [A] rid=req-1138699879049583-1 done; total=34764991 owners_hit=9/9
22:44:10 [A] SubmitQuery rid=req-1138720843993583-1 preds=1
22:44:10 [A] SubmitQuery rid=req-1138720843999041-2 preds=1
22:44:10 [A] SubmitQuery rid=req-1138720844005041-3 preds=1
22:44:10 [A] SubmitQuery rid=req-1138720844015708-4 preds=1
22:44:10 [A] rid=req-1138720843993583-1 range_search matched=3056213 of 7299081 in 29ms
22:44:10 [A] rid=req-1138720844005041-3 range_search matched=3056213 of 7299081 in 22ms
22:44:10 [A] rid=req-1138720843999041-2 range_search matched=3056213 of 7299081 in 24ms
22:44:10 [A] rid=req-1138720844015708-4 range_search matched=3056213 of 7299081 in 17ms
22:44:14 [A] PullChunk→C failed: Server Threadpool Exhausted
22:44:16 [A] PullChunk→E failed: Server Threadpool Exhausted
22:44:16 [A] PullChunk→B failed: Server Threadpool Exhausted
22:44:16 [A] PullChunk→E failed: Server Threadpool Exhausted
22:45:24 [A] rid=req-1138720843993583-1 done; total=32698438 owners_hit=9/9
22:45:25 [A] rid=req-1138720844005041-3 done; total=34764991 owners_hit=9/9
22:45:25 [A] rid=req-1138720843999041-2 done; total=34764991 owners_hit=9/9
22:45:25 [A] rid=req-1138720844015708-4 done; total=25042877 owners_hit=9/9
22:45:25 [A] SubmitQuery rid=req-1138795758071208-1 preds=1
22:45:25 [A] SubmitQuery rid=req-1138795758081333-2 preds=1
22:45:25 [A] SubmitQuery rid=req-1138795758091916-3 preds=1
22:45:25 [A] SubmitQuery rid=req-1138795758105750-4 preds=1
22:45:25 [A] rid=req-1138795758071208-1 range_search matched=3056213 of 7299081 in 21ms
22:45:25 [A] rid=req-1138795758081333-2 range_search matched=3056213 of 7299081 in 27ms
22:45:25 [A] rid=req-1138795758091916-3 range_search matched=3056213 of 7299081 in 31ms
22:45:25 [A] rid=req-1138795758105750-4 range_search matched=3056213 of 7299081 in 78ms
22:45:29 [A] PullChunk→C failed: Server Threadpool Exhausted
22:45:29 [A] PullChunk→E failed: Server Threadpool Exhausted
22:45:29 [A] PullChunk→F failed: Server Threadpool Exhausted
22:45:29 [A] PullChunk→B failed: Server Threadpool Exhausted
22:45:29 [A] PullChunk→E failed: Server Threadpool Exhausted
22:46:44 [A] rid=req-1138795758071208-1 done; total=26219244 owners_hit=9/9
22:46:45 [A] rid=req-1138795758091916-3 done; total=29236213 owners_hit=9/9
22:46:45 [A] rid=req-1138795758081333-2 done; total=32403148 owners_hit=9/9
22:46:45 [A] rid=req-1138795758105750-4 done; total=34764991 owners_hit=9/9
22:46:46 [A] SubmitQuery rid=req-1138876025856083-1 preds=1
22:46:46 [A] rid=req-1138876025856083-1 range_search matched=7296147 of 7299081 in 29ms
22:47:27 [A] rid=req-1138876025856083-1 done; total=69973589 owners_hit=9/9
22:47:28 [A] SubmitQuery rid=req-1138918030847000-1 preds=1
22:47:28 [A] rid=req-1138918030847000-1 range_search matched=7296147 of 7299081 in 69ms
22:48:08 [A] rid=req-1138918030847000-1 done; total=69973589 owners_hit=9/9
22:48:08 [A] SubmitQuery rid=req-1138958762444791-1 preds=1
22:48:08 [A] SubmitQuery rid=req-1138958762452250-2 preds=1
22:48:08 [A] SubmitQuery rid=req-1138958762461208-3 preds=1
22:48:08 [A] SubmitQuery rid=req-1138958762477125-4 preds=1
22:48:08 [A] rid=req-1138958762444791-1 range_search matched=7296147 of 7299081 in 62ms
22:48:08 [A] rid=req-1138958762452250-2 range_search matched=7296147 of 7299081 in 25ms
22:48:08 [A] rid=req-1138958762461208-3 range_search matched=7296147 of 7299081 in 21ms
22:48:08 [A] rid=req-1138958762477125-4 range_search matched=7296147 of 7299081 in 21ms
22:48:12 [A] PullChunk→B failed: Server Threadpool Exhausted
22:48:14 [A] PullChunk→C failed: Server Threadpool Exhausted
22:48:15 [A] PullChunk→B failed: Server Threadpool Exhausted
22:51:02 [A] rid=req-1138958762444791-1 done; total=62212304 owners_hit=9/9
22:51:03 [A] rid=req-1138958762477125-4 done; total=64182083 owners_hit=9/9
22:51:04 [A] rid=req-1138958762461208-3 done; total=69973589 owners_hit=9/9
22:51:04 [A] rid=req-1138958762452250-2 done; total=62419920 owners_hit=9/9
22:51:04 [A] SubmitQuery rid=req-1139134755296375-1 preds=1
22:51:04 [A] SubmitQuery rid=req-1139134755302916-2 preds=1
22:51:04 [A] SubmitQuery rid=req-1139134755334291-4 preds=1
22:51:04 [A] SubmitQuery rid=req-1139134755321916-3 preds=1
22:51:04 [A] rid=req-1139134755296375-1 range_search matched=7296147 of 7299081 in 32ms
22:51:04 [A] rid=req-1139134755302916-2 range_search matched=7296147 of 7299081 in 35ms
22:51:04 [A] rid=req-1139134755334291-4 range_search matched=7296147 of 7299081 in 53ms
22:51:04 [A] rid=req-1139134755321916-3 range_search matched=7296147 of 7299081 in 58ms
22:51:10 [A] PullChunk→B failed: Server Threadpool Exhausted
22:51:14 [A] PullChunk→C failed: Server Threadpool Exhausted
22:51:20 [A] PullChunk→E failed: Server Threadpool Exhausted
22:54:06 [A] rid=req-1139134755296375-1 done; total=57441090 owners_hit=9/9
22:54:07 [A] rid=req-1139134755302916-2 done; total=64815010 owners_hit=9/9
22:54:07 [A] rid=req-1139134755334291-4 done; total=69973589 owners_hit=9/9
22:54:07 [A] rid=req-1139134755321916-3 done; total=69973589 owners_hit=9/9
22:54:08 [A] shutdown requested
