[launcher] node=C impl=cpp overlay=/Users/spartan/mini_2/config/overlay.yaml data=/Users/spartan/mini_2/data/partitions_consistent_hash
22:42:51 [C] loaded 6763252 rows from /Users/spartan/mini_2/data/partitions_consistent_hash/C.csv in 2464ms
22:42:51 [C] column range table: 17 columns in 46ms
[C] worker_threads=16
22:42:51 [C] listening on 0.0.0.0:50053 role=peer team=yellow
22:43:16 [C] rid=req-1138666265156458-1 range_search matched=115510 of 6763252 in 23ms
22:43:16 [C] accepted forwarded query req-1138666265156458-1 (target=C)
22:43:17 [C] rid=req-1138667913396500-1 range_search matched=115510 of 6763252 in 5ms
22:43:17 [C] accepted forwarded query req-1138667913396500-1 (target=C)
22:43:19 [C] rid=req-1138669615034958-2 range_search matched=115510 of 6763252 in 16ms
22:43:19 [C] accepted forwarded query req-1138669615034958-2 (target=C)
22:43:19 [C] rid=req-1138669615012250-1 range_search matched=115510 of 6763252 in 8ms
22:43:19 [C] accepted forwarded query req-1138669615012250-1 (target=C)
22:43:19 [C] rid=req-1138669615037666-3 range_search matched=115510 of 6763252 in 8ms
22:43:19 [C] accepted forwarded query req-1138669615037666-3 (target=C)
22:43:19 [C] rid=req-1138669615058333-4 range_search matched=115510 of 6763252 in 8ms
22:43:19 [C] accepted forwarded query req-1138669615058333-4 (target=C)
22:43:24 [C] rid=req-1138674474554500-3 range_search matched=115510 of 6763252 in 14ms
22:43:24 [C] accepted forwarded query req-1138674474554500-3 (target=C)
22:43:24 [C] rid=req-1138674474544958-2 range_search matched=115510 of 6763252 in 5ms
22:43:24 [C] accepted forwarded query req-1138674474544958-2 (target=C)
22:43:24 [C] rid=req-1138674474537000-1 range_search matched=115510 of 6763252 in 11ms
22:43:24 [C] accepted forwarded query req-1138674474537000-1 (target=C)
22:43:24 [C] rid=req-1138674474573916-4 range_search matched=115510 of 6763252 in 4ms
22:43:24 [C] accepted forwarded query req-1138674474573916-4 (target=C)
22:43:29 [C] rid=req-1138679410590916-1 range_search matched=2603066 of 6763252 in 20ms
22:43:29 [C] accepted forwarded query req-1138679410590916-1 (target=C)
22:43:49 [C] rid=req-1138699879049583-1 range_search matched=2603066 of 6763252 in 22ms
22:43:49 [C] accepted forwarded query req-1138699879049583-1 (target=C)
22:44:11 [C] rid=req-1138720843993583-1 range_search matched=2603066 of 6763252 in 46ms
22:44:11 [C] accepted forwarded query req-1138720843993583-1 (target=C)
22:44:11 [C] rid=req-1138720844005041-3 range_search matched=2603066 of 6763252 in 13ms
22:44:11 [C] accepted forwarded query req-1138720844005041-3 (target=C)
22:44:11 [C] rid=req-1138720843999041-2 range_search matched=2603066 of 6763252 in 14ms
22:44:11 [C] accepted forwarded query req-1138720843999041-2 (target=C)
22:44:11 [C] rid=req-1138720844015708-4 range_search matched=2603066 of 6763252 in 16ms
22:44:11 [C] accepted forwarded query req-1138720844015708-4 (target=C)
22:45:25 [C] rid=req-1138795758071208-1 range_search matched=2603066 of 6763252 in 83ms
22:45:25 [C] accepted forwarded query req-1138795758071208-1 (target=C)
22:45:25 [C] rid=req-1138795758081333-2 range_search matched=2603066 of 6763252 in 18ms
22:45:25 [C] accepted forwarded query req-1138795758081333-2 (target=C)
22:45:25 [C] rid=req-1138795758091916-3 range_search matched=2603066 of 6763252 in 18ms
22:45:25 [C] accepted forwarded query req-1138795758091916-3 (target=C)
22:45:26 [C] rid=req-1138795758105750-4 range_search matched=2603066 of 6763252 in 15ms
22:45:26 [C] accepted forwarded query req-1138795758105750-4 (target=C)
22:46:46 [C] rid=req-1138876025856083-1 range_search matched=6760555 of 6763252 in 59ms
22:46:46 [C] accepted forwarded query req-1138876025856083-1 (target=C)
22:47:28 [C] rid=req-1138918030847000-1 range_search matched=6760555 of 6763252 in 40ms
22:47:28 [C] accepted forwarded query req-1138918030847000-1 (target=C)
22:48:09 [C] rid=req-1138958762444791-1 range_search matched=6760555 of 6763252 in 74ms
22:48:09 [C] accepted forwarded query req-1138958762444791-1 (target=C)
22:48:09 [C] rid=req-1138958762452250-2 range_search matched=6760555 of 6763252 in 16ms
22:48:09 [C] accepted forwarded query req-1138958762452250-2 (target=C)
22:48:09 [C] rid=req-1138958762461208-3 range_search matched=6760555 of 6763252 in 18ms
22:48:09 [C] accepted forwarded query req-1138958762461208-3 (target=C)
22:48:09 [C] rid=req-1138958762477125-4 range_search matched=6760555 of 6763252 in 15ms
22:48:09 [C] accepted forwarded query req-1138958762477125-4 (target=C)
22:51:04 [C] rid=req-1139134755296375-1 range_search matched=6760555 of 6763252 in 32ms
22:51:04 [C] accepted forwarded query req-1139134755296375-1 (target=C)
22:51:04 [C] rid=req-1139134755302916-2 range_search matched=6760555 of 6763252 in 37ms
22:51:04 [C] accepted forwarded query req-1139134755302916-2 (target=C)
22:51:04 [C] rid=req-1139134755334291-4 range_search matched=6760555 of 6763252 in 30ms
22:51:04 [C] accepted forwarded query req-1139134755334291-4 (target=C)
22:51:05 [C] rid=req-1139134755321916-3 range_search matched=6760555 of 6763252 in 41ms
22:51:05 [C] accepted forwarded query req-1139134755321916-3 (target=C)
22:54:08 [C] shutdown requested
