[launcher] node=E impl=cpp overlay=/Users/spartan/mini_2/config/overlay.yaml data=/Users/spartan/mini_2/data/partitions_consistent_hash
22:42:52 [E] loaded 8937454 rows from /Users/spartan/mini_2/data/partitions_consistent_hash/E.csv in 3828ms
22:42:52 [E] column range table: 17 columns in 137ms
[E] worker_threads=16
22:42:52 [E] listening on 0.0.0.0:50055 role=peer team=yellow
22:42:55 [E] rid=req-1138645531305416-1 range_search matched=12396 of 8937454 in 6ms
22:42:55 [E] accepted forwarded query req-1138645531305416-1 (target=E)
22:43:06 [E] rid=req-1138656690064791-1 range_search matched=12396 of 8937454 in 11ms
22:43:06 [E] accepted forwarded query req-1138656690064791-1 (target=E)
22:43:11 [E] rid=req-1138661611025375-1 range_search matched=12396 of 8937454 in 24ms
22:43:11 [E] accepted forwarded query req-1138661611025375-1 (target=E)
22:43:12 [E] rid=req-1138662196142375-1 range_search matched=12396 of 8937454 in 5ms
22:43:12 [E] accepted forwarded query req-1138662196142375-1 (target=E)
22:43:12 [E] rid=req-1138662742272666-2 range_search matched=12396 of 8937454 in 6ms
22:43:12 [E] accepted forwarded query req-1138662742272666-2 (target=E)
22:43:12 [E] rid=req-1138662742284125-3 range_search matched=12396 of 8937454 in 5ms
22:43:12 [E] accepted forwarded query req-1138662742284125-3 (target=E)
22:43:12 [E] rid=req-1138662742270458-1 range_search matched=12396 of 8937454 in 5ms
22:43:12 [E] accepted forwarded query req-1138662742270458-1 (target=E)
22:43:12 [E] rid=req-1138662742295291-4 range_search matched=12396 of 8937454 in 5ms
22:43:12 [E] accepted forwarded query req-1138662742295291-4 (target=E)
22:43:14 [E] rid=req-1138664490781041-2 range_search matched=12396 of 8937454 in 14ms
22:43:14 [E] accepted forwarded query req-1138664490781041-2 (target=E)
22:43:14 [E] rid=req-1138664490771791-1 range_search matched=12396 of 8937454 in 5ms
22:43:14 [E] accepted forwarded query req-1138664490771791-1 (target=E)
22:43:14 [E] rid=req-1138664490791541-3 range_search matched=12396 of 8937454 in 5ms
22:43:14 [E] accepted forwarded query req-1138664490791541-3 (target=E)
22:43:14 [E] rid=req-1138664490817583-4 range_search matched=12396 of 8937454 in 5ms
22:43:14 [E] accepted forwarded query req-1138664490817583-4 (target=E)
22:43:16 [E] rid=req-1138666265156458-1 range_search matched=262177 of 8937454 in 6ms
22:43:16 [E] accepted forwarded query req-1138666265156458-1 (target=E)
22:43:17 [E] rid=req-1138667913396500-1 range_search matched=262177 of 8937454 in 7ms
22:43:17 [E] accepted forwarded query req-1138667913396500-1 (target=E)
22:43:19 [E] rid=req-1138669615034958-2 range_search matched=262177 of 8937454 in 8ms
22:43:19 [E] accepted forwarded query req-1138669615034958-2 (target=E)
22:43:19 [E] rid=req-1138669615012250-1 range_search matched=262177 of 8937454 in 8ms
22:43:19 [E] accepted forwarded query req-1138669615012250-1 (target=E)
22:43:19 [E] rid=req-1138669615037666-3 range_search matched=262177 of 8937454 in 5ms
22:43:19 [E] accepted forwarded query req-1138669615037666-3 (target=E)
22:43:19 [E] rid=req-1138669615058333-4 range_search matched=262177 of 8937454 in 8ms
22:43:19 [E] accepted forwarded query req-1138669615058333-4 (target=E)
22:43:24 [E] rid=req-1138674474554500-3 range_search matched=262177 of 8937454 in 14ms
22:43:24 [E] accepted forwarded query req-1138674474554500-3 (target=E)
22:43:24 [E] rid=req-1138674474544958-2 range_search matched=262177 of 8937454 in 7ms
22:43:24 [E] accepted forwarded query req-1138674474544958-2 (target=E)
22:43:24 [E] rid=req-1138674474537000-1 range_search matched=262177 of 8937454 in 6ms
22:43:24 [E] accepted forwarded query req-1138674474537000-1 (target=E)
22:43:24 [E] rid=req-1138674474573916-4 range_search matched=262177 of 8937454 in 6ms
22:43:24 [E] accepted forwarded query req-1138674474573916-4 (target=E)
22:43:29 [E] rid=req-1138679410590916-1 range_search matched=3833145 of 8937454 in 33ms
22:43:29 [E] accepted forwarded query req-1138679410590916-1 (target=E)
22:43:50 [E] rid=req-1138699879049583-1 range_search matched=3833145 of 8937454 in 34ms
22:43:50 [E] accepted forwarded query req-1138699879049583-1 (target=E)
22:44:11 [E] rid=req-1138720843993583-1 range_search matched=3833145 of 8937454 in 60ms
22:44:11 [E] accepted forwarded query req-1138720843993583-1 (target=E)
22:44:11 [E] rid=req-1138720844005041-3 range_search matched=3833145 of 8937454 in 19ms
22:44:11 [E] accepted forwarded query req-1138720844005041-3 (target=E)
22:44:11 [E] rid=req-1138720843999041-2 range_search matched=3833145 of 8937454 in 21ms
22:44:11 [E] accepted forwarded query req-1138720843999041-2 (target=E)
22:44:11 [E] rid=req-1138720844015708-4 range_search matched=3833145 of 8937454 in 20ms
22:44:11 [E] accepted forwarded query req-1138720844015708-4 (target=E)
22:45:26 [E] rid=req-1138795758071208-1 range_search matched=3833145 of 8937454 in 50ms
22:45:26 [E] accepted forwarded query req-1138795758071208-1 (target=E)
22:45:26 [E] rid=req-1138795758091916-3 range_search matched=3833145 of 8937454 in 19ms
22:45:26 [E] accepted forwarded query req-1138795758091916-3 (target=E)
22:45:26 [E] rid=req-1138795758081333-2 range_search matched=3833145 of 8937454 in 18ms
22:45:26 [E] accepted forwarded query req-1138795758081333-2 (target=E)
22:45:26 [E] rid=req-1138795758105750-4 range_search matched=3833145 of 8937454 in 19ms
22:45:26 [E] accepted forwarded query req-1138795758105750-4 (target=E)
22:46:46 [E] rid=req-1138876025856083-1 range_search matched=8934421 of 8937454 in 65ms
22:46:46 [E] accepted forwarded query req-1138876025856083-1 (target=E)
22:47:28 [E] rid=req-1138918030847000-1 range_search matched=8934421 of 8937454 in 45ms
22:47:28 [E] accepted forwarded query req-1138918030847000-1 (target=E)
22:48:09 [E] rid=req-1138958762444791-1 range_search matched=8934421 of 8937454 in 65ms
22:48:09 [E] accepted forwarded query req-1138958762444791-1 (target=E)
22:48:09 [E] rid=req-1138958762477125-4 range_search matched=8934421 of 8937454 in 31ms
22:48:09 [E] accepted forwarded query req-1138958762477125-4 (target=E)
22:48:09 [E] rid=req-1138958762461208-3 range_search matched=8934421 of 8937454 in 21ms
22:48:09 [E] accepted forwarded query req-1138958762461208-3 (target=E)
22:48:09 [E] rid=req-1138958762452250-2 range_search matched=8934421 of 8937454 in 24ms
22:48:09 [E] accepted forwarded query req-1138958762452250-2 (target=E)
22:51:05 [E] rid=req-1139134755296375-1 range_search matched=8934421 of 8937454 in 80ms
22:51:05 [E] accepted forwarded query req-1139134755296375-1 (target=E)
22:51:05 [E] rid=req-1139134755302916-2 range_search matched=8934421 of 8937454 in 35ms
22:51:05 [E] accepted forwarded query req-1139134755302916-2 (target=E)
22:51:05 [E] rid=req-1139134755334291-4 range_search matched=8934421 of 8937454 in 28ms
22:51:05 [E] accepted forwarded query req-1139134755334291-4 (target=E)
22:51:05 [E] rid=req-1139134755321916-3 range_search matched=8934421 of 8937454 in 24ms
22:51:05 [E] accepted forwarded query req-1139134755321916-3 (target=E)
22:54:08 [E] shutdown requested
