[launcher] node=A impl=cpp overlay=/Users/spartan/mini_2/config/overlay.yaml data=/Users/spartan/mini_2/data/partitions_trip_distance
17:16:16 [A] loaded 8372257 rows from /Users/spartan/mini_2/data/partitions_trip_distance/A.csv
17:16:16 [A] smart routing enabled: scheme=trip_distance
[A] worker_threads=1
17:16:16 [A] listening on 0.0.0.0:50051 role=gateway team=blue
17:16:20 [A] SubmitQuery rid=req-946250333938333-1 preds=1
17:16:20 [A] rid=req-946250333938333-1 range_search matched=0 of 8372257 in 3ms
17:16:20 [A] smart-route rid=req-946250333938333-1 hit 1/9 owners; skipped: A B C D E F G I 
17:16:21 [A] rid=req-946250333938333-1 done; total=176243
17:16:21 [A] SubmitQuery rid=req-946251245060875-1 preds=1
17:16:21 [A] rid=req-946251245060875-1 range_search matched=0 of 8372257 in 2ms
17:16:21 [A] smart-route rid=req-946251245060875-1 hit 1/9 owners; skipped: A B C D E F G I 
17:16:28 [A] rid=req-946251245060875-1 done; total=1942731
17:16:28 [A] SubmitQuery rid=req-946258134335208-1 preds=1
17:16:28 [A] rid=req-946258134335208-1 range_search matched=0 of 8372257 in 1ms
17:16:28 [A] smart-route rid=req-946258134335208-1 hit 1/9 owners; skipped: A B C D E F G I 
17:16:35 [A] rid=req-946258134335208-1 done; total=1942731
17:16:35 [A] SubmitQuery rid=req-946265023152416-1 preds=1
17:16:35 [A] rid=req-946265023152416-1 range_search matched=0 of 8372257 in 1ms
17:16:35 [A] smart-route rid=req-946265023152416-1 hit 1/9 owners; skipped: A B C D E F G I 
17:16:42 [A] rid=req-946265023152416-1 done; total=1942731
17:16:42 [A] SubmitQuery rid=req-946272282472583-1 preds=1
17:16:42 [A] rid=req-946272282472583-1 range_search matched=0 of 8372257 in 1ms
17:16:42 [A] smart-route rid=req-946272282472583-1 hit 1/9 owners; skipped: A B C D E F G I 
17:16:49 [A] rid=req-946272282472583-1 done; total=1942731
17:16:49 [A] SubmitQuery rid=req-946279323436541-1 preds=1
17:16:49 [A] rid=req-946279323436541-1 range_search matched=0 of 8372257 in 1ms
17:16:49 [A] smart-route rid=req-946279323436541-1 hit 5/9 owners; skipped: A B H I 
17:17:52 [A] rid=req-946279323436541-1 done; total=34764991
17:17:52 [A] SubmitQuery rid=req-946342270270125-1 preds=1
17:17:52 [A] rid=req-946342270270125-1 range_search matched=0 of 8372257 in 1ms
17:17:52 [A] smart-route rid=req-946342270270125-1 hit 5/9 owners; skipped: A B H I 
17:18:53 [A] rid=req-946342270270125-1 done; total=34764991
17:18:53 [A] SubmitQuery rid=req-946403568914708-1 preds=1
17:18:53 [A] rid=req-946403568914708-1 range_search matched=0 of 8372257 in 3ms
17:18:53 [A] smart-route rid=req-946403568914708-1 hit 5/9 owners; skipped: A B H I 
17:19:55 [A] rid=req-946403568914708-1 done; total=34764991
17:19:55 [A] SubmitQuery rid=req-946465111270458-1 preds=1
17:19:55 [A] rid=req-946465111270458-1 range_search matched=0 of 8372257 in 1ms
17:19:55 [A] smart-route rid=req-946465111270458-1 hit 5/9 owners; skipped: A B H I 
17:20:35 [A] shutdown requested
