[launcher] node=A impl=cpp overlay=/Users/spartan/mini_2/config/overlay.yaml data=/Users/spartan/mini_2/data/partitions_trip_distance
16:45:55 [A] loaded 8372257 rows from /Users/spartan/mini_2/data/partitions_trip_distance/A.csv
16:45:55 [A] smart routing enabled: scheme=trip_distance
[A] worker_threads=8
16:45:55 [A] listening on 0.0.0.0:50051 role=gateway team=blue
16:45:59 [A] SubmitQuery rid=req-944429251576750-1 preds=1
16:45:59 [A] rid=req-944429251576750-1 range_search matched=0 of 8372257 in 1ms
16:45:59 [A] smart-route rid=req-944429251576750-1 hit 1/9 owners; skipped: A B C D E F G I 
16:46:00 [A] rid=req-944429251576750-1 done; total=176243
16:46:00 [A] SubmitQuery rid=req-944430082906041-1 preds=1
16:46:00 [A] rid=req-944430082906041-1 range_search matched=0 of 8372257 in 1ms
16:46:00 [A] smart-route rid=req-944430082906041-1 hit 1/9 owners; skipped: A B C D E F G I 
16:46:00 [A] rid=req-944430082906041-1 done; total=176243
16:46:01 [A] SubmitQuery rid=req-944430903394875-1 preds=1
16:46:01 [A] rid=req-944430903394875-1 range_search matched=0 of 8372257 in 1ms
16:46:01 [A] smart-route rid=req-944430903394875-1 hit 1/9 owners; skipped: A B C D E F G I 
16:46:01 [A] rid=req-944430903394875-1 done; total=176243
16:46:01 [A] SubmitQuery rid=req-944431720180458-1 preds=1
16:46:01 [A] rid=req-944431720180458-1 range_search matched=0 of 8372257 in 1ms
16:46:01 [A] smart-route rid=req-944431720180458-1 hit 1/9 owners; skipped: A B C D E F G I 
16:46:08 [A] rid=req-944431720180458-1 done; total=1942731
16:46:08 [A] SubmitQuery rid=req-944438711877166-1 preds=1
16:46:08 [A] rid=req-944438711877166-1 range_search matched=0 of 8372257 in 1ms
16:46:08 [A] smart-route rid=req-944438711877166-1 hit 1/9 owners; skipped: A B C D E F G I 
16:46:15 [A] rid=req-944438711877166-1 done; total=1942731
16:46:15 [A] SubmitQuery rid=req-944445762358833-1 preds=1
16:46:15 [A] rid=req-944445762358833-1 range_search matched=0 of 8372257 in 1ms
16:46:15 [A] smart-route rid=req-944445762358833-1 hit 5/9 owners; skipped: A B H I 
16:47:19 [A] rid=req-944445762358833-1 done; total=34764991
16:47:19 [A] SubmitQuery rid=req-944509723695750-1 preds=1
16:47:19 [A] rid=req-944509723695750-1 range_search matched=0 of 8372257 in 14ms
16:47:19 [A] smart-route rid=req-944509723695750-1 hit 5/9 owners; skipped: A B H I 
16:48:22 [A] rid=req-944509723695750-1 done; total=34764991
16:48:23 [A] shutdown requested
