[launcher] node=A impl=cpp overlay=/Users/spartan/mini_2/config/overlay.yaml data=/Users/spartan/mini_2/data/partitions_trip_distance
20:02:38 [A] loaded 8372257 rows from /Users/spartan/mini_2/data/partitions_trip_distance/A.csv
20:02:38 [A] smart routing enabled: scheme=trip_distance
[A] worker_threads=8
20:02:38 [A] listening on 0.0.0.0:50051 role=gateway team=blue
20:02:42 [A] SubmitQuery rid=req-956232721645583-1 preds=1
20:02:42 [A] rid=req-956232721645583-1 range_search matched=0 of 8372257 in 2ms
20:02:42 [A] smart-route rid=req-956232721645583-1 hit 1/9 owners; skipped: A B C D E F G I 
20:02:52 [A] forward→H via H failed after retries: failed to connect to all addresses; last error: UNKNOWN: ipv4:192.168.50.1:50058: Failed to connect to remote host: Connection refused
20:02:52 [A] rid=req-956232721645583-1 done; total=0
20:02:53 [A] SubmitQuery rid=req-956243634794125-1 preds=1
20:02:53 [A] rid=req-956243634794125-1 range_search matched=0 of 8372257 in 2ms
20:02:53 [A] smart-route rid=req-956243634794125-1 hit 1/9 owners; skipped: A B C D E F G I 
20:02:59 [A] rid=req-956243634794125-1 done; total=176243
20:02:59 [A] SubmitQuery rid=req-956249651666500-1 preds=1
20:02:59 [A] rid=req-956249651666500-1 range_search matched=0 of 8372257 in 2ms
20:02:59 [A] smart-route rid=req-956249651666500-1 hit 1/9 owners; skipped: A B C D E F G I 
20:03:00 [A] rid=req-956249651666500-1 done; total=176243
20:03:00 [A] SubmitQuery rid=req-956250624120250-1 preds=1
20:03:00 [A] rid=req-956250624120250-1 range_search matched=0 of 8372257 in 1ms
20:03:00 [A] smart-route rid=req-956250624120250-1 hit 1/9 owners; skipped: A B C D E F G I 
20:03:01 [A] rid=req-956250624120250-1 done; total=176243
20:03:01 [A] SubmitQuery rid=req-956251591570250-1 preds=1
20:03:01 [A] rid=req-956251591570250-1 range_search matched=0 of 8372257 in 1ms
20:03:01 [A] smart-route rid=req-956251591570250-1 hit 1/9 owners; skipped: A B C D E F G I 
20:03:07 [A] rid=req-956251591570250-1 done; total=1942731
20:03:07 [A] SubmitQuery rid=req-956257682233000-1 preds=1
20:03:07 [A] rid=req-956257682233000-1 range_search matched=0 of 8372257 in 1ms
20:03:07 [A] smart-route rid=req-956257682233000-1 hit 1/9 owners; skipped: A B C D E F G I 
20:03:13 [A] rid=req-956257682233000-1 done; total=1942731
20:03:14 [A] SubmitQuery rid=req-956263856230458-1 preds=1
20:03:14 [A] rid=req-956263856230458-1 range_search matched=0 of 8372257 in 2ms
20:03:14 [A] smart-route rid=req-956263856230458-1 hit 5/9 owners; skipped: A B H I 
20:04:06 [A] rid=req-956263856230458-1 done; total=34764991
20:04:06 [A] SubmitQuery rid=req-956316708089916-1 preds=1
20:04:06 [A] rid=req-956316708089916-1 range_search matched=0 of 8372257 in 14ms
20:04:06 [A] smart-route rid=req-956316708089916-1 hit 5/9 owners; skipped: A B H I 
20:05:04 [A] rid=req-956316708089916-1 done; total=34764991
20:05:05 [A] shutdown requested
