[launcher] node=A impl=cpp overlay=/Users/spartan/mini_2/config/overlay.yaml data=/Users/spartan/mini_2/data/partitions_trip_distance
17:20:45 [A] loaded 8372257 rows from /Users/spartan/mini_2/data/partitions_trip_distance/A.csv
17:20:45 [A] smart routing enabled: scheme=trip_distance
[A] worker_threads=2
17:20:45 [A] listening on 0.0.0.0:50051 role=gateway team=blue
17:20:50 [A] SubmitQuery rid=req-946519968364750-1 preds=1
17:20:50 [A] rid=req-946519968364750-1 range_search matched=0 of 8372257 in 1ms
17:20:50 [A] smart-route rid=req-946519968364750-1 hit 1/9 owners; skipped: A B C D E F G I 
17:20:50 [A] rid=req-946519968364750-1 done; total=176243
17:20:50 [A] SubmitQuery rid=req-946520808749333-1 preds=1
17:20:50 [A] rid=req-946520808749333-1 range_search matched=0 of 8372257 in 1ms
17:20:50 [A] smart-route rid=req-946520808749333-1 hit 1/9 owners; skipped: A B C D E F G I 
17:20:58 [A] rid=req-946520808749333-1 done; total=1942731
17:20:58 [A] SubmitQuery rid=req-946527962029458-1 preds=1
17:20:58 [A] rid=req-946527962029458-1 range_search matched=0 of 8372257 in 1ms
17:20:58 [A] smart-route rid=req-946527962029458-1 hit 1/9 owners; skipped: A B C D E F G I 
17:21:05 [A] rid=req-946527962029458-1 done; total=1942731
17:21:05 [A] SubmitQuery rid=req-946535306894625-1 preds=1
17:21:05 [A] rid=req-946535306894625-1 range_search matched=0 of 8372257 in 1ms
17:21:05 [A] smart-route rid=req-946535306894625-1 hit 1/9 owners; skipped: A B C D E F G I 
17:21:12 [A] rid=req-946535306894625-1 done; total=1942731
17:21:12 [A] SubmitQuery rid=req-946542579335291-1 preds=1
17:21:12 [A] rid=req-946542579335291-1 range_search matched=0 of 8372257 in 2ms
17:21:12 [A] smart-route rid=req-946542579335291-1 hit 1/9 owners; skipped: A B C D E F G I 
17:21:19 [A] rid=req-946542579335291-1 done; total=1942731
17:21:19 [A] SubmitQuery rid=req-946549560289625-1 preds=1
17:21:19 [A] rid=req-946549560289625-1 range_search matched=0 of 8372257 in 1ms
17:21:19 [A] smart-route rid=req-946549560289625-1 hit 5/9 owners; skipped: A B H I 
17:22:24 [A] rid=req-946549560289625-1 done; total=34764991
17:22:24 [A] SubmitQuery rid=req-946614622146500-1 preds=1
17:22:24 [A] rid=req-946614622146500-1 range_search matched=0 of 8372257 in 15ms
17:22:24 [A] smart-route rid=req-946614622146500-1 hit 5/9 owners; skipped: A B H I 
17:23:27 [A] rid=req-946614622146500-1 done; total=34764991
17:23:27 [A] SubmitQuery rid=req-946677218784333-1 preds=1
17:23:27 [A] rid=req-946677218784333-1 range_search matched=0 of 8372257 in 22ms
17:23:27 [A] smart-route rid=req-946677218784333-1 hit 5/9 owners; skipped: A B H I 
17:24:29 [A] rid=req-946677218784333-1 done; total=34764991
17:24:29 [A] SubmitQuery rid=req-946739057306000-1 preds=1
17:24:29 [A] rid=req-946739057306000-1 range_search matched=0 of 8372257 in 2ms
17:24:29 [A] smart-route rid=req-946739057306000-1 hit 5/9 owners; skipped: A B H I 
17:25:34 [A] rid=req-946739057306000-1 done; total=34764991
17:25:34 [A] shutdown requested
