[launcher] node=A impl=cpp overlay=/Users/spartan/mini_2/config/overlay.yaml data=/Users/spartan/mini_2/data/partitions_trip_distance
17:07:54 [A] loaded 8372257 rows from /Users/spartan/mini_2/data/partitions_trip_distance/A.csv
17:07:54 [A] smart routing enabled: scheme=trip_distance
[A] worker_threads=8
17:07:54 [A] listening on 0.0.0.0:50051 role=gateway team=blue
17:07:58 [A] SubmitQuery rid=req-945748777386375-1 preds=1
17:07:58 [A] rid=req-945748777386375-1 range_search matched=0 of 8372257 in 2ms
17:07:58 [A] smart-route rid=req-945748777386375-1 hit 1/9 owners; skipped: A B C D E F G I 
17:07:59 [A] rid=req-945748777386375-1 done; total=176243
17:07:59 [A] SubmitQuery rid=req-945749576494541-1 preds=1
17:07:59 [A] rid=req-945749576494541-1 range_search matched=0 of 8372257 in 1ms
17:07:59 [A] smart-route rid=req-945749576494541-1 hit 1/9 owners; skipped: A B C D E F G I 
17:08:08 [A] rid=req-945749576494541-1 done; total=1942731
17:08:08 [A] SubmitQuery rid=req-945758110242708-1 preds=1
17:08:08 [A] rid=req-945758110242708-1 range_search matched=0 of 8372257 in 1ms
17:08:08 [A] smart-route rid=req-945758110242708-1 hit 1/9 owners; skipped: A B C D E F G I 
17:08:16 [A] rid=req-945758110242708-1 done; total=1942731
17:08:16 [A] SubmitQuery rid=req-945766724059833-1 preds=1
17:08:16 [A] rid=req-945766724059833-1 range_search matched=0 of 8372257 in 1ms
17:08:16 [A] smart-route rid=req-945766724059833-1 hit 5/9 owners; skipped: A B H I 
17:09:31 [A] rid=req-945766724059833-1 done; total=34764991
17:09:31 [A] SubmitQuery rid=req-945841690761500-1 preds=1
17:09:31 [A] rid=req-945841690761500-1 range_search matched=0 of 8372257 in 17ms
17:09:31 [A] smart-route rid=req-945841690761500-1 hit 5/9 owners; skipped: A B H I 
17:10:46 [A] rid=req-945841690761500-1 done; total=34764991
17:10:47 [A] shutdown requested
