[launcher] node=A impl=cpp overlay=/Users/spartan/mini_2/config/overlay.yaml data=/Users/spartan/mini_2/data/partitions_trip_distance
17:13:41 [A] loaded 8372257 rows from /Users/spartan/mini_2/data/partitions_trip_distance/A.csv
17:13:41 [A] smart routing enabled: scheme=trip_distance
[A] worker_threads=8
17:13:41 [A] listening on 0.0.0.0:50051 role=gateway team=blue
17:13:45 [A] SubmitQuery rid=req-946095771841125-1 preds=1
17:13:45 [A] rid=req-946095771841125-1 range_search matched=0 of 8372257 in 2ms
17:13:45 [A] smart-route rid=req-946095771841125-1 hit 1/9 owners; skipped: A B C D E F G I 
17:13:46 [A] rid=req-946095771841125-1 done; total=176243
17:13:46 [A] SubmitQuery rid=req-946096606797583-1 preds=1
17:13:46 [A] rid=req-946096606797583-1 range_search matched=0 of 8372257 in 1ms
17:13:46 [A] smart-route rid=req-946096606797583-1 hit 1/9 owners; skipped: A B C D E F G I 
17:13:53 [A] rid=req-946096606797583-1 done; total=1942731
17:13:53 [A] SubmitQuery rid=req-946103381229541-1 preds=1
17:13:53 [A] rid=req-946103381229541-1 range_search matched=0 of 8372257 in 1ms
17:13:53 [A] smart-route rid=req-946103381229541-1 hit 1/9 owners; skipped: A B C D E F G I 
17:14:00 [A] rid=req-946103381229541-1 done; total=1942731
17:14:00 [A] SubmitQuery rid=req-946110178949333-1 preds=1
17:14:00 [A] rid=req-946110178949333-1 range_search matched=0 of 8372257 in 2ms
17:14:00 [A] smart-route rid=req-946110178949333-1 hit 5/9 owners; skipped: A B H I 
17:15:02 [A] rid=req-946110178949333-1 done; total=34764991
17:15:02 [A] SubmitQuery rid=req-946172158003000-1 preds=1
17:15:02 [A] rid=req-946172158003000-1 range_search matched=0 of 8372257 in 5ms
17:15:02 [A] smart-route rid=req-946172158003000-1 hit 5/9 owners; skipped: A B H I 
17:16:05 [A] rid=req-946172158003000-1 done; total=34764991
17:16:05 [A] shutdown requested
