[launcher] node=C impl=cpp overlay=/Users/spartan/mini_2/config/topo/tree.yaml data=/Users/spartan/mini_2/data/partitions
20:39:57 [C] loaded 3333334 rows from /Users/spartan/mini_2/data/partitions/C.csv
20:39:57 [C] listening on 0.0.0.0:50053 role=peer team=yellow
20:39:57 [C] rid=req-180866275132958-1 range_search matched=0 of 3333334 in 1ms
20:39:57 [C] accepted forwarded query req-180866275132958-1 (target=C)
20:40:01 [C] rid=req-180870411737041-1 range_search matched=8170 of 3333334 in 1ms
20:40:01 [C] accepted forwarded query req-180870411737041-1 (target=C)
20:40:01 [C] rid=req-180870569776083-1 range_search matched=8170 of 3333334 in 1ms
20:40:01 [C] accepted forwarded query req-180870569776083-1 (target=C)
20:40:01 [C] rid=req-180870705980583-1 range_search matched=8170 of 3333334 in 1ms
20:40:01 [C] accepted forwarded query req-180870705980583-1 (target=C)
20:40:01 [C] rid=req-180870856571541-2 range_search matched=8170 of 3333334 in 1ms
20:40:01 [C] accepted forwarded query req-180870856571541-2 (target=C)
20:40:01 [C] rid=req-180870856569708-1 range_search matched=8170 of 3333334 in 1ms
20:40:01 [C] accepted forwarded query req-180870856569708-1 (target=C)
20:40:01 [C] rid=req-180871018602458-1 range_search matched=8170 of 3333334 in 1ms
20:40:01 [C] accepted forwarded query req-180871018602458-1 (target=C)
20:40:01 [C] rid=req-180871018620916-2 range_search matched=8170 of 3333334 in 1ms
20:40:01 [C] accepted forwarded query req-180871018620916-2 (target=C)
20:40:02 [C] rid=req-180871189476333-1 range_search matched=8170 of 3333334 in 1ms
20:40:02 [C] accepted forwarded query req-180871189476333-1 (target=C)
20:40:02 [C] rid=req-180871189490291-2 range_search matched=8170 of 3333334 in 1ms
20:40:02 [C] accepted forwarded query req-180871189490291-2 (target=C)
20:40:02 [C] rid=req-180871357142250-1 range_search matched=8170 of 3333334 in 1ms
20:40:02 [C] accepted forwarded query req-180871357142250-1 (target=C)
20:40:02 [C] rid=req-180871357167208-4 range_search matched=8170 of 3333334 in 1ms
20:40:02 [C] accepted forwarded query req-180871357167208-4 (target=C)
20:40:02 [C] rid=req-180871357151125-2 range_search matched=8170 of 3333334 in 1ms
20:40:02 [C] accepted forwarded query req-180871357151125-2 (target=C)
20:40:02 [C] rid=req-180871357154375-3 range_search matched=8170 of 3333334 in 1ms
20:40:02 [C] accepted forwarded query req-180871357154375-3 (target=C)
20:40:02 [C] rid=req-180871568504083-1 range_search matched=8170 of 3333334 in 1ms
20:40:02 [C] accepted forwarded query req-180871568504083-1 (target=C)
20:40:02 [C] rid=req-180871568507500-2 range_search matched=8170 of 3333334 in 1ms
20:40:02 [C] accepted forwarded query req-180871568507500-2 (target=C)
20:40:02 [C] rid=req-180871568522583-4 range_search matched=8170 of 3333334 in 1ms
20:40:02 [C] accepted forwarded query req-180871568522583-4 (target=C)
20:40:02 [C] rid=req-180871568516416-3 range_search matched=8170 of 3333334 in 1ms
20:40:02 [C] accepted forwarded query req-180871568516416-3 (target=C)
20:40:02 [C] rid=req-180871802464333-1 range_search matched=8170 of 3333334 in 1ms
20:40:02 [C] accepted forwarded query req-180871802464333-1 (target=C)
20:40:02 [C] rid=req-180871802477916-3 range_search matched=8170 of 3333334 in 1ms
20:40:02 [C] accepted forwarded query req-180871802477916-3 (target=C)
20:40:02 [C] rid=req-180871802465041-2 range_search matched=8170 of 3333334 in 1ms
20:40:02 [C] accepted forwarded query req-180871802465041-2 (target=C)
20:40:02 [C] rid=req-180871802483208-4 range_search matched=8170 of 3333334 in 1ms
20:40:02 [C] accepted forwarded query req-180871802483208-4 (target=C)
20:40:03 [C] rid=req-180872030467291-1 range_search matched=90957 of 3333334 in 1ms
20:40:03 [C] accepted forwarded query req-180872030467291-1 (target=C)
20:40:03 [C] rid=req-180872499608958-1 range_search matched=90957 of 3333334 in 1ms
20:40:03 [C] accepted forwarded query req-180872499608958-1 (target=C)
20:40:03 [C] rid=req-180872965383708-1 range_search matched=90957 of 3333334 in 1ms
20:40:03 [C] accepted forwarded query req-180872965383708-1 (target=C)
20:40:04 [C] rid=req-180873437261500-1 range_search matched=90957 of 3333334 in 1ms
20:40:04 [C] accepted forwarded query req-180873437261500-1 (target=C)
20:40:04 [C] rid=req-180873437264666-2 range_search matched=90957 of 3333334 in 1ms
20:40:04 [C] accepted forwarded query req-180873437264666-2 (target=C)
20:40:05 [C] rid=req-180874156537250-1 range_search matched=90957 of 3333334 in 1ms
20:40:05 [C] accepted forwarded query req-180874156537250-1 (target=C)
20:40:05 [C] rid=req-180874156551250-2 range_search matched=90957 of 3333334 in 1ms
20:40:05 [C] accepted forwarded query req-180874156551250-2 (target=C)
20:40:05 [C] rid=req-180874894364500-2 range_search matched=90957 of 3333334 in 1ms
20:40:05 [C] accepted forwarded query req-180874894364500-2 (target=C)
20:40:05 [C] rid=req-180874894361500-1 range_search matched=90957 of 3333334 in 1ms
20:40:05 [C] accepted forwarded query req-180874894361500-1 (target=C)
20:40:06 [C] rid=req-180875622786208-1 range_search matched=90957 of 3333334 in 1ms
20:40:06 [C] accepted forwarded query req-180875622786208-1 (target=C)
20:40:06 [C] rid=req-180875622806666-4 range_search matched=90957 of 3333334 in 1ms
20:40:06 [C] accepted forwarded query req-180875622806666-4 (target=C)
20:40:06 [C] rid=req-180875622793000-2 range_search matched=90957 of 3333334 in 1ms
20:40:06 [C] accepted forwarded query req-180875622793000-2 (target=C)
20:40:06 [C] rid=req-180875622796833-3 range_search matched=90957 of 3333334 in 1ms
20:40:06 [C] accepted forwarded query req-180875622796833-3 (target=C)
20:40:07 [C] rid=req-180876884849666-1 range_search matched=90957 of 3333334 in 1ms
20:40:07 [C] accepted forwarded query req-180876884849666-1 (target=C)
20:40:07 [C] rid=req-180876884854875-2 range_search matched=90957 of 3333334 in 1ms
20:40:07 [C] accepted forwarded query req-180876884854875-2 (target=C)
20:40:07 [C] rid=req-180876884871375-4 range_search matched=90957 of 3333334 in 2ms
20:40:07 [C] accepted forwarded query req-180876884871375-4 (target=C)
20:40:07 [C] rid=req-180876884864458-3 range_search matched=90957 of 3333334 in 1ms
20:40:07 [C] accepted forwarded query req-180876884864458-3 (target=C)
20:40:09 [C] rid=req-180878151806750-2 range_search matched=90957 of 3333334 in 1ms
20:40:09 [C] accepted forwarded query req-180878151806750-2 (target=C)
20:40:09 [C] rid=req-180878151803666-1 range_search matched=90957 of 3333334 in 1ms
20:40:09 [C] accepted forwarded query req-180878151803666-1 (target=C)
20:40:09 [C] rid=req-180878151816541-3 range_search matched=90957 of 3333334 in 2ms
20:40:09 [C] accepted forwarded query req-180878151816541-3 (target=C)
20:40:09 [C] rid=req-180878151825833-4 range_search matched=90957 of 3333334 in 2ms
20:40:09 [C] accepted forwarded query req-180878151825833-4 (target=C)
20:40:10 [C] rid=req-180879489867041-1 range_search matched=1660920 of 3333334 in 6ms
20:40:10 [C] accepted forwarded query req-180879489867041-1 (target=C)
20:40:16 [C] rid=req-180885903654000-1 range_search matched=1660920 of 3333334 in 5ms
20:40:16 [C] accepted forwarded query req-180885903654000-1 (target=C)
20:40:23 [C] rid=req-180892270310458-1 range_search matched=1660920 of 3333334 in 5ms
20:40:23 [C] accepted forwarded query req-180892270310458-1 (target=C)
20:40:29 [C] rid=req-180898498095666-2 range_search matched=1660920 of 3333334 in 5ms
20:40:29 [C] accepted forwarded query req-180898498095666-2 (target=C)
20:40:29 [C] rid=req-180898498089750-1 range_search matched=1660920 of 3333334 in 6ms
20:40:29 [C] accepted forwarded query req-180898498089750-1 (target=C)
20:40:40 [C] rid=req-180909649076916-1 range_search matched=1660920 of 3333334 in 5ms
20:40:40 [C] accepted forwarded query req-180909649076916-1 (target=C)
20:40:40 [C] rid=req-180909649084208-2 range_search matched=1660920 of 3333334 in 6ms
20:40:40 [C] accepted forwarded query req-180909649084208-2 (target=C)
20:40:51 [C] rid=req-180920949251750-2 range_search matched=1660920 of 3333334 in 5ms
20:40:51 [C] accepted forwarded query req-180920949251750-2 (target=C)
20:40:51 [C] rid=req-180920949247208-1 range_search matched=1660920 of 3333334 in 6ms
20:40:51 [C] accepted forwarded query req-180920949247208-1 (target=C)
20:41:03 [C] rid=req-180932165269583-1 range_search matched=1660920 of 3333334 in 5ms
20:41:03 [C] accepted forwarded query req-180932165269583-1 (target=C)
20:41:03 [C] rid=req-180932165279000-2 range_search matched=1660920 of 3333334 in 6ms
20:41:03 [C] accepted forwarded query req-180932165279000-2 (target=C)
20:41:03 [C] rid=req-180932165288666-4 range_search matched=1660920 of 3333334 in 6ms
20:41:03 [C] accepted forwarded query req-180932165288666-4 (target=C)
20:41:03 [C] rid=req-180932165280541-3 range_search matched=1660920 of 3333334 in 6ms
20:41:03 [C] accepted forwarded query req-180932165280541-3 (target=C)
20:41:24 [C] rid=req-180953859548291-1 range_search matched=1660920 of 3333334 in 5ms
20:41:24 [C] accepted forwarded query req-180953859548291-1 (target=C)
20:41:24 [C] rid=req-180953859560083-3 range_search matched=1660920 of 3333334 in 7ms
20:41:24 [C] accepted forwarded query req-180953859560083-3 (target=C)
20:41:24 [C] rid=req-180953859569500-4 range_search matched=1660920 of 3333334 in 6ms
20:41:24 [C] accepted forwarded query req-180953859569500-4 (target=C)
20:41:24 [C] rid=req-180953859559875-2 range_search matched=1660920 of 3333334 in 6ms
20:41:24 [C] accepted forwarded query req-180953859559875-2 (target=C)
20:41:46 [C] rid=req-180975576283750-1 range_search matched=1660920 of 3333334 in 5ms
20:41:46 [C] accepted forwarded query req-180975576283750-1 (target=C)
20:41:46 [C] rid=req-180975576307041-4 range_search matched=1660920 of 3333334 in 6ms
20:41:46 [C] accepted forwarded query req-180975576307041-4 (target=C)
20:41:46 [C] rid=req-180975576298833-3 range_search matched=1660920 of 3333334 in 6ms
20:41:46 [C] accepted forwarded query req-180975576298833-3 (target=C)
20:41:46 [C] rid=req-180975576291291-2 range_search matched=1660920 of 3333334 in 6ms
20:41:46 [C] accepted forwarded query req-180975576291291-2 (target=C)
20:42:08 [C] rid=req-180997284107250-1 range_search matched=3332049 of 3333334 in 7ms
20:42:08 [C] accepted forwarded query req-180997284107250-1 (target=C)
20:42:20 [C] rid=req-181009905165750-1 range_search matched=3332049 of 3333334 in 6ms
20:42:20 [C] accepted forwarded query req-181009905165750-1 (target=C)
20:42:33 [C] rid=req-181022603255791-1 range_search matched=3332049 of 3333334 in 6ms
20:42:33 [C] accepted forwarded query req-181022603255791-1 (target=C)
20:42:46 [C] rid=req-181035390832458-2 range_search matched=3332049 of 3333334 in 5ms
20:42:46 [C] accepted forwarded query req-181035390832458-2 (target=C)
20:42:46 [C] rid=req-181035390831083-1 range_search matched=3332049 of 3333334 in 7ms
20:42:46 [C] accepted forwarded query req-181035390831083-1 (target=C)
20:43:08 [C] rid=req-181057901066583-1 range_search matched=3332049 of 3333334 in 6ms
20:43:08 [C] accepted forwarded query req-181057901066583-1 (target=C)
20:43:08 [C] rid=req-181057901087833-2 range_search matched=3332049 of 3333334 in 7ms
20:43:08 [C] accepted forwarded query req-181057901087833-2 (target=C)
20:43:31 [C] rid=req-181080271773500-1 range_search matched=3332049 of 3333334 in 6ms
20:43:31 [C] accepted forwarded query req-181080271773500-1 (target=C)
20:43:31 [C] rid=req-181080271786416-2 range_search matched=3332049 of 3333334 in 6ms
20:43:31 [C] accepted forwarded query req-181080271786416-2 (target=C)
20:43:54 [C] rid=req-181103037291416-1 range_search matched=3332049 of 3333334 in 6ms
20:43:54 [C] accepted forwarded query req-181103037291416-1 (target=C)
20:43:54 [C] rid=req-181103037310708-3 range_search matched=3332049 of 3333334 in 6ms
20:43:54 [C] accepted forwarded query req-181103037310708-3 (target=C)
20:43:54 [C] rid=req-181103037308041-2 range_search matched=3332049 of 3333334 in 8ms
20:43:54 [C] accepted forwarded query req-181103037308041-2 (target=C)
20:43:54 [C] rid=req-181103037315875-4 range_search matched=3332049 of 3333334 in 6ms
20:43:54 [C] accepted forwarded query req-181103037315875-4 (target=C)
20:44:39 [C] rid=req-181148433501708-1 range_search matched=3332049 of 3333334 in 9ms
20:44:39 [C] accepted forwarded query req-181148433501708-1 (target=C)
20:44:39 [C] rid=req-181148433507250-2 range_search matched=3332049 of 3333334 in 7ms
20:44:39 [C] accepted forwarded query req-181148433507250-2 (target=C)
20:44:39 [C] rid=req-181148433519125-3 range_search matched=3332049 of 3333334 in 8ms
20:44:39 [C] accepted forwarded query req-181148433519125-3 (target=C)
20:44:39 [C] rid=req-181148433521916-4 range_search matched=3332049 of 3333334 in 8ms
20:44:39 [C] accepted forwarded query req-181148433521916-4 (target=C)
20:45:27 [C] rid=req-181196547520000-1 range_search matched=3332049 of 3333334 in 16ms
20:45:27 [C] accepted forwarded query req-181196547520000-1 (target=C)
20:45:27 [C] rid=req-181196547534166-3 range_search matched=3332049 of 3333334 in 15ms
20:45:27 [C] accepted forwarded query req-181196547534166-3 (target=C)
20:45:27 [C] rid=req-181196547557875-4 range_search matched=3332049 of 3333334 in 18ms
20:45:27 [C] accepted forwarded query req-181196547557875-4 (target=C)
20:45:27 [C] rid=req-181196547533416-2 range_search matched=3332049 of 3333334 in 12ms
20:45:27 [C] accepted forwarded query req-181196547533416-2 (target=C)
20:46:15 [C] shutdown requested
