[launcher] node=C impl=cpp overlay=/Users/spartan/mini_2/config/topo/star.yaml data=/Users/spartan/mini_2/data/partitions
20:29:19 [C] loaded 3333334 rows from /Users/spartan/mini_2/data/partitions/C.csv
20:29:19 [C] listening on 0.0.0.0:50053 role=peer team=yellow
20:29:19 [C] rid=req-180228400100083-1 range_search matched=0 of 3333334 in 2ms
20:29:19 [C] accepted forwarded query req-180228400100083-1 (target=C)
20:29:23 [C] rid=req-180232551321250-1 range_search matched=8170 of 3333334 in 1ms
20:29:23 [C] accepted forwarded query req-180232551321250-1 (target=C)
20:29:23 [C] rid=req-180232700252166-1 range_search matched=8170 of 3333334 in 1ms
20:29:23 [C] accepted forwarded query req-180232700252166-1 (target=C)
20:29:23 [C] rid=req-180232833291041-1 range_search matched=8170 of 3333334 in 1ms
20:29:23 [C] accepted forwarded query req-180232833291041-1 (target=C)
20:29:23 [C] rid=req-180232970361291-1 range_search matched=8170 of 3333334 in 1ms
20:29:23 [C] accepted forwarded query req-180232970361291-1 (target=C)
20:29:23 [C] rid=req-180232970376708-2 range_search matched=8170 of 3333334 in 1ms
20:29:23 [C] accepted forwarded query req-180232970376708-2 (target=C)
20:29:24 [C] rid=req-180233130870000-2 range_search matched=8170 of 3333334 in 1ms
20:29:24 [C] accepted forwarded query req-180233130870000-2 (target=C)
20:29:24 [C] rid=req-180233130866916-1 range_search matched=8170 of 3333334 in 1ms
20:29:24 [C] accepted forwarded query req-180233130866916-1 (target=C)
20:29:24 [C] rid=req-180233292810291-2 range_search matched=8170 of 3333334 in 1ms
20:29:24 [C] accepted forwarded query req-180233292810291-2 (target=C)
20:29:24 [C] rid=req-180233292807708-1 range_search matched=8170 of 3333334 in 1ms
20:29:24 [C] accepted forwarded query req-180233292807708-1 (target=C)
20:29:24 [C] rid=req-180233457306666-1 range_search matched=8170 of 3333334 in 1ms
20:29:24 [C] accepted forwarded query req-180233457306666-1 (target=C)
20:29:24 [C] rid=req-180233457332500-4 range_search matched=8170 of 3333334 in 1ms
20:29:24 [C] accepted forwarded query req-180233457332500-4 (target=C)
20:29:24 [C] rid=req-180233457314625-2 range_search matched=8170 of 3333334 in 2ms
20:29:24 [C] accepted forwarded query req-180233457314625-2 (target=C)
20:29:24 [C] rid=req-180233457323416-3 range_search matched=8170 of 3333334 in 1ms
20:29:24 [C] accepted forwarded query req-180233457323416-3 (target=C)
20:29:24 [C] rid=req-180233658884625-1 range_search matched=8170 of 3333334 in 1ms
20:29:24 [C] accepted forwarded query req-180233658884625-1 (target=C)
20:29:24 [C] rid=req-180233658893416-2 range_search matched=8170 of 3333334 in 2ms
20:29:24 [C] accepted forwarded query req-180233658893416-2 (target=C)
20:29:24 [C] rid=req-180233658897583-3 range_search matched=8170 of 3333334 in 1ms
20:29:24 [C] accepted forwarded query req-180233658897583-3 (target=C)
20:29:24 [C] rid=req-180233658909791-4 range_search matched=8170 of 3333334 in 1ms
20:29:24 [C] accepted forwarded query req-180233658909791-4 (target=C)
20:29:24 [C] rid=req-180233861303125-3 range_search matched=8170 of 3333334 in 1ms
20:29:24 [C] accepted forwarded query req-180233861303125-3 (target=C)
20:29:24 [C] rid=req-180233861287500-1 range_search matched=8170 of 3333334 in 1ms
20:29:24 [C] accepted forwarded query req-180233861287500-1 (target=C)
20:29:24 [C] rid=req-180233861315250-4 range_search matched=8170 of 3333334 in 1ms
20:29:24 [C] accepted forwarded query req-180233861315250-4 (target=C)
20:29:24 [C] rid=req-180233861296750-2 range_search matched=8170 of 3333334 in 1ms
20:29:24 [C] accepted forwarded query req-180233861296750-2 (target=C)
20:29:25 [C] rid=req-180234074163916-1 range_search matched=90957 of 3333334 in 2ms
20:29:25 [C] accepted forwarded query req-180234074163916-1 (target=C)
20:29:25 [C] rid=req-180234476946250-1 range_search matched=90957 of 3333334 in 1ms
20:29:25 [C] accepted forwarded query req-180234476946250-1 (target=C)
20:29:25 [C] rid=req-180234867437708-1 range_search matched=90957 of 3333334 in 1ms
20:29:25 [C] accepted forwarded query req-180234867437708-1 (target=C)
20:29:26 [C] rid=req-180235270275416-1 range_search matched=90957 of 3333334 in 1ms
20:29:26 [C] accepted forwarded query req-180235270275416-1 (target=C)
20:29:26 [C] rid=req-180235270279291-2 range_search matched=90957 of 3333334 in 1ms
20:29:26 [C] accepted forwarded query req-180235270279291-2 (target=C)
20:29:26 [C] rid=req-180235880198416-1 range_search matched=90957 of 3333334 in 1ms
20:29:26 [C] accepted forwarded query req-180235880198416-1 (target=C)
20:29:26 [C] rid=req-180235880214000-2 range_search matched=90957 of 3333334 in 1ms
20:29:26 [C] accepted forwarded query req-180235880214000-2 (target=C)
20:29:27 [C] rid=req-180236477010708-1 range_search matched=90957 of 3333334 in 1ms
20:29:27 [C] accepted forwarded query req-180236477010708-1 (target=C)
20:29:27 [C] rid=req-180236477018708-2 range_search matched=90957 of 3333334 in 1ms
20:29:27 [C] accepted forwarded query req-180236477018708-2 (target=C)
20:29:28 [C] rid=req-180237075607958-2 range_search matched=90957 of 3333334 in 1ms
20:29:28 [C] accepted forwarded query req-180237075607958-2 (target=C)
20:29:28 [C] rid=req-180237075605458-1 range_search matched=90957 of 3333334 in 1ms
20:29:28 [C] accepted forwarded query req-180237075605458-1 (target=C)
20:29:28 [C] rid=req-180237075622416-4 range_search matched=90957 of 3333334 in 1ms
20:29:28 [C] accepted forwarded query req-180237075622416-4 (target=C)
20:29:28 [C] rid=req-180237075613958-3 range_search matched=90957 of 3333334 in 1ms
20:29:28 [C] accepted forwarded query req-180237075613958-3 (target=C)
20:29:29 [C] rid=req-180238132287041-1 range_search matched=90957 of 3333334 in 1ms
20:29:29 [C] accepted forwarded query req-180238132287041-1 (target=C)
20:29:29 [C] rid=req-180238132298000-2 range_search matched=90957 of 3333334 in 1ms
20:29:29 [C] accepted forwarded query req-180238132298000-2 (target=C)
20:29:29 [C] rid=req-180238132310791-4 range_search matched=90957 of 3333334 in 1ms
20:29:29 [C] accepted forwarded query req-180238132310791-4 (target=C)
20:29:29 [C] rid=req-180238132297750-3 range_search matched=90957 of 3333334 in 1ms
20:29:29 [C] accepted forwarded query req-180238132297750-3 (target=C)
20:29:30 [C] rid=req-180239207318666-1 range_search matched=90957 of 3333334 in 1ms
20:29:30 [C] accepted forwarded query req-180239207318666-1 (target=C)
20:29:30 [C] rid=req-180239207325875-2 range_search matched=90957 of 3333334 in 2ms
20:29:30 [C] accepted forwarded query req-180239207325875-2 (target=C)
20:29:30 [C] rid=req-180239207340458-4 range_search matched=90957 of 3333334 in 1ms
20:29:30 [C] accepted forwarded query req-180239207340458-4 (target=C)
20:29:30 [C] rid=req-180239207336541-3 range_search matched=90957 of 3333334 in 2ms
20:29:30 [C] accepted forwarded query req-180239207336541-3 (target=C)
20:29:31 [C] rid=req-180240267077041-1 range_search matched=1660920 of 3333334 in 5ms
20:29:31 [C] accepted forwarded query req-180240267077041-1 (target=C)
20:29:36 [C] rid=req-180245514698666-1 range_search matched=1660920 of 3333334 in 5ms
20:29:36 [C] accepted forwarded query req-180245514698666-1 (target=C)
20:29:41 [C] rid=req-180250811255916-1 range_search matched=1660920 of 3333334 in 5ms
20:29:41 [C] accepted forwarded query req-180250811255916-1 (target=C)
20:29:47 [C] rid=req-180256164313375-2 range_search matched=1660920 of 3333334 in 4ms
20:29:47 [C] accepted forwarded query req-180256164313375-2 (target=C)
20:29:47 [C] rid=req-180256164310875-1 range_search matched=1660920 of 3333334 in 6ms
20:29:47 [C] accepted forwarded query req-180256164310875-1 (target=C)
20:29:56 [C] rid=req-180265902377916-1 range_search matched=1660920 of 3333334 in 6ms
20:29:56 [C] accepted forwarded query req-180265902377916-1 (target=C)
20:29:56 [C] rid=req-180265902386416-2 range_search matched=1660920 of 3333334 in 6ms
20:29:56 [C] accepted forwarded query req-180265902386416-2 (target=C)
20:30:06 [C] rid=req-180275638447750-1 range_search matched=1660920 of 3333334 in 7ms
20:30:06 [C] accepted forwarded query req-180275638447750-1 (target=C)
20:30:06 [C] rid=req-180275638452875-2 range_search matched=1660920 of 3333334 in 5ms
20:30:06 [C] accepted forwarded query req-180275638452875-2 (target=C)
20:30:16 [C] rid=req-180285507720791-2 range_search matched=1660920 of 3333334 in 6ms
20:30:16 [C] accepted forwarded query req-180285507720791-2 (target=C)
20:30:16 [C] rid=req-180285507720916-1 range_search matched=1660920 of 3333334 in 6ms
20:30:16 [C] accepted forwarded query req-180285507720916-1 (target=C)
20:30:16 [C] rid=req-180285507731083-3 range_search matched=1660920 of 3333334 in 6ms
20:30:16 [C] accepted forwarded query req-180285507731083-3 (target=C)
20:30:16 [C] rid=req-180285507736416-4 range_search matched=1660920 of 3333334 in 6ms
20:30:16 [C] accepted forwarded query req-180285507736416-4 (target=C)
20:30:37 [C] rid=req-180306204111583-1 range_search matched=1660920 of 3333334 in 11ms
20:30:37 [C] accepted forwarded query req-180306204111583-1 (target=C)
20:30:37 [C] rid=req-180306204119500-2 range_search matched=1660920 of 3333334 in 9ms
20:30:37 [C] accepted forwarded query req-180306204119500-2 (target=C)
20:30:37 [C] rid=req-180306204133958-4 range_search matched=1660920 of 3333334 in 8ms
20:30:37 [C] accepted forwarded query req-180306204133958-4 (target=C)
20:30:37 [C] rid=req-180306204129750-3 range_search matched=1660920 of 3333334 in 9ms
20:30:37 [C] accepted forwarded query req-180306204129750-3 (target=C)
20:30:58 [C] rid=req-180327484378458-3 range_search matched=1660920 of 3333334 in 10ms
20:30:58 [C] accepted forwarded query req-180327484378458-3 (target=C)
20:30:58 [C] rid=req-180327484360625-1 range_search matched=1660920 of 3333334 in 10ms
20:30:58 [C] accepted forwarded query req-180327484360625-1 (target=C)
20:30:58 [C] rid=req-180327484367625-2 range_search matched=1660920 of 3333334 in 8ms
20:30:58 [C] accepted forwarded query req-180327484367625-2 (target=C)
20:30:58 [C] rid=req-180327484382666-4 range_search matched=1660920 of 3333334 in 9ms
20:30:58 [C] accepted forwarded query req-180327484382666-4 (target=C)
20:31:19 [C] rid=req-180348936255583-1 range_search matched=3332049 of 3333334 in 14ms
20:31:19 [C] accepted forwarded query req-180348936255583-1 (target=C)
20:31:32 [C] rid=req-180361412057833-1 range_search matched=3332049 of 3333334 in 5ms
20:31:32 [C] accepted forwarded query req-180361412057833-1 (target=C)
20:31:44 [C] rid=req-180373508885458-1 range_search matched=3332049 of 3333334 in 6ms
20:31:44 [C] accepted forwarded query req-180373508885458-1 (target=C)
20:31:56 [C] rid=req-180385566370125-1 range_search matched=3332049 of 3333334 in 5ms
20:31:56 [C] accepted forwarded query req-180385566370125-1 (target=C)
20:31:56 [C] rid=req-180385566377125-2 range_search matched=3332049 of 3333334 in 7ms
20:31:56 [C] accepted forwarded query req-180385566377125-2 (target=C)
20:32:18 [C] rid=req-180407737640250-2 range_search matched=3332049 of 3333334 in 20ms
20:32:18 [C] accepted forwarded query req-180407737640250-2 (target=C)
20:32:18 [C] rid=req-180407737633666-1 range_search matched=3332049 of 3333334 in 26ms
20:32:18 [C] accepted forwarded query req-180407737633666-1 (target=C)
20:32:42 [C] rid=req-180431469012875-1 range_search matched=3332049 of 3333334 in 26ms
20:32:42 [C] accepted forwarded query req-180431469012875-1 (target=C)
20:32:42 [C] rid=req-180431469021250-2 range_search matched=3332049 of 3333334 in 10ms
20:32:42 [C] accepted forwarded query req-180431469021250-2 (target=C)
20:32:52 [C] shutdown requested
