[launcher] node=D impl=python overlay=/Users/spartan/mini_2/config/topo/star.yaml data=/Users/spartan/mini_2/data/partitions
2026-04-30 20:29:20,875 INFO mini2.node: [D] loaded 3333334 partition rows from /Users/spartan/mini_2/data/partitions/D.csv
2026-04-30 20:29:20,882 INFO mini2.node: [D] Python node listening on 0.0.0.0:50054 (advertised 192.168.50.2:50054), role=peer team=blue
2026-04-30 20:29:23,546 INFO mini2.node: [D] rid=req-180232551321250-1 range_search matched=8232 of 3333334 in 4.81 ms
2026-04-30 20:29:23,546 INFO mini2.node: [D] accepted forwarded query req-180232551321250-1 (target=D)
2026-04-30 20:29:23,693 INFO mini2.node: [D] rid=req-180232700252166-1 range_search matched=8232 of 3333334 in 2.04 ms
2026-04-30 20:29:23,693 INFO mini2.node: [D] accepted forwarded query req-180232700252166-1 (target=D)
2026-04-30 20:29:23,826 INFO mini2.node: [D] rid=req-180232833291041-1 range_search matched=8232 of 3333334 in 2.04 ms
2026-04-30 20:29:23,826 INFO mini2.node: [D] accepted forwarded query req-180232833291041-1 (target=D)
2026-04-30 20:29:23,963 INFO mini2.node: [D] rid=req-180232970361291-1 range_search matched=8232 of 3333334 in 2.17 ms
2026-04-30 20:29:23,963 INFO mini2.node: [D] accepted forwarded query req-180232970361291-1 (target=D)
2026-04-30 20:29:23,965 INFO mini2.node: [D] rid=req-180232970376708-2 range_search matched=8232 of 3333334 in 2.04 ms
2026-04-30 20:29:23,965 INFO mini2.node: [D] accepted forwarded query req-180232970376708-2 (target=D)
2026-04-30 20:29:24,124 INFO mini2.node: [D] rid=req-180233130870000-2 range_search matched=8232 of 3333334 in 2.26 ms
2026-04-30 20:29:24,124 INFO mini2.node: [D] accepted forwarded query req-180233130870000-2 (target=D)
2026-04-30 20:29:24,126 INFO mini2.node: [D] rid=req-180233130866916-1 range_search matched=8232 of 3333334 in 2.09 ms
2026-04-30 20:29:24,126 INFO mini2.node: [D] accepted forwarded query req-180233130866916-1 (target=D)
2026-04-30 20:29:24,286 INFO mini2.node: [D] rid=req-180233292810291-2 range_search matched=8232 of 3333334 in 2.03 ms
2026-04-30 20:29:24,286 INFO mini2.node: [D] accepted forwarded query req-180233292810291-2 (target=D)
2026-04-30 20:29:24,288 INFO mini2.node: [D] rid=req-180233292807708-1 range_search matched=8232 of 3333334 in 2.16 ms
2026-04-30 20:29:24,288 INFO mini2.node: [D] accepted forwarded query req-180233292807708-1 (target=D)
2026-04-30 20:29:24,451 INFO mini2.node: [D] rid=req-180233457306666-1 range_search matched=8232 of 3333334 in 2.78 ms
2026-04-30 20:29:24,451 INFO mini2.node: [D] accepted forwarded query req-180233457306666-1 (target=D)
2026-04-30 20:29:24,453 INFO mini2.node: [D] rid=req-180233457332500-4 range_search matched=8232 of 3333334 in 2.14 ms
2026-04-30 20:29:24,453 INFO mini2.node: [D] accepted forwarded query req-180233457332500-4 (target=D)
2026-04-30 20:29:24,456 INFO mini2.node: [D] rid=req-180233457314625-2 range_search matched=8232 of 3333334 in 2.09 ms
2026-04-30 20:29:24,456 INFO mini2.node: [D] accepted forwarded query req-180233457314625-2 (target=D)
2026-04-30 20:29:24,458 INFO mini2.node: [D] rid=req-180233457323416-3 range_search matched=8232 of 3333334 in 2.15 ms
2026-04-30 20:29:24,458 INFO mini2.node: [D] accepted forwarded query req-180233457323416-3 (target=D)
2026-04-30 20:29:24,652 INFO mini2.node: [D] rid=req-180233658884625-1 range_search matched=8232 of 3333334 in 2.38 ms
2026-04-30 20:29:24,652 INFO mini2.node: [D] accepted forwarded query req-180233658884625-1 (target=D)
2026-04-30 20:29:24,655 INFO mini2.node: [D] rid=req-180233658893416-2 range_search matched=8232 of 3333334 in 2.29 ms
2026-04-30 20:29:24,655 INFO mini2.node: [D] accepted forwarded query req-180233658893416-2 (target=D)
2026-04-30 20:29:24,657 INFO mini2.node: [D] rid=req-180233658897583-3 range_search matched=8232 of 3333334 in 2.19 ms
2026-04-30 20:29:24,657 INFO mini2.node: [D] accepted forwarded query req-180233658897583-3 (target=D)
2026-04-30 20:29:24,659 INFO mini2.node: [D] rid=req-180233658909791-4 range_search matched=8232 of 3333334 in 2.02 ms
2026-04-30 20:29:24,659 INFO mini2.node: [D] accepted forwarded query req-180233658909791-4 (target=D)
2026-04-30 20:29:24,854 INFO mini2.node: [D] rid=req-180233861303125-3 range_search matched=8232 of 3333334 in 2.16 ms
2026-04-30 20:29:24,854 INFO mini2.node: [D] accepted forwarded query req-180233861303125-3 (target=D)
2026-04-30 20:29:24,857 INFO mini2.node: [D] rid=req-180233861287500-1 range_search matched=8232 of 3333334 in 2.13 ms
2026-04-30 20:29:24,857 INFO mini2.node: [D] accepted forwarded query req-180233861287500-1 (target=D)
2026-04-30 20:29:24,860 INFO mini2.node: [D] rid=req-180233861315250-4 range_search matched=8232 of 3333334 in 2.00 ms
2026-04-30 20:29:24,860 INFO mini2.node: [D] accepted forwarded query req-180233861315250-4 (target=D)
2026-04-30 20:29:24,862 INFO mini2.node: [D] rid=req-180233861296750-2 range_search matched=8232 of 3333334 in 2.03 ms
2026-04-30 20:29:24,862 INFO mini2.node: [D] accepted forwarded query req-180233861296750-2 (target=D)
2026-04-30 20:29:25,068 INFO mini2.node: [D] rid=req-180234074163916-1 range_search matched=90785 of 3333334 in 2.93 ms
2026-04-30 20:29:25,068 INFO mini2.node: [D] accepted forwarded query req-180234074163916-1 (target=D)
2026-04-30 20:29:25,470 INFO mini2.node: [D] rid=req-180234476946250-1 range_search matched=90785 of 3333334 in 3.39 ms
2026-04-30 20:29:25,470 INFO mini2.node: [D] accepted forwarded query req-180234476946250-1 (target=D)
2026-04-30 20:29:25,860 INFO mini2.node: [D] rid=req-180234867437708-1 range_search matched=90785 of 3333334 in 2.83 ms
2026-04-30 20:29:25,860 INFO mini2.node: [D] accepted forwarded query req-180234867437708-1 (target=D)
2026-04-30 20:29:26,266 INFO mini2.node: [D] rid=req-180235270275416-1 range_search matched=90785 of 3333334 in 4.54 ms
2026-04-30 20:29:26,266 INFO mini2.node: [D] accepted forwarded query req-180235270275416-1 (target=D)
2026-04-30 20:29:26,269 INFO mini2.node: [D] rid=req-180235270279291-2 range_search matched=90785 of 3333334 in 3.32 ms
2026-04-30 20:29:26,269 INFO mini2.node: [D] accepted forwarded query req-180235270279291-2 (target=D)
2026-04-30 20:29:26,874 INFO mini2.node: [D] rid=req-180235880198416-1 range_search matched=90785 of 3333334 in 3.53 ms
2026-04-30 20:29:26,874 INFO mini2.node: [D] accepted forwarded query req-180235880198416-1 (target=D)
2026-04-30 20:29:26,878 INFO mini2.node: [D] rid=req-180235880214000-2 range_search matched=90785 of 3333334 in 3.59 ms
2026-04-30 20:29:26,878 INFO mini2.node: [D] accepted forwarded query req-180235880214000-2 (target=D)
2026-04-30 20:29:27,471 INFO mini2.node: [D] rid=req-180236477010708-1 range_search matched=90785 of 3333334 in 3.22 ms
2026-04-30 20:29:27,471 INFO mini2.node: [D] accepted forwarded query req-180236477010708-1 (target=D)
2026-04-30 20:29:27,474 INFO mini2.node: [D] rid=req-180236477018708-2 range_search matched=90785 of 3333334 in 3.36 ms
2026-04-30 20:29:27,474 INFO mini2.node: [D] accepted forwarded query req-180236477018708-2 (target=D)
2026-04-30 20:29:28,069 INFO mini2.node: [D] rid=req-180237075607958-2 range_search matched=90785 of 3333334 in 2.97 ms
2026-04-30 20:29:28,069 INFO mini2.node: [D] accepted forwarded query req-180237075607958-2 (target=D)
2026-04-30 20:29:28,072 INFO mini2.node: [D] rid=req-180237075605458-1 range_search matched=90785 of 3333334 in 3.17 ms
2026-04-30 20:29:28,072 INFO mini2.node: [D] accepted forwarded query req-180237075605458-1 (target=D)
2026-04-30 20:29:28,076 INFO mini2.node: [D] rid=req-180237075622416-4 range_search matched=90785 of 3333334 in 3.13 ms
2026-04-30 20:29:28,076 INFO mini2.node: [D] accepted forwarded query req-180237075622416-4 (target=D)
2026-04-30 20:29:28,080 INFO mini2.node: [D] rid=req-180237075613958-3 range_search matched=90785 of 3333334 in 3.94 ms
2026-04-30 20:29:28,080 INFO mini2.node: [D] accepted forwarded query req-180237075613958-3 (target=D)
2026-04-30 20:29:29,126 INFO mini2.node: [D] rid=req-180238132287041-1 range_search matched=90785 of 3333334 in 3.81 ms
2026-04-30 20:29:29,126 INFO mini2.node: [D] accepted forwarded query req-180238132287041-1 (target=D)
2026-04-30 20:29:29,130 INFO mini2.node: [D] rid=req-180238132298000-2 range_search matched=90785 of 3333334 in 3.46 ms
2026-04-30 20:29:29,130 INFO mini2.node: [D] accepted forwarded query req-180238132298000-2 (target=D)
2026-04-30 20:29:29,133 INFO mini2.node: [D] rid=req-180238132310791-4 range_search matched=90785 of 3333334 in 3.30 ms
2026-04-30 20:29:29,133 INFO mini2.node: [D] accepted forwarded query req-180238132310791-4 (target=D)
2026-04-30 20:29:29,137 INFO mini2.node: [D] rid=req-180238132297750-3 range_search matched=90785 of 3333334 in 3.13 ms
2026-04-30 20:29:29,137 INFO mini2.node: [D] accepted forwarded query req-180238132297750-3 (target=D)
2026-04-30 20:29:30,202 INFO mini2.node: [D] rid=req-180239207318666-1 range_search matched=90785 of 3333334 in 3.92 ms
2026-04-30 20:29:30,202 INFO mini2.node: [D] accepted forwarded query req-180239207318666-1 (target=D)
2026-04-30 20:29:30,206 INFO mini2.node: [D] rid=req-180239207325875-2 range_search matched=90785 of 3333334 in 3.77 ms
2026-04-30 20:29:30,206 INFO mini2.node: [D] accepted forwarded query req-180239207325875-2 (target=D)
2026-04-30 20:29:30,210 INFO mini2.node: [D] rid=req-180239207340458-4 range_search matched=90785 of 3333334 in 3.40 ms
2026-04-30 20:29:30,210 INFO mini2.node: [D] accepted forwarded query req-180239207340458-4 (target=D)
2026-04-30 20:29:30,214 INFO mini2.node: [D] rid=req-180239207336541-3 range_search matched=90785 of 3333334 in 3.92 ms
2026-04-30 20:29:30,214 INFO mini2.node: [D] accepted forwarded query req-180239207336541-3 (target=D)
2026-04-30 20:29:31,263 INFO mini2.node: [D] rid=req-180240267077041-1 range_search matched=1660503 of 3333334 in 3.47 ms
2026-04-30 20:29:31,263 INFO mini2.node: [D] accepted forwarded query req-180240267077041-1 (target=D)
2026-04-30 20:29:36,511 INFO mini2.node: [D] rid=req-180245514698666-1 range_search matched=1660503 of 3333334 in 3.94 ms
2026-04-30 20:29:36,511 INFO mini2.node: [D] accepted forwarded query req-180245514698666-1 (target=D)
2026-04-30 20:29:41,806 INFO mini2.node: [D] rid=req-180250811255916-1 range_search matched=1660503 of 3333334 in 3.36 ms
2026-04-30 20:29:41,806 INFO mini2.node: [D] accepted forwarded query req-180250811255916-1 (target=D)
2026-04-30 20:29:47,163 INFO mini2.node: [D] rid=req-180256164313375-2 range_search matched=1660503 of 3333334 in 5.73 ms
2026-04-30 20:29:47,163 INFO mini2.node: [D] accepted forwarded query req-180256164313375-2 (target=D)
2026-04-30 20:29:47,167 INFO mini2.node: [D] rid=req-180256164310875-1 range_search matched=1660503 of 3333334 in 3.53 ms
2026-04-30 20:29:47,167 INFO mini2.node: [D] accepted forwarded query req-180256164310875-1 (target=D)
2026-04-30 20:29:56,903 INFO mini2.node: [D] rid=req-180265902377916-1 range_search matched=1660503 of 3333334 in 4.73 ms
2026-04-30 20:29:56,903 INFO mini2.node: [D] accepted forwarded query req-180265902377916-1 (target=D)
2026-04-30 20:29:56,907 INFO mini2.node: [D] rid=req-180265902386416-2 range_search matched=1660503 of 3333334 in 3.74 ms
2026-04-30 20:29:56,907 INFO mini2.node: [D] accepted forwarded query req-180265902386416-2 (target=D)
2026-04-30 20:30:06,640 INFO mini2.node: [D] rid=req-180275638447750-1 range_search matched=1660503 of 3333334 in 4.83 ms
2026-04-30 20:30:06,640 INFO mini2.node: [D] accepted forwarded query req-180275638447750-1 (target=D)
2026-04-30 20:30:06,644 INFO mini2.node: [D] rid=req-180275638452875-2 range_search matched=1660503 of 3333334 in 3.72 ms
2026-04-30 20:30:06,644 INFO mini2.node: [D] accepted forwarded query req-180275638452875-2 (target=D)
2026-04-30 20:30:16,506 INFO mini2.node: [D] rid=req-180285507720791-2 range_search matched=1660503 of 3333334 in 4.43 ms
2026-04-30 20:30:16,506 INFO mini2.node: [D] accepted forwarded query req-180285507720791-2 (target=D)
2026-04-30 20:30:16,527 INFO mini2.node: [D] rid=req-180285507720916-1 range_search matched=1660503 of 3333334 in 4.61 ms
2026-04-30 20:30:16,527 INFO mini2.node: [D] accepted forwarded query req-180285507720916-1 (target=D)
2026-04-30 20:30:16,532 INFO mini2.node: [D] rid=req-180285507736416-4 range_search matched=1660503 of 3333334 in 3.84 ms
2026-04-30 20:30:16,532 INFO mini2.node: [D] accepted forwarded query req-180285507736416-4 (target=D)
2026-04-30 20:30:16,536 INFO mini2.node: [D] rid=req-180285507731083-3 range_search matched=1660503 of 3333334 in 4.08 ms
2026-04-30 20:30:16,536 INFO mini2.node: [D] accepted forwarded query req-180285507731083-3 (target=D)
2026-04-30 20:30:37,222 INFO mini2.node: [D] rid=req-180306204111583-1 range_search matched=1660503 of 3333334 in 18.00 ms
2026-04-30 20:30:37,223 INFO mini2.node: [D] accepted forwarded query req-180306204111583-1 (target=D)
2026-04-30 20:30:37,230 INFO mini2.node: [D] rid=req-180306204119500-2 range_search matched=1660503 of 3333334 in 7.42 ms
2026-04-30 20:30:37,230 INFO mini2.node: [D] accepted forwarded query req-180306204119500-2 (target=D)
2026-04-30 20:30:37,235 INFO mini2.node: [D] rid=req-180306204133958-4 range_search matched=1660503 of 3333334 in 4.59 ms
2026-04-30 20:30:37,235 INFO mini2.node: [D] accepted forwarded query req-180306204133958-4 (target=D)
2026-04-30 20:30:37,239 INFO mini2.node: [D] rid=req-180306204129750-3 range_search matched=1660503 of 3333334 in 4.10 ms
2026-04-30 20:30:37,239 INFO mini2.node: [D] accepted forwarded query req-180306204129750-3 (target=D)
2026-04-30 20:30:58,502 INFO mini2.node: [D] rid=req-180327484378458-3 range_search matched=1660503 of 3333334 in 18.93 ms
2026-04-30 20:30:58,502 INFO mini2.node: [D] accepted forwarded query req-180327484378458-3 (target=D)
2026-04-30 20:30:58,512 INFO mini2.node: [D] rid=req-180327484360625-1 range_search matched=1660503 of 3333334 in 9.16 ms
2026-04-30 20:30:58,512 INFO mini2.node: [D] accepted forwarded query req-180327484360625-1 (target=D)
2026-04-30 20:30:58,526 INFO mini2.node: [D] rid=req-180327484367625-2 range_search matched=1660503 of 3333334 in 8.85 ms
2026-04-30 20:30:58,526 INFO mini2.node: [D] accepted forwarded query req-180327484367625-2 (target=D)
2026-04-30 20:30:58,537 INFO mini2.node: [D] rid=req-180327484382666-4 range_search matched=1660503 of 3333334 in 10.58 ms
2026-04-30 20:30:58,537 INFO mini2.node: [D] accepted forwarded query req-180327484382666-4 (target=D)
2026-04-30 20:31:19,954 INFO mini2.node: [D] rid=req-180348936255583-1 range_search matched=3331982 of 3333334 in 18.96 ms
2026-04-30 20:31:19,955 INFO mini2.node: [D] accepted forwarded query req-180348936255583-1 (target=D)
2026-04-30 20:31:32,408 INFO mini2.node: [D] rid=req-180361412057833-1 range_search matched=3331982 of 3333334 in 6.52 ms
2026-04-30 20:31:32,408 INFO mini2.node: [D] accepted forwarded query req-180361412057833-1 (target=D)
2026-04-30 20:31:44,504 INFO mini2.node: [D] rid=req-180373508885458-1 range_search matched=3331982 of 3333334 in 6.04 ms
2026-04-30 20:31:44,504 INFO mini2.node: [D] accepted forwarded query req-180373508885458-1 (target=D)
2026-04-30 20:31:56,564 INFO mini2.node: [D] rid=req-180385566370125-1 range_search matched=3331982 of 3333334 in 4.77 ms
2026-04-30 20:31:56,564 INFO mini2.node: [D] accepted forwarded query req-180385566370125-1 (target=D)
2026-04-30 20:31:56,569 INFO mini2.node: [D] rid=req-180385566377125-2 range_search matched=3331982 of 3333334 in 5.29 ms
2026-04-30 20:31:56,569 INFO mini2.node: [D] accepted forwarded query req-180385566377125-2 (target=D)
2026-04-30 20:32:18,759 INFO mini2.node: [D] rid=req-180407737640250-2 range_search matched=3331982 of 3333334 in 14.60 ms
2026-04-30 20:32:18,759 INFO mini2.node: [D] accepted forwarded query req-180407737640250-2 (target=D)
2026-04-30 20:32:18,792 INFO mini2.node: [D] rid=req-180407737633666-1 range_search matched=3331982 of 3333334 in 12.94 ms
2026-04-30 20:32:18,793 INFO mini2.node: [D] accepted forwarded query req-180407737633666-1 (target=D)
2026-04-30 20:32:42,496 INFO mini2.node: [D] rid=req-180431469012875-1 range_search matched=3331982 of 3333334 in 13.46 ms
2026-04-30 20:32:42,497 INFO mini2.node: [D] accepted forwarded query req-180431469012875-1 (target=D)
2026-04-30 20:32:42,503 INFO mini2.node: [D] rid=req-180431469021250-2 range_search matched=3331982 of 3333334 in 6.35 ms
2026-04-30 20:32:42,503 INFO mini2.node: [D] accepted forwarded query req-180431469021250-2 (target=D)
2026-04-30 20:32:52,115 INFO mini2.node: [D] shutting down
2026-04-30 20:32:52,826 INFO mini2.node: [D] shutting down
