[launcher] node=A impl=cpp overlay=/Users/spartan/mini_2/config/overlay.yaml data=/Users/spartan/mini_2/data/partitions_trip_distance
16:53:55 [A] loaded 8372257 rows from /Users/spartan/mini_2/data/partitions_trip_distance/A.csv
16:53:55 [A] smart routing enabled: scheme=trip_distance
[A] worker_threads=8
16:53:55 [A] listening on 0.0.0.0:50051 role=gateway team=blue
16:54:00 [A] SubmitQuery rid=req-944909869426208-1 preds=1
16:54:00 [A] rid=req-944909869426208-1 range_search matched=0 of 8372257 in 2ms
16:54:00 [A] smart-route rid=req-944909869426208-1 hit 1/9 owners; skipped: A B C D E F G I 
16:54:00 [A] rid=req-944909869426208-1 done; total=176243
16:54:00 [A] SubmitQuery rid=req-944910704752833-1 preds=1
16:54:00 [A] rid=req-944910704752833-1 range_search matched=0 of 8372257 in 1ms
16:54:00 [A] smart-route rid=req-944910704752833-1 hit 1/9 owners; skipped: A B C D E F G I 
16:54:07 [A] rid=req-944910704752833-1 done; total=1942731
16:54:07 [A] SubmitQuery rid=req-944917652768791-1 preds=1
16:54:07 [A] rid=req-944917652768791-1 range_search matched=0 of 8372257 in 1ms
16:54:07 [A] smart-route rid=req-944917652768791-1 hit 1/9 owners; skipped: A B C D E F G I 
16:54:14 [A] rid=req-944917652768791-1 done; total=1942731
16:54:14 [A] SubmitQuery rid=req-944924778179416-1 preds=1
16:54:14 [A] rid=req-944924778179416-1 range_search matched=0 of 8372257 in 1ms
16:54:14 [A] smart-route rid=req-944924778179416-1 hit 5/9 owners; skipped: A B H I 
16:55:15 [A] rid=req-944924778179416-1 done; total=34764991
16:55:15 [A] SubmitQuery rid=req-944985462249833-1 preds=1
16:55:15 [A] rid=req-944985462249833-1 range_search matched=0 of 8372257 in 15ms
16:55:15 [A] smart-route rid=req-944985462249833-1 hit 5/9 owners; skipped: A B H I 
16:56:17 [A] rid=req-944985462249833-1 done; total=34764991
16:56:18 [A] shutdown requested
