[launcher] node=B impl=cpp overlay=/Users/spartan/mini_2/config/overlay.yaml data=/Users/spartan/mini_2/data/partitions_round_robin
16:20:00 [B] loaded 7777778 rows from /Users/spartan/mini_2/data/partitions_round_robin/B.csv
[B] worker_threads=8
16:20:00 [B] listening on 0.0.0.0:50052 role=peer team=blue
16:20:00 [B] rid=req-942870174514625-1 range_search matched=0 of 7777778 in 2ms
16:20:00 [B] accepted forwarded query req-942870174514625-1 (target=B)
16:20:00 [B] rid=req-942870456161416-1 range_search matched=19569 of 7777778 in 3ms
16:20:00 [B] accepted forwarded query req-942870456161416-1 (target=B)
16:20:00 [B] rid=req-942870748452458-1 range_search matched=19569 of 7777778 in 3ms
16:20:00 [B] accepted forwarded query req-942870748452458-1 (target=B)
16:20:01 [B] rid=req-942871047967375-1 range_search matched=216296 of 7777778 in 4ms
16:20:01 [B] accepted forwarded query req-942871047967375-1 (target=B)
16:20:02 [B] rid=req-942872631716208-1 range_search matched=216296 of 7777778 in 4ms
16:20:02 [B] accepted forwarded query req-942872631716208-1 (target=B)
16:20:04 [B] rid=req-942874557762916-1 range_search matched=3862474 of 7777778 in 17ms
16:20:04 [B] accepted forwarded query req-942874557762916-1 (target=B)
16:20:54 [B] rid=req-942924588900375-1 range_search matched=3862474 of 7777778 in 16ms
16:20:54 [B] accepted forwarded query req-942924588900375-1 (target=B)
16:21:46 [B] rid=req-942975802547541-1 range_search matched=7774940 of 7777778 in 41ms
16:21:46 [B] accepted forwarded query req-942975802547541-1 (target=B)
16:21:59 [B] shutdown requested
