[launcher] node=C impl=cpp overlay=/Users/spartan/mini_2/config/overlay.yaml data=/Users/spartan/mini_2/data/partitions_round_robin
16:19:59 [C] loaded 7777778 rows from /Users/spartan/mini_2/data/partitions_round_robin/C.csv
[C] worker_threads=8
16:19:59 [C] listening on 0.0.0.0:50053 role=peer team=yellow
16:20:00 [C] rid=req-942870174514625-1 range_search matched=0 of 7777778 in 7ms
16:20:00 [C] accepted forwarded query req-942870174514625-1 (target=C)
16:20:00 [C] rid=req-942870456161416-1 range_search matched=19606 of 7777778 in 4ms
16:20:00 [C] accepted forwarded query req-942870456161416-1 (target=C)
16:20:00 [C] rid=req-942870748452458-1 range_search matched=19606 of 7777778 in 3ms
16:20:00 [C] accepted forwarded query req-942870748452458-1 (target=C)
16:20:01 [C] rid=req-942871047967375-1 range_search matched=216249 of 7777778 in 4ms
16:20:01 [C] accepted forwarded query req-942871047967375-1 (target=C)
16:20:02 [C] rid=req-942872631716208-1 range_search matched=216249 of 7777778 in 4ms
16:20:02 [C] accepted forwarded query req-942872631716208-1 (target=C)
16:20:04 [C] rid=req-942874557762916-1 range_search matched=3861738 of 7777778 in 17ms
16:20:04 [C] accepted forwarded query req-942874557762916-1 (target=C)
16:20:54 [C] rid=req-942924588900375-1 range_search matched=3861738 of 7777778 in 17ms
16:20:54 [C] accepted forwarded query req-942924588900375-1 (target=C)
16:21:46 [C] rid=req-942975802547541-1 range_search matched=7774839 of 7777778 in 38ms
16:21:46 [C] accepted forwarded query req-942975802547541-1 (target=C)
16:21:59 [C] shutdown requested
