[launcher] node=E impl=cpp overlay=/Users/spartan/mini_2/config/overlay.yaml data=/Users/spartan/mini_2/data/partitions_round_robin
16:19:58 [E] loaded 7777778 rows from /Users/spartan/mini_2/data/partitions_round_robin/E.csv
[E] worker_threads=8
16:19:58 [E] listening on 0.0.0.0:50055 role=peer team=yellow
16:20:00 [E] rid=req-942870174514625-1 range_search matched=0 of 7777778 in 11ms
16:20:00 [E] accepted forwarded query req-942870174514625-1 (target=E)
16:20:00 [E] rid=req-942870456161416-1 range_search matched=19518 of 7777778 in 6ms
16:20:00 [E] accepted forwarded query req-942870456161416-1 (target=E)
16:20:00 [E] rid=req-942870748452458-1 range_search matched=19518 of 7777778 in 5ms
16:20:00 [E] accepted forwarded query req-942870748452458-1 (target=E)
16:20:01 [E] rid=req-942871047967375-1 range_search matched=215606 of 7777778 in 6ms
16:20:01 [E] accepted forwarded query req-942871047967375-1 (target=E)
16:20:02 [E] rid=req-942872631716208-1 range_search matched=215606 of 7777778 in 6ms
16:20:02 [E] accepted forwarded query req-942872631716208-1 (target=E)
16:20:04 [E] rid=req-942874557762916-1 range_search matched=3862007 of 7777778 in 26ms
16:20:04 [E] accepted forwarded query req-942874557762916-1 (target=E)
16:20:54 [E] rid=req-942924588900375-1 range_search matched=3862007 of 7777778 in 24ms
16:20:54 [E] accepted forwarded query req-942924588900375-1 (target=E)
16:21:46 [E] rid=req-942975802547541-1 range_search matched=7774928 of 7777778 in 37ms
16:21:46 [E] accepted forwarded query req-942975802547541-1 (target=E)
16:21:59 [E] shutdown requested
