[launcher] node=C impl=cpp overlay=/Users/spartan/mini_2/config/overlay.yaml data=/Users/spartan/mini_2/data/partitions_trip_distance
17:25:44 [C] loaded 7472504 rows from /Users/spartan/mini_2/data/partitions_trip_distance/C.csv
[C] worker_threads=4
17:25:44 [C] listening on 0.0.0.0:50053 role=peer team=yellow
17:26:43 [C] rid=req-946873347241208-1 range_search matched=5922825 of 7472504 in 19ms
17:26:43 [C] accepted forwarded query req-946873347241208-1 (target=C)
17:27:47 [C] rid=req-946936961628250-1 range_search matched=5922825 of 7472504 in 18ms
17:27:47 [C] accepted forwarded query req-946936961628250-1 (target=C)
17:28:48 [C] rid=req-946998532058166-1 range_search matched=5922825 of 7472504 in 16ms
17:28:48 [C] accepted forwarded query req-946998532058166-1 (target=C)
17:28:48 [C] rid=req-946998532074541-2 range_search matched=5922825 of 7472504 in 19ms
17:28:48 [C] accepted forwarded query req-946998532074541-2 (target=C)
17:28:48 [C] rid=req-946998532085833-4 range_search matched=5922825 of 7472504 in 48ms
17:28:48 [C] accepted forwarded query req-946998532085833-4 (target=C)
17:30:24 [C] rid=req-947094476265083-2 range_search matched=5922825 of 7472504 in 31ms
17:30:24 [C] accepted forwarded query req-947094476265083-2 (target=C)
17:30:24 [C] rid=req-947094476256083-1 range_search matched=5922825 of 7472504 in 19ms
17:30:24 [C] accepted forwarded query req-947094476256083-1 (target=C)
17:30:24 [C] rid=req-947094476278000-3 range_search matched=5922825 of 7472504 in 23ms
17:30:24 [C] accepted forwarded query req-947094476278000-3 (target=C)
17:32:04 [C] shutdown requested
