[launcher] node=D impl=python overlay=/Users/spartan/mini_2/config/overlay.yaml data=/Users/spartan/mini_2/data/partitions_trip_distance
2026-05-09 17:25:47,331 INFO mini2.node: [D] loaded 7614067 partition rows from /Users/spartan/mini_2/data/partitions_trip_distance/D.csv
2026-05-09 17:25:47,347 INFO mini2.node: [D] Python node listening on 0.0.0.0:50054 (advertised 192.168.50.2:50054), role=peer team=blue
2026-05-09 17:26:43,575 INFO mini2.node: [D] rid=req-946873347241208-1 range_search matched=7614067 of 7614067 in 20.32 ms
2026-05-09 17:26:43,575 INFO mini2.node: [D] accepted forwarded query req-946873347241208-1 (target=D)
2026-05-09 17:27:47,188 INFO mini2.node: [D] rid=req-946936961628250-1 range_search matched=7614067 of 7614067 in 25.04 ms
2026-05-09 17:27:47,188 INFO mini2.node: [D] accepted forwarded query req-946936961628250-1 (target=D)
2026-05-09 17:28:48,764 INFO mini2.node: [D] rid=req-946998532058166-1 range_search matched=7614067 of 7614067 in 19.33 ms
2026-05-09 17:28:48,764 INFO mini2.node: [D] accepted forwarded query req-946998532058166-1 (target=D)
2026-05-09 17:28:48,796 INFO mini2.node: [D] rid=req-946998532074541-2 range_search matched=7614067 of 7614067 in 31.55 ms
2026-05-09 17:28:48,796 INFO mini2.node: [D] accepted forwarded query req-946998532074541-2 (target=D)
2026-05-09 17:28:48,860 INFO mini2.node: [D] rid=req-946998532085833-4 range_search matched=7614067 of 7614067 in 10.12 ms
2026-05-09 17:28:48,861 INFO mini2.node: [D] accepted forwarded query req-946998532085833-4 (target=D)
2026-05-09 17:30:24,747 INFO mini2.node: [D] rid=req-947094476265083-2 range_search matched=7614067 of 7614067 in 27.64 ms
2026-05-09 17:30:24,750 INFO mini2.node: [D] accepted forwarded query req-947094476265083-2 (target=D)
2026-05-09 17:30:24,773 INFO mini2.node: [D] rid=req-947094476256083-1 range_search matched=7614067 of 7614067 in 22.10 ms
2026-05-09 17:30:24,773 INFO mini2.node: [D] accepted forwarded query req-947094476256083-1 (target=D)
2026-05-09 17:30:24,794 INFO mini2.node: [D] rid=req-947094476278000-3 range_search matched=7614067 of 7614067 in 21.13 ms
2026-05-09 17:30:24,794 INFO mini2.node: [D] accepted forwarded query req-947094476278000-3 (target=D)
2026-05-09 17:32:04,688 INFO mini2.node: [D] shutting down
