[launcher] node=A impl=cpp overlay=/Users/spartan/mini_2/config/overlay.yaml data=/Users/spartan/mini_2/data/partitions_consistent_hash
17:40:58 [A] loaded 7299081 rows from /Users/spartan/mini_2/data/partitions_consistent_hash/A.csv
17:40:58 [A] vnode range table: 17 columns in 39ms
17:40:58 [A] smart routing enabled: scheme=consistent_hash
[A] worker_threads=16
17:40:58 [A] listening on 0.0.0.0:50051 role=gateway team=blue
17:41:00 [A] SubmitQuery rid=req-1120530844006250-1 preds=1
17:41:00 [A] rid=req-1120530844006250-1 range_search matched=114931 of 7299081 in 11ms
17:41:00 [A] smart-route rid=req-1120530844006250-1 hit 6/9 owners; skipped: C F I 
17:41:11 [A] forward→H via H failed after retries: failed to connect to all addresses; last error: UNKNOWN: ipv4:192.168.50.1:50058: Failed to connect to remote host: Connection refused
17:41:12 [A] SubmitQuery rid=req-1120542005196666-1 preds=1
17:41:12 [A] rid=req-1120542005196666-1 range_search matched=114931 of 7299081 in 5ms
17:41:12 [A] smart-route rid=req-1120542005196666-1 hit 6/9 owners; skipped: C F I 
17:41:19 [A] PullChunk→D failed: failed to connect to all addresses; last error: UNKNOWN: ipv4:192.168.50.2:50054: Failed to connect to remote host: Connection refused
17:41:19 [A] rid=req-1120542005196666-1 done; total=176243 vnodes_hit=5/6
17:41:19 [A] SubmitQuery rid=req-1120549479964541-1 preds=1
17:41:19 [A] rid=req-1120549479964541-1 range_search matched=114931 of 7299081 in 4ms
17:41:19 [A] smart-route rid=req-1120549479964541-1 hit 6/9 owners; skipped: C F I 
17:41:19 [A] PullChunk→D failed: failed to connect to all addresses; last error: UNKNOWN: ipv4:192.168.50.2:50054: Failed to connect to remote host: Connection refused
17:41:19 [A] rid=req-1120549479964541-1 done; total=176243 vnodes_hit=5/6
17:41:20 [A] SubmitQuery rid=req-1120550062970916-1 preds=1
17:41:20 [A] rid=req-1120550062970916-1 range_search matched=114931 of 7299081 in 4ms
17:41:20 [A] smart-route rid=req-1120550062970916-1 hit 6/9 owners; skipped: C F I 
17:41:20 [A] PullChunk→D failed: failed to connect to all addresses; last error: UNKNOWN: ipv4:192.168.50.2:50054: Failed to connect to remote host: Connection refused
17:41:20 [A] rid=req-1120550062970916-1 done; total=176243 vnodes_hit=5/6
17:41:20 [A] SubmitQuery rid=req-1120550632890541-3 preds=1
17:41:20 [A] SubmitQuery rid=req-1120550632872875-1 preds=1
17:41:20 [A] SubmitQuery rid=req-1120550632885291-2 preds=1
17:41:20 [A] SubmitQuery rid=req-1120550632904625-4 preds=1
17:41:20 [A] rid=req-1120550632890541-3 range_search matched=114931 of 7299081 in 4ms
17:41:20 [A] smart-route rid=req-1120550632890541-3 hit 6/9 owners; skipped: C F I 
17:41:20 [A] rid=req-1120550632872875-1 range_search matched=114931 of 7299081 in 5ms
17:41:20 [A] smart-route rid=req-1120550632872875-1 hit 6/9 owners; skipped: C F I 
17:41:20 [A] rid=req-1120550632885291-2 range_search matched=114931 of 7299081 in 6ms
17:41:20 [A] smart-route rid=req-1120550632885291-2 hit 6/9 owners; skipped: C F I 
17:41:20 [A] rid=req-1120550632904625-4 range_search matched=114931 of 7299081 in 6ms
17:41:20 [A] smart-route rid=req-1120550632904625-4 hit 6/9 owners; skipped: C F I 
17:41:21 [A] PullChunk→D failed: failed to connect to all addresses; last error: UNKNOWN: ipv4:192.168.50.2:50054: Failed to connect to remote host: Connection refused
17:41:21 [A] PullChunk→D failed: failed to connect to all addresses; last error: UNKNOWN: ipv4:192.168.50.2:50054: Failed to connect to remote host: Connection refused
17:41:21 [A] PullChunk→D failed: failed to connect to all addresses; last error: UNKNOWN: ipv4:192.168.50.2:50054: Failed to connect to remote host: Connection refused
17:41:22 [A] PullChunk→D failed: failed to connect to all addresses; last error: UNKNOWN: ipv4:192.168.50.2:50054: Failed to connect to remote host: Connection refused
17:41:22 [A] rid=req-1120550632904625-4 done; total=176243 vnodes_hit=5/6
17:41:22 [A] rid=req-1120550632890541-3 done; total=176243 vnodes_hit=5/6
17:41:22 [A] rid=req-1120550632872875-1 done; total=176243 vnodes_hit=5/6
17:41:22 [A] rid=req-1120550632885291-2 done; total=176243 vnodes_hit=5/6
17:41:22 [A] SubmitQuery rid=req-1120552414251708-1 preds=1
17:41:22 [A] SubmitQuery rid=req-1120552414261625-3 preds=1
17:41:22 [A] SubmitQuery rid=req-1120552414255125-2 preds=1
17:41:22 [A] SubmitQuery rid=req-1120552414272916-4 preds=1
17:41:22 [A] rid=req-1120552414251708-1 range_search matched=114931 of 7299081 in 4ms
17:41:22 [A] smart-route rid=req-1120552414251708-1 hit 6/9 owners; skipped: C F I 
17:41:22 [A] rid=req-1120552414255125-2 range_search matched=114931 of 7299081 in 5ms
17:41:22 [A] smart-route rid=req-1120552414255125-2 hit 6/9 owners; skipped: C F I 
17:41:22 [A] rid=req-1120552414261625-3 range_search matched=114931 of 7299081 in 6ms
17:41:22 [A] smart-route rid=req-1120552414261625-3 hit 6/9 owners; skipped: C F I 
17:41:22 [A] rid=req-1120552414272916-4 range_search matched=114931 of 7299081 in 7ms
17:41:22 [A] smart-route rid=req-1120552414272916-4 hit 6/9 owners; skipped: C F I 
17:41:22 [A] PullChunk→D failed: failed to connect to all addresses; last error: UNKNOWN: ipv4:192.168.50.2:50054: Failed to connect to remote host: Connection refused
17:41:23 [A] PullChunk→D failed: failed to connect to all addresses; last error: UNKNOWN: ipv4:192.168.50.2:50054: Failed to connect to remote host: Connection refused
17:41:23 [A] PullChunk→D failed: failed to connect to all addresses; last error: UNKNOWN: ipv4:192.168.50.2:50054: Failed to connect to remote host: Connection refused
17:41:23 [A] PullChunk→D failed: failed to connect to all addresses; last error: UNKNOWN: ipv4:192.168.50.2:50054: Failed to connect to remote host: Connection refused
17:41:23 [A] rid=req-1120552414255125-2 done; total=176243 vnodes_hit=5/6
17:41:23 [A] rid=req-1120552414272916-4 done; total=176243 vnodes_hit=5/6
17:41:23 [A] rid=req-1120552414261625-3 done; total=176243 vnodes_hit=5/6
17:41:23 [A] rid=req-1120552414251708-1 done; total=176243 vnodes_hit=5/6
17:41:24 [A] SubmitQuery rid=req-1120554103100875-1 preds=1
17:41:24 [A] rid=req-1120554103100875-1 range_search matched=162999 of 7299081 in 4ms
17:41:24 [A] PullChunk→D failed: failed to connect to all addresses; last error: UNKNOWN: ipv4:192.168.50.2:50054: Failed to connect to remote host: Connection refused
17:41:26 [A] rid=req-1120554103100875-1 done; total=1639811 vnodes_hit=8/9
17:41:27 [A] SubmitQuery rid=req-1120557041939166-1 preds=1
17:41:27 [A] rid=req-1120557041939166-1 range_search matched=162999 of 7299081 in 4ms
17:41:30 [A] rid=req-1120557041939166-1 done; total=1942731 vnodes_hit=9/9
17:41:31 [A] SubmitQuery rid=req-1120561071540708-3 preds=1
17:41:31 [A] SubmitQuery rid=req-1120561071521125-1 preds=1
17:41:31 [A] SubmitQuery rid=req-1120561071526375-2 preds=1
17:41:31 [A] SubmitQuery rid=req-1120561071540708-4 preds=1
17:41:31 [A] rid=req-1120561071540708-3 range_search matched=162999 of 7299081 in 4ms
17:41:31 [A] rid=req-1120561071521125-1 range_search matched=162999 of 7299081 in 6ms
17:41:31 [A] rid=req-1120561071526375-2 range_search matched=162999 of 7299081 in 5ms
17:41:31 [A] rid=req-1120561071540708-4 range_search matched=162999 of 7299081 in 9ms
17:41:37 [A] rid=req-1120561071521125-1 done; total=1942731 vnodes_hit=9/9
17:41:38 [A] rid=req-1120561071540708-3 done; total=1942731 vnodes_hit=9/9
17:41:39 [A] rid=req-1120561071540708-4 done; total=1942731 vnodes_hit=9/9
17:41:39 [A] rid=req-1120561071526375-2 done; total=1942731 vnodes_hit=9/9
17:41:39 [A] SubmitQuery rid=req-1120569769948916-1 preds=1
17:41:39 [A] SubmitQuery rid=req-1120569769962458-3 preds=1
17:41:39 [A] SubmitQuery rid=req-1120569769954916-2 preds=1
17:41:39 [A] SubmitQuery rid=req-1120569769991000-4 preds=1
17:41:39 [A] rid=req-1120569769948916-1 range_search matched=162999 of 7299081 in 5ms
17:41:39 [A] rid=req-1120569769962458-3 range_search matched=162999 of 7299081 in 5ms
17:41:39 [A] rid=req-1120569769954916-2 range_search matched=162999 of 7299081 in 6ms
17:41:39 [A] rid=req-1120569769991000-4 range_search matched=162999 of 7299081 in 8ms
17:41:49 [A] rid=req-1120569769962458-3 done; total=1942731 vnodes_hit=9/9
17:41:49 [A] rid=req-1120569769991000-4 done; total=1942731 vnodes_hit=9/9
17:41:49 [A] rid=req-1120569769954916-2 done; total=1942731 vnodes_hit=9/9
17:41:49 [A] rid=req-1120569769948916-1 done; total=1942731 vnodes_hit=9/9
17:41:49 [A] SubmitQuery rid=req-1120579831903833-1 preds=1
17:41:49 [A] rid=req-1120579831903833-1 range_search matched=3056213 of 7299081 in 14ms
17:42:47 [A] rid=req-1120579831903833-1 done; total=34764991 vnodes_hit=9/9
17:42:47 [A] SubmitQuery rid=req-1120637210511916-1 preds=1
17:42:47 [A] rid=req-1120637210511916-1 range_search matched=3056213 of 7299081 in 20ms
