[launcher] node=B impl=cpp overlay=/Users/spartan/mini_2/config/overlay.yaml data=/Users/spartan/mini_2/data/partitions_consistent_hash
17:40:59 [B] loaded 8759742 rows from /Users/spartan/mini_2/data/partitions_consistent_hash/B.csv
17:40:59 [B] vnode range table: 17 columns in 44ms
[B] worker_threads=16
17:40:59 [B] listening on 0.0.0.0:50052 role=peer team=blue
17:41:00 [B] rid=req-1120530844006250-1 range_search matched=24510 of 8759742 in 3ms
17:41:00 [B] accepted forwarded query req-1120530844006250-1 (target=B)
17:41:12 [B] rid=req-1120542005196666-1 range_search matched=24510 of 8759742 in 6ms
17:41:12 [B] accepted forwarded query req-1120542005196666-1 (target=B)
17:41:19 [B] rid=req-1120549479964541-1 range_search matched=24510 of 8759742 in 5ms
17:41:19 [B] accepted forwarded query req-1120549479964541-1 (target=B)
17:41:20 [B] rid=req-1120550062970916-1 range_search matched=24510 of 8759742 in 4ms
17:41:20 [B] accepted forwarded query req-1120550062970916-1 (target=B)
17:41:20 [B] rid=req-1120550632890541-3 range_search matched=24510 of 8759742 in 6ms
17:41:20 [B] accepted forwarded query req-1120550632890541-3 (target=B)
17:41:20 [B] rid=req-1120550632872875-1 range_search matched=24510 of 8759742 in 6ms
17:41:20 [B] accepted forwarded query req-1120550632872875-1 (target=B)
17:41:20 [B] rid=req-1120550632885291-2 range_search matched=24510 of 8759742 in 5ms
17:41:20 [B] accepted forwarded query req-1120550632885291-2 (target=B)
17:41:20 [B] rid=req-1120550632904625-4 range_search matched=24510 of 8759742 in 5ms
17:41:20 [B] accepted forwarded query req-1120550632904625-4 (target=B)
17:41:22 [B] rid=req-1120552414251708-1 range_search matched=24510 of 8759742 in 5ms
17:41:22 [B] accepted forwarded query req-1120552414251708-1 (target=B)
17:41:22 [B] rid=req-1120552414255125-2 range_search matched=24510 of 8759742 in 5ms
17:41:22 [B] accepted forwarded query req-1120552414255125-2 (target=B)
17:41:22 [B] rid=req-1120552414261625-3 range_search matched=24510 of 8759742 in 4ms
17:41:22 [B] accepted forwarded query req-1120552414261625-3 (target=B)
17:41:22 [B] rid=req-1120552414272916-4 range_search matched=24510 of 8759742 in 5ms
17:41:22 [B] accepted forwarded query req-1120552414272916-4 (target=B)
17:41:24 [B] rid=req-1120554103100875-1 range_search matched=158462 of 8759742 in 4ms
17:41:24 [B] accepted forwarded query req-1120554103100875-1 (target=B)
17:41:27 [B] rid=req-1120557041939166-1 range_search matched=158462 of 8759742 in 4ms
17:41:27 [B] accepted forwarded query req-1120557041939166-1 (target=B)
17:41:31 [B] rid=req-1120561071540708-3 range_search matched=158462 of 8759742 in 6ms
17:41:31 [B] accepted forwarded query req-1120561071540708-3 (target=B)
17:41:31 [B] rid=req-1120561071521125-1 range_search matched=158462 of 8759742 in 6ms
17:41:31 [B] accepted forwarded query req-1120561071521125-1 (target=B)
17:41:31 [B] rid=req-1120561071526375-2 range_search matched=158462 of 8759742 in 9ms
17:41:31 [B] accepted forwarded query req-1120561071526375-2 (target=B)
17:41:31 [B] rid=req-1120561071540708-4 range_search matched=158462 of 8759742 in 7ms
17:41:31 [B] accepted forwarded query req-1120561071540708-4 (target=B)
17:41:39 [B] rid=req-1120569769948916-1 range_search matched=158462 of 8759742 in 5ms
17:41:39 [B] accepted forwarded query req-1120569769948916-1 (target=B)
17:41:39 [B] rid=req-1120569769962458-3 range_search matched=158462 of 8759742 in 8ms
17:41:39 [B] accepted forwarded query req-1120569769962458-3 (target=B)
17:41:39 [B] rid=req-1120569769954916-2 range_search matched=158462 of 8759742 in 6ms
17:41:39 [B] accepted forwarded query req-1120569769954916-2 (target=B)
17:41:39 [B] rid=req-1120569769991000-4 range_search matched=158462 of 8759742 in 6ms
17:41:39 [B] accepted forwarded query req-1120569769991000-4 (target=B)
17:41:49 [B] rid=req-1120579831903833-1 range_search matched=6259491 of 8759742 in 21ms
17:41:49 [B] accepted forwarded query req-1120579831903833-1 (target=B)
17:42:47 [B] rid=req-1120637210511916-1 range_search matched=6259491 of 8759742 in 30ms
17:42:47 [B] accepted forwarded query req-1120637210511916-1 (target=B)
17:43:49 [B] rid=req-1120699837853791-2 range_search matched=6259491 of 8759742 in 70ms
17:43:49 [B] accepted forwarded query req-1120699837853791-2 (target=B)
17:43:49 [B] rid=req-1120699837855958-3 range_search matched=6259491 of 8759742 in 31ms
17:43:49 [B] accepted forwarded query req-1120699837855958-3 (target=B)
17:43:50 [B] rid=req-1120699837878083-4 range_search matched=6259491 of 8759742 in 26ms
17:43:50 [B] accepted forwarded query req-1120699837878083-4 (target=B)
17:43:50 [B] rid=req-1120699837824583-1 range_search matched=6259491 of 8759742 in 25ms
17:43:50 [B] accepted forwarded query req-1120699837824583-1 (target=B)
17:46:34 [B] rid=req-1120864614233583-2 range_search matched=6259491 of 8759742 in 74ms
17:46:34 [B] accepted forwarded query req-1120864614233583-2 (target=B)
17:46:34 [B] rid=req-1120864614227833-1 range_search matched=6259491 of 8759742 in 28ms
17:46:34 [B] accepted forwarded query req-1120864614227833-1 (target=B)
17:46:34 [B] rid=req-1120864614266625-4 range_search matched=6259491 of 8759742 in 27ms
17:46:34 [B] accepted forwarded query req-1120864614266625-4 (target=B)
17:46:34 [B] rid=req-1120864614253500-3 range_search matched=6259491 of 8759742 in 22ms
17:46:34 [B] accepted forwarded query req-1120864614253500-3 (target=B)
17:49:31 [B] rid=req-1121040923709166-1 range_search matched=8756613 of 8759742 in 43ms
17:49:31 [B] accepted forwarded query req-1121040923709166-1 (target=B)
17:51:31 [B] rid=req-1121161786132666-1 range_search matched=8756613 of 8759742 in 46ms
17:51:31 [B] accepted forwarded query req-1121161786132666-1 (target=B)
17:53:48 [B] rid=req-1121298276282416-1 range_search matched=8756613 of 8759742 in 38ms
17:53:48 [B] accepted forwarded query req-1121298276282416-1 (target=B)
17:53:48 [B] rid=req-1121298276302875-3 range_search matched=8756613 of 8759742 in 30ms
17:53:48 [B] accepted forwarded query req-1121298276302875-3 (target=B)
17:53:48 [B] rid=req-1121298276291708-2 range_search matched=8756613 of 8759742 in 28ms
17:53:48 [B] accepted forwarded query req-1121298276291708-2 (target=B)
17:53:48 [B] rid=req-1121298276313291-4 range_search matched=8756613 of 8759742 in 28ms
17:53:48 [B] accepted forwarded query req-1121298276313291-4 (target=B)
17:56:23 [B] rid=req-1121453320063291-1 range_search matched=8756613 of 8759742 in 112ms
17:56:23 [B] accepted forwarded query req-1121453320063291-1 (target=B)
17:56:23 [B] rid=req-1121453320072125-2 range_search matched=8756613 of 8759742 in 32ms
17:56:23 [B] accepted forwarded query req-1121453320072125-2 (target=B)
17:56:23 [B] rid=req-1121453320080583-3 range_search matched=8756613 of 8759742 in 27ms
17:56:23 [B] accepted forwarded query req-1121453320080583-3 (target=B)
17:56:23 [B] rid=req-1121453320095750-4 range_search matched=8756613 of 8759742 in 35ms
17:56:23 [B] accepted forwarded query req-1121453320095750-4 (target=B)
18:03:21 [B] shutdown requested
