[launcher] node=C impl=cpp overlay=/Users/spartan/mini_2/config/overlay.yaml data=/Users/spartan/mini_2/data/partitions_consistent_hash
17:40:58 [C] loaded 6763252 rows from /Users/spartan/mini_2/data/partitions_consistent_hash/C.csv
17:40:58 [C] vnode range table: 17 columns in 48ms
[C] worker_threads=16
17:40:58 [C] listening on 0.0.0.0:50053 role=peer team=yellow
17:41:24 [C] rid=req-1120554103100875-1 range_search matched=115510 of 6763252 in 10ms
17:41:24 [C] accepted forwarded query req-1120554103100875-1 (target=C)
17:41:27 [C] rid=req-1120557041939166-1 range_search matched=115510 of 6763252 in 5ms
17:41:27 [C] accepted forwarded query req-1120557041939166-1 (target=C)
17:41:31 [C] rid=req-1120561071540708-3 range_search matched=115510 of 6763252 in 6ms
17:41:31 [C] accepted forwarded query req-1120561071540708-3 (target=C)
17:41:31 [C] rid=req-1120561071521125-1 range_search matched=115510 of 6763252 in 6ms
17:41:31 [C] accepted forwarded query req-1120561071521125-1 (target=C)
17:41:31 [C] rid=req-1120561071526375-2 range_search matched=115510 of 6763252 in 5ms
17:41:31 [C] accepted forwarded query req-1120561071526375-2 (target=C)
17:41:31 [C] rid=req-1120561071540708-4 range_search matched=115510 of 6763252 in 5ms
17:41:31 [C] accepted forwarded query req-1120561071540708-4 (target=C)
17:41:39 [C] rid=req-1120569769948916-1 range_search matched=115510 of 6763252 in 7ms
17:41:39 [C] accepted forwarded query req-1120569769948916-1 (target=C)
17:41:39 [C] rid=req-1120569769962458-3 range_search matched=115510 of 6763252 in 6ms
17:41:39 [C] accepted forwarded query req-1120569769962458-3 (target=C)
17:41:39 [C] rid=req-1120569769954916-2 range_search matched=115510 of 6763252 in 4ms
17:41:39 [C] accepted forwarded query req-1120569769954916-2 (target=C)
17:41:39 [C] rid=req-1120569769991000-4 range_search matched=115510 of 6763252 in 5ms
17:41:39 [C] accepted forwarded query req-1120569769991000-4 (target=C)
17:41:49 [C] rid=req-1120579831903833-1 range_search matched=2603066 of 6763252 in 21ms
17:41:49 [C] accepted forwarded query req-1120579831903833-1 (target=C)
17:42:47 [C] rid=req-1120637210511916-1 range_search matched=2603066 of 6763252 in 18ms
17:42:47 [C] accepted forwarded query req-1120637210511916-1 (target=C)
17:43:50 [C] rid=req-1120699837853791-2 range_search matched=2603066 of 6763252 in 71ms
17:43:50 [C] accepted forwarded query req-1120699837853791-2 (target=C)
17:43:50 [C] rid=req-1120699837855958-3 range_search matched=2603066 of 6763252 in 18ms
17:43:50 [C] accepted forwarded query req-1120699837855958-3 (target=C)
17:43:50 [C] rid=req-1120699837878083-4 range_search matched=2603066 of 6763252 in 15ms
17:43:50 [C] accepted forwarded query req-1120699837878083-4 (target=C)
17:43:50 [C] rid=req-1120699837824583-1 range_search matched=2603066 of 6763252 in 16ms
17:43:50 [C] accepted forwarded query req-1120699837824583-1 (target=C)
17:46:34 [C] rid=req-1120864614233583-2 range_search matched=2603066 of 6763252 in 77ms
17:46:34 [C] accepted forwarded query req-1120864614233583-2 (target=C)
17:46:34 [C] rid=req-1120864614227833-1 range_search matched=2603066 of 6763252 in 17ms
17:46:34 [C] accepted forwarded query req-1120864614227833-1 (target=C)
17:46:34 [C] rid=req-1120864614266625-4 range_search matched=2603066 of 6763252 in 16ms
17:46:34 [C] accepted forwarded query req-1120864614266625-4 (target=C)
17:46:34 [C] rid=req-1120864614253500-3 range_search matched=2603066 of 6763252 in 20ms
17:46:34 [C] accepted forwarded query req-1120864614253500-3 (target=C)
17:49:31 [C] rid=req-1121040923709166-1 range_search matched=6760555 of 6763252 in 44ms
17:49:31 [C] accepted forwarded query req-1121040923709166-1 (target=C)
17:51:31 [C] rid=req-1121161786132666-1 range_search matched=6760555 of 6763252 in 40ms
17:51:31 [C] accepted forwarded query req-1121161786132666-1 (target=C)
17:53:48 [C] rid=req-1121298276282416-1 range_search matched=6760555 of 6763252 in 81ms
17:53:48 [C] accepted forwarded query req-1121298276282416-1 (target=C)
17:53:48 [C] rid=req-1121298276302875-3 range_search matched=6760555 of 6763252 in 19ms
17:53:48 [C] accepted forwarded query req-1121298276302875-3 (target=C)
17:53:48 [C] rid=req-1121298276291708-2 range_search matched=6760555 of 6763252 in 20ms
17:53:48 [C] accepted forwarded query req-1121298276291708-2 (target=C)
17:53:48 [C] rid=req-1121298276313291-4 range_search matched=6760555 of 6763252 in 20ms
17:53:48 [C] accepted forwarded query req-1121298276313291-4 (target=C)
17:56:23 [C] rid=req-1121453320063291-1 range_search matched=6760555 of 6763252 in 72ms
17:56:23 [C] accepted forwarded query req-1121453320063291-1 (target=C)
17:56:23 [C] rid=req-1121453320072125-2 range_search matched=6760555 of 6763252 in 19ms
17:56:23 [C] accepted forwarded query req-1121453320072125-2 (target=C)
17:56:23 [C] rid=req-1121453320080583-3 range_search matched=6760555 of 6763252 in 19ms
17:56:23 [C] accepted forwarded query req-1121453320080583-3 (target=C)
17:56:23 [C] rid=req-1121453320095750-4 range_search matched=6760555 of 6763252 in 18ms
17:56:23 [C] accepted forwarded query req-1121453320095750-4 (target=C)
18:03:21 [C] shutdown requested
