[launcher] node=D impl=python overlay=/Users/spartan/mini_2/config/overlay.yaml data=/Users/spartan/mini_2/data/partitions_consistent_hash
2026-05-11 17:41:14,133 INFO mini2.node: [D] loaded 9337246 partition rows from /Users/spartan/mini_2/data/partitions_consistent_hash/D.csv
2026-05-11 17:41:17,788 INFO mini2.node: [D] vnode range table: 17 cols in 3653 ms
2026-05-11 17:41:17,812 INFO mini2.node: [D] Python node listening on 0.0.0.0:50054 (advertised 192.168.50.2:50054), role=peer team=blue
2026-05-11 17:41:27,412 INFO mini2.node: [D] rid=req-1120557041939166-1 range_search matched=302920 of 9337246 in 348.32 ms
2026-05-11 17:41:27,413 INFO mini2.node: [D] accepted forwarded query req-1120557041939166-1 (target=D)
2026-05-11 17:41:31,481 INFO mini2.node: [D] rid=req-1120561071540708-3 range_search matched=302920 of 9337246 in 371.53 ms
2026-05-11 17:41:31,481 INFO mini2.node: [D] accepted forwarded query req-1120561071540708-3 (target=D)
2026-05-11 17:41:31,768 INFO mini2.node: [D] rid=req-1120561071521125-1 range_search matched=302920 of 9337246 in 286.89 ms
2026-05-11 17:41:31,768 INFO mini2.node: [D] accepted forwarded query req-1120561071521125-1 (target=D)
2026-05-11 17:41:32,095 INFO mini2.node: [D] rid=req-1120561071540708-4 range_search matched=302920 of 9337246 in 327.24 ms
2026-05-11 17:41:32,095 INFO mini2.node: [D] accepted forwarded query req-1120561071540708-4 (target=D)
2026-05-11 17:41:32,406 INFO mini2.node: [D] rid=req-1120561071526375-2 range_search matched=302920 of 9337246 in 311.15 ms
2026-05-11 17:41:32,407 INFO mini2.node: [D] accepted forwarded query req-1120561071526375-2 (target=D)
2026-05-11 17:41:40,168 INFO mini2.node: [D] rid=req-1120569769948916-1 range_search matched=302920 of 9337246 in 359.53 ms
2026-05-11 17:41:40,169 INFO mini2.node: [D] accepted forwarded query req-1120569769948916-1 (target=D)
2026-05-11 17:41:40,489 INFO mini2.node: [D] rid=req-1120569769962458-3 range_search matched=302920 of 9337246 in 319.55 ms
2026-05-11 17:41:40,489 INFO mini2.node: [D] accepted forwarded query req-1120569769962458-3 (target=D)
2026-05-11 17:41:40,827 INFO mini2.node: [D] rid=req-1120569769954916-2 range_search matched=302920 of 9337246 in 338.61 ms
2026-05-11 17:41:40,827 INFO mini2.node: [D] accepted forwarded query req-1120569769954916-2 (target=D)
2026-05-11 17:41:41,130 INFO mini2.node: [D] rid=req-1120569769991000-4 range_search matched=302920 of 9337246 in 302.77 ms
2026-05-11 17:41:41,130 INFO mini2.node: [D] accepted forwarded query req-1120569769991000-4 (target=D)
2026-05-11 17:41:50,407 INFO mini2.node: [D] rid=req-1120579831903833-1 range_search matched=4806211 of 9337246 in 513.28 ms
2026-05-11 17:41:50,407 INFO mini2.node: [D] accepted forwarded query req-1120579831903833-1 (target=D)
2026-05-11 17:42:47,810 INFO mini2.node: [D] rid=req-1120637210511916-1 range_search matched=4806211 of 9337246 in 523.21 ms
2026-05-11 17:42:47,811 INFO mini2.node: [D] accepted forwarded query req-1120637210511916-1 (target=D)
2026-05-11 17:43:50,600 INFO mini2.node: [D] rid=req-1120699837853791-2 range_search matched=4806211 of 9337246 in 552.32 ms
2026-05-11 17:43:50,600 INFO mini2.node: [D] accepted forwarded query req-1120699837853791-2 (target=D)
2026-05-11 17:43:51,184 INFO mini2.node: [D] rid=req-1120699837855958-3 range_search matched=4806211 of 9337246 in 583.77 ms
2026-05-11 17:43:51,184 INFO mini2.node: [D] accepted forwarded query req-1120699837855958-3 (target=D)
2026-05-11 17:43:51,762 INFO mini2.node: [D] rid=req-1120699837824583-1 range_search matched=4806211 of 9337246 in 577.78 ms
2026-05-11 17:43:51,762 INFO mini2.node: [D] accepted forwarded query req-1120699837824583-1 (target=D)
2026-05-11 17:43:52,379 INFO mini2.node: [D] rid=req-1120699837878083-4 range_search matched=4806211 of 9337246 in 616.59 ms
2026-05-11 17:43:52,379 INFO mini2.node: [D] accepted forwarded query req-1120699837878083-4 (target=D)
2026-05-11 17:46:35,482 INFO mini2.node: [D] rid=req-1120864614233583-2 range_search matched=4806211 of 9337246 in 613.86 ms
2026-05-11 17:46:35,482 INFO mini2.node: [D] accepted forwarded query req-1120864614233583-2 (target=D)
2026-05-11 17:46:36,039 INFO mini2.node: [D] rid=req-1120864614227833-1 range_search matched=4806211 of 9337246 in 556.57 ms
2026-05-11 17:46:36,039 INFO mini2.node: [D] accepted forwarded query req-1120864614227833-1 (target=D)
2026-05-11 17:46:36,603 INFO mini2.node: [D] rid=req-1120864614266625-4 range_search matched=4806211 of 9337246 in 563.77 ms
2026-05-11 17:46:36,603 INFO mini2.node: [D] accepted forwarded query req-1120864614266625-4 (target=D)
2026-05-11 17:46:37,140 INFO mini2.node: [D] rid=req-1120864614253500-3 range_search matched=4806211 of 9337246 in 536.61 ms
2026-05-11 17:46:37,140 INFO mini2.node: [D] accepted forwarded query req-1120864614253500-3 (target=D)
2026-05-11 17:49:31,683 INFO mini2.node: [D] rid=req-1121040923709166-1 range_search matched=9334308 of 9337246 in 607.70 ms
2026-05-11 17:49:31,684 INFO mini2.node: [D] accepted forwarded query req-1121040923709166-1 (target=D)
2026-05-11 17:51:32,902 INFO mini2.node: [D] rid=req-1121161786132666-1 range_search matched=9334308 of 9337246 in 919.91 ms
2026-05-11 17:51:32,903 INFO mini2.node: [D] accepted forwarded query req-1121161786132666-1 (target=D)
2026-05-11 17:53:49,172 INFO mini2.node: [D] rid=req-1121298276282416-1 range_search matched=9334308 of 9337246 in 673.57 ms
2026-05-11 17:53:49,172 INFO mini2.node: [D] accepted forwarded query req-1121298276282416-1 (target=D)
2026-05-11 17:53:49,755 INFO mini2.node: [D] rid=req-1121298276302875-3 range_search matched=9334308 of 9337246 in 582.51 ms
2026-05-11 17:53:49,755 INFO mini2.node: [D] accepted forwarded query req-1121298276302875-3 (target=D)
2026-05-11 17:53:50,320 INFO mini2.node: [D] rid=req-1121298276291708-2 range_search matched=9334308 of 9337246 in 564.68 ms
2026-05-11 17:53:50,320 INFO mini2.node: [D] accepted forwarded query req-1121298276291708-2 (target=D)
2026-05-11 17:53:50,886 INFO mini2.node: [D] rid=req-1121298276313291-4 range_search matched=9334308 of 9337246 in 566.21 ms
2026-05-11 17:53:50,886 INFO mini2.node: [D] accepted forwarded query req-1121298276313291-4 (target=D)
2026-05-11 17:56:24,196 INFO mini2.node: [D] rid=req-1121453320063291-1 range_search matched=9334308 of 9337246 in 550.72 ms
2026-05-11 17:56:24,197 INFO mini2.node: [D] accepted forwarded query req-1121453320063291-1 (target=D)
2026-05-11 17:56:24,726 INFO mini2.node: [D] rid=req-1121453320095750-4 range_search matched=9334308 of 9337246 in 528.26 ms
2026-05-11 17:56:24,726 INFO mini2.node: [D] accepted forwarded query req-1121453320095750-4 (target=D)
2026-05-11 17:56:25,235 INFO mini2.node: [D] rid=req-1121453320080583-3 range_search matched=9334308 of 9337246 in 509.35 ms
2026-05-11 17:56:25,236 INFO mini2.node: [D] accepted forwarded query req-1121453320080583-3 (target=D)
2026-05-11 17:56:25,728 INFO mini2.node: [D] rid=req-1121453320072125-2 range_search matched=9334308 of 9337246 in 491.79 ms
2026-05-11 17:56:25,728 INFO mini2.node: [D] accepted forwarded query req-1121453320072125-2 (target=D)
2026-05-11 18:03:21,813 INFO mini2.node: [D] shutting down
