[launcher] node=E impl=cpp overlay=/Users/spartan/mini_2/config/overlay.yaml data=/Users/spartan/mini_2/data/partitions_consistent_hash
17:40:59 [E] loaded 8937454 rows from /Users/spartan/mini_2/data/partitions_consistent_hash/E.csv
17:40:59 [E] vnode range table: 17 columns in 45ms
[E] worker_threads=16
17:40:59 [E] listening on 0.0.0.0:50055 role=peer team=yellow
17:41:00 [E] rid=req-1120530844006250-1 range_search matched=12396 of 8937454 in 5ms
17:41:00 [E] accepted forwarded query req-1120530844006250-1 (target=E)
17:41:12 [E] rid=req-1120542005196666-1 range_search matched=12396 of 8937454 in 7ms
17:41:12 [E] accepted forwarded query req-1120542005196666-1 (target=E)
17:41:19 [E] rid=req-1120549479964541-1 range_search matched=12396 of 8937454 in 15ms
17:41:19 [E] accepted forwarded query req-1120549479964541-1 (target=E)
17:41:20 [E] rid=req-1120550062970916-1 range_search matched=12396 of 8937454 in 4ms
17:41:20 [E] accepted forwarded query req-1120550062970916-1 (target=E)
17:41:20 [E] rid=req-1120550632890541-3 range_search matched=12396 of 8937454 in 5ms
17:41:20 [E] accepted forwarded query req-1120550632890541-3 (target=E)
17:41:20 [E] rid=req-1120550632872875-1 range_search matched=12396 of 8937454 in 5ms
17:41:20 [E] accepted forwarded query req-1120550632872875-1 (target=E)
17:41:20 [E] rid=req-1120550632885291-2 range_search matched=12396 of 8937454 in 4ms
17:41:20 [E] accepted forwarded query req-1120550632885291-2 (target=E)
17:41:20 [E] rid=req-1120550632904625-4 range_search matched=12396 of 8937454 in 4ms
17:41:20 [E] accepted forwarded query req-1120550632904625-4 (target=E)
17:41:22 [E] rid=req-1120552414251708-1 range_search matched=12396 of 8937454 in 7ms
17:41:22 [E] accepted forwarded query req-1120552414251708-1 (target=E)
17:41:22 [E] rid=req-1120552414255125-2 range_search matched=12396 of 8937454 in 4ms
17:41:22 [E] accepted forwarded query req-1120552414255125-2 (target=E)
17:41:22 [E] rid=req-1120552414261625-3 range_search matched=12396 of 8937454 in 4ms
17:41:22 [E] accepted forwarded query req-1120552414261625-3 (target=E)
17:41:22 [E] rid=req-1120552414272916-4 range_search matched=12396 of 8937454 in 5ms
17:41:22 [E] accepted forwarded query req-1120552414272916-4 (target=E)
17:41:24 [E] rid=req-1120554103100875-1 range_search matched=262177 of 8937454 in 4ms
17:41:24 [E] accepted forwarded query req-1120554103100875-1 (target=E)
17:41:27 [E] rid=req-1120557041939166-1 range_search matched=262177 of 8937454 in 6ms
17:41:27 [E] accepted forwarded query req-1120557041939166-1 (target=E)
17:41:31 [E] rid=req-1120561071540708-3 range_search matched=262177 of 8937454 in 7ms
17:41:31 [E] accepted forwarded query req-1120561071540708-3 (target=E)
17:41:31 [E] rid=req-1120561071521125-1 range_search matched=262177 of 8937454 in 6ms
17:41:31 [E] accepted forwarded query req-1120561071521125-1 (target=E)
17:41:32 [E] rid=req-1120561071540708-4 range_search matched=262177 of 8937454 in 6ms
17:41:32 [E] accepted forwarded query req-1120561071540708-4 (target=E)
17:41:32 [E] rid=req-1120561071526375-2 range_search matched=262177 of 8937454 in 7ms
17:41:32 [E] accepted forwarded query req-1120561071526375-2 (target=E)
17:41:40 [E] rid=req-1120569769948916-1 range_search matched=262177 of 8937454 in 7ms
17:41:40 [E] accepted forwarded query req-1120569769948916-1 (target=E)
17:41:40 [E] rid=req-1120569769962458-3 range_search matched=262177 of 8937454 in 7ms
17:41:40 [E] accepted forwarded query req-1120569769962458-3 (target=E)
17:41:40 [E] rid=req-1120569769954916-2 range_search matched=262177 of 8937454 in 7ms
17:41:40 [E] accepted forwarded query req-1120569769954916-2 (target=E)
17:41:41 [E] rid=req-1120569769991000-4 range_search matched=262177 of 8937454 in 7ms
17:41:41 [E] accepted forwarded query req-1120569769991000-4 (target=E)
17:41:50 [E] rid=req-1120579831903833-1 range_search matched=3833145 of 8937454 in 27ms
17:41:50 [E] accepted forwarded query req-1120579831903833-1 (target=E)
17:42:47 [E] rid=req-1120637210511916-1 range_search matched=3833145 of 8937454 in 26ms
17:42:47 [E] accepted forwarded query req-1120637210511916-1 (target=E)
