[launcher] node=C impl=cpp overlay=/Users/spartan/mini_2/config/topo/star.yaml data=/Users/spartan/mini_2/data/partitions
20:32:56 [C] loaded 3333334 rows from /Users/spartan/mini_2/data/partitions/C.csv
20:32:56 [C] listening on 0.0.0.0:50053 role=peer team=yellow
20:32:57 [C] rid=req-180446501489291-1 range_search matched=0 of 3333334 in 4ms
20:32:57 [C] accepted forwarded query req-180446501489291-1 (target=C)
20:32:57 [C] rid=req-180446667828166-1 range_search matched=0 of 3333334 in 2ms
20:32:57 [C] accepted forwarded query req-180446667828166-1 (target=C)
20:33:01 [C] rid=req-180450682880166-1 range_search matched=8170 of 3333334 in 9ms
20:33:01 [C] accepted forwarded query req-180450682880166-1 (target=C)
20:33:01 [C] rid=req-180450683093833-1 range_search matched=8170 of 3333334 in 1ms
20:33:01 [C] accepted forwarded query req-180450683093833-1 (target=C)
20:33:01 [C] rid=req-180450925863708-1 range_search matched=8170 of 3333334 in 1ms
20:33:01 [C] accepted forwarded query req-180450925863708-1 (target=C)
20:33:01 [C] rid=req-180450925994250-1 range_search matched=8170 of 3333334 in 1ms
20:33:01 [C] accepted forwarded query req-180450925994250-1 (target=C)
20:33:02 [C] rid=req-180451053032125-1 range_search matched=8170 of 3333334 in 1ms
20:33:02 [C] accepted forwarded query req-180451053032125-1 (target=C)
20:33:02 [C] rid=req-180451053115375-1 range_search matched=8170 of 3333334 in 1ms
20:33:02 [C] accepted forwarded query req-180451053115375-1 (target=C)
20:33:02 [C] rid=req-180451183285958-2 range_search matched=8170 of 3333334 in 1ms
20:33:02 [C] accepted forwarded query req-180451183285958-2 (target=C)
20:33:02 [C] rid=req-180451183280875-1 range_search matched=8170 of 3333334 in 1ms
20:33:02 [C] accepted forwarded query req-180451183280875-1 (target=C)
20:33:02 [C] rid=req-180451183609458-2 range_search matched=8170 of 3333334 in 1ms
20:33:02 [C] accepted forwarded query req-180451183609458-2 (target=C)
20:33:02 [C] rid=req-180451183606500-1 range_search matched=8170 of 3333334 in 1ms
20:33:02 [C] accepted forwarded query req-180451183606500-1 (target=C)
20:33:02 [C] rid=req-180451319555625-1 range_search matched=8170 of 3333334 in 1ms
20:33:02 [C] accepted forwarded query req-180451319555625-1 (target=C)
20:33:02 [C] rid=req-180451319562041-2 range_search matched=8170 of 3333334 in 2ms
20:33:02 [C] accepted forwarded query req-180451319562041-2 (target=C)
20:33:02 [C] rid=req-180451319717208-2 range_search matched=8170 of 3333334 in 2ms
20:33:02 [C] accepted forwarded query req-180451319717208-2 (target=C)
20:33:02 [C] rid=req-180451319712458-1 range_search matched=8170 of 3333334 in 2ms
20:33:02 [C] accepted forwarded query req-180451319712458-1 (target=C)
20:33:02 [C] rid=req-180451454819875-1 range_search matched=8170 of 3333334 in 1ms
20:33:02 [C] accepted forwarded query req-180451454819875-1 (target=C)
20:33:02 [C] rid=req-180451454820125-2 range_search matched=8170 of 3333334 in 1ms
20:33:02 [C] accepted forwarded query req-180451454820125-2 (target=C)
20:33:02 [C] rid=req-180451454976166-2 range_search matched=8170 of 3333334 in 1ms
20:33:02 [C] accepted forwarded query req-180451454976166-2 (target=C)
20:33:02 [C] rid=req-180451454970958-1 range_search matched=8170 of 3333334 in 2ms
20:33:02 [C] accepted forwarded query req-180451454970958-1 (target=C)
20:33:02 [C] rid=req-180451602547708-1 range_search matched=8170 of 3333334 in 1ms
20:33:02 [C] accepted forwarded query req-180451602547708-1 (target=C)
20:33:02 [C] rid=req-180451602565875-3 range_search matched=8170 of 3333334 in 1ms
20:33:02 [C] accepted forwarded query req-180451602565875-3 (target=C)
20:33:02 [C] rid=req-180451602566208-4 range_search matched=8170 of 3333334 in 3ms
20:33:02 [C] accepted forwarded query req-180451602566208-4 (target=C)
20:33:02 [C] rid=req-180451602560583-2 range_search matched=8170 of 3333334 in 2ms
20:33:02 [C] accepted forwarded query req-180451602560583-2 (target=C)
20:33:02 [C] rid=req-180451602615416-2 range_search matched=8170 of 3333334 in 2ms
20:33:02 [C] accepted forwarded query req-180451602615416-2 (target=C)
20:33:02 [C] rid=req-180451602619458-3 range_search matched=8170 of 3333334 in 2ms
20:33:02 [C] accepted forwarded query req-180451602619458-3 (target=C)
20:33:02 [C] rid=req-180451602611125-1 range_search matched=8170 of 3333334 in 2ms
20:33:02 [C] accepted forwarded query req-180451602611125-1 (target=C)
20:33:02 [C] rid=req-180451602628125-4 range_search matched=8170 of 3333334 in 1ms
20:33:02 [C] accepted forwarded query req-180451602628125-4 (target=C)
20:33:03 [C] rid=req-180452060613041-2 range_search matched=8170 of 3333334 in 1ms
20:33:03 [C] accepted forwarded query req-180452060613041-2 (target=C)
20:33:03 [C] rid=req-180452060657916-3 range_search matched=8170 of 3333334 in 1ms
20:33:03 [C] accepted forwarded query req-180452060657916-3 (target=C)
20:33:03 [C] rid=req-180452060601333-1 range_search matched=8170 of 3333334 in 1ms
20:33:03 [C] accepted forwarded query req-180452060601333-1 (target=C)
20:33:03 [C] rid=req-180452060757333-1 range_search matched=8170 of 3333334 in 2ms
20:33:03 [C] accepted forwarded query req-180452060757333-1 (target=C)
20:33:03 [C] rid=req-180452060661041-4 range_search matched=8170 of 3333334 in 2ms
20:33:03 [C] accepted forwarded query req-180452060661041-4 (target=C)
20:33:03 [C] rid=req-180452060811666-4 range_search matched=8170 of 3333334 in 1ms
20:33:03 [C] accepted forwarded query req-180452060811666-4 (target=C)
20:33:03 [C] rid=req-180452060803000-3 range_search matched=8170 of 3333334 in 2ms
20:33:03 [C] accepted forwarded query req-180452060803000-3 (target=C)
20:33:03 [C] rid=req-180452060786000-2 range_search matched=8170 of 3333334 in 1ms
20:33:03 [C] accepted forwarded query req-180452060786000-2 (target=C)
20:33:03 [C] rid=req-180452465192875-1 range_search matched=8170 of 3333334 in 1ms
20:33:03 [C] accepted forwarded query req-180452465192875-1 (target=C)
20:33:03 [C] rid=req-180452465284833-1 range_search matched=8170 of 3333334 in 2ms
20:33:03 [C] accepted forwarded query req-180452465284833-1 (target=C)
20:33:03 [C] rid=req-180452465201250-3 range_search matched=8170 of 3333334 in 1ms
20:33:03 [C] accepted forwarded query req-180452465201250-3 (target=C)
20:33:03 [C] rid=req-180452465202250-4 range_search matched=8170 of 3333334 in 1ms
20:33:03 [C] accepted forwarded query req-180452465202250-4 (target=C)
20:33:03 [C] rid=req-180452465196458-2 range_search matched=8170 of 3333334 in 2ms
20:33:03 [C] accepted forwarded query req-180452465196458-2 (target=C)
20:33:03 [C] rid=req-180452465289958-2 range_search matched=8170 of 3333334 in 1ms
20:33:03 [C] accepted forwarded query req-180452465289958-2 (target=C)
20:33:03 [C] rid=req-180452465297000-3 range_search matched=8170 of 3333334 in 1ms
20:33:03 [C] accepted forwarded query req-180452465297000-3 (target=C)
20:33:03 [C] rid=req-180452465303291-4 range_search matched=8170 of 3333334 in 2ms
20:33:03 [C] accepted forwarded query req-180452465303291-4 (target=C)
20:33:03 [C] rid=req-180452885263666-1 range_search matched=90957 of 3333334 in 2ms
20:33:03 [C] accepted forwarded query req-180452885263666-1 (target=C)
20:33:03 [C] rid=req-180452887420375-1 range_search matched=90957 of 3333334 in 3ms
20:33:03 [C] accepted forwarded query req-180452887420375-1 (target=C)
20:33:04 [C] rid=req-180453630866916-1 range_search matched=90957 of 3333334 in 1ms
20:33:04 [C] accepted forwarded query req-180453630866916-1 (target=C)
20:33:04 [C] rid=req-180453647246041-1 range_search matched=90957 of 3333334 in 2ms
20:33:04 [C] accepted forwarded query req-180453647246041-1 (target=C)
20:33:05 [C] rid=req-180454464765791-1 range_search matched=90957 of 3333334 in 2ms
20:33:05 [C] accepted forwarded query req-180454464765791-1 (target=C)
20:33:05 [C] rid=req-180454470192083-1 range_search matched=90957 of 3333334 in 2ms
20:33:05 [C] accepted forwarded query req-180454470192083-1 (target=C)
20:33:06 [C] rid=req-180455247303208-1 range_search matched=90957 of 3333334 in 1ms
20:33:06 [C] accepted forwarded query req-180455247303208-1 (target=C)
20:33:06 [C] rid=req-180455247312333-2 range_search matched=90957 of 3333334 in 1ms
20:33:06 [C] accepted forwarded query req-180455247312333-2 (target=C)
20:33:06 [C] rid=req-180455247302333-1 range_search matched=90957 of 3333334 in 2ms
20:33:06 [C] accepted forwarded query req-180455247302333-1 (target=C)
20:33:06 [C] rid=req-180455247303208-2 range_search matched=90957 of 3333334 in 2ms
20:33:06 [C] accepted forwarded query req-180455247303208-2 (target=C)
20:33:07 [C] rid=req-180456644905666-1 range_search matched=90957 of 3333334 in 1ms
20:33:07 [C] accepted forwarded query req-180456644905666-1 (target=C)
20:33:07 [C] rid=req-180456644939875-2 range_search matched=90957 of 3333334 in 2ms
20:33:07 [C] accepted forwarded query req-180456644939875-2 (target=C)
20:33:07 [C] rid=req-180456675679916-2 range_search matched=90957 of 3333334 in 2ms
20:33:07 [C] accepted forwarded query req-180456675679916-2 (target=C)
20:33:07 [C] rid=req-180456675669291-1 range_search matched=90957 of 3333334 in 1ms
20:33:07 [C] accepted forwarded query req-180456675669291-1 (target=C)
20:33:09 [C] rid=req-180458061643458-2 range_search matched=90957 of 3333334 in 2ms
20:33:09 [C] accepted forwarded query req-180458061643458-2 (target=C)
20:33:09 [C] rid=req-180458061641041-1 range_search matched=90957 of 3333334 in 2ms
20:33:09 [C] accepted forwarded query req-180458061641041-1 (target=C)
20:33:09 [C] rid=req-180458061820500-2 range_search matched=90957 of 3333334 in 2ms
20:33:09 [C] accepted forwarded query req-180458061820500-2 (target=C)
20:33:09 [C] rid=req-180458061824333-1 range_search matched=90957 of 3333334 in 2ms
20:33:09 [C] accepted forwarded query req-180458061824333-1 (target=C)
20:33:10 [C] rid=req-180459453182541-1 range_search matched=90957 of 3333334 in 2ms
20:33:10 [C] accepted forwarded query req-180459453182541-1 (target=C)
20:33:10 [C] rid=req-180459453190375-2 range_search matched=90957 of 3333334 in 1ms
20:33:10 [C] accepted forwarded query req-180459453190375-2 (target=C)
20:33:10 [C] rid=req-180459453184083-1 range_search matched=90957 of 3333334 in 2ms
20:33:10 [C] accepted forwarded query req-180459453184083-1 (target=C)
20:33:10 [C] rid=req-180459453203625-3 range_search matched=90957 of 3333334 in 2ms
20:33:10 [C] accepted forwarded query req-180459453203625-3 (target=C)
20:33:10 [C] rid=req-180459453211250-4 range_search matched=90957 of 3333334 in 2ms
20:33:10 [C] accepted forwarded query req-180459453211250-4 (target=C)
20:33:10 [C] rid=req-180459453195833-2 range_search matched=90957 of 3333334 in 2ms
20:33:10 [C] accepted forwarded query req-180459453195833-2 (target=C)
20:33:10 [C] rid=req-180459453201125-4 range_search matched=90957 of 3333334 in 2ms
20:33:10 [C] accepted forwarded query req-180459453201125-4 (target=C)
20:33:10 [C] rid=req-180459453194916-3 range_search matched=90957 of 3333334 in 2ms
20:33:10 [C] accepted forwarded query req-180459453194916-3 (target=C)
20:33:13 [C] rid=req-180462080011708-3 range_search matched=90957 of 3333334 in 1ms
20:33:13 [C] accepted forwarded query req-180462080011708-3 (target=C)
20:33:13 [C] rid=req-180462079992541-1 range_search matched=90957 of 3333334 in 1ms
20:33:13 [C] accepted forwarded query req-180462079992541-1 (target=C)
20:33:13 [C] rid=req-180462079998958-2 range_search matched=90957 of 3333334 in 3ms
20:33:13 [C] accepted forwarded query req-180462079998958-2 (target=C)
20:33:13 [C] rid=req-180462080027333-4 range_search matched=90957 of 3333334 in 2ms
20:33:13 [C] accepted forwarded query req-180462080027333-4 (target=C)
20:33:13 [C] rid=req-180462080122041-1 range_search matched=90957 of 3333334 in 2ms
20:33:13 [C] accepted forwarded query req-180462080122041-1 (target=C)
20:33:13 [C] rid=req-180462080143875-3 range_search matched=90957 of 3333334 in 1ms
20:33:13 [C] accepted forwarded query req-180462080143875-3 (target=C)
20:33:13 [C] rid=req-180462080133833-2 range_search matched=90957 of 3333334 in 2ms
20:33:13 [C] accepted forwarded query req-180462080133833-2 (target=C)
20:33:13 [C] rid=req-180462080148416-4 range_search matched=90957 of 3333334 in 3ms
20:33:13 [C] accepted forwarded query req-180462080148416-4 (target=C)
20:33:15 [C] rid=req-180464696052791-1 range_search matched=90957 of 3333334 in 2ms
20:33:15 [C] accepted forwarded query req-180464696052791-1 (target=C)
20:33:15 [C] rid=req-180464696078208-4 range_search matched=90957 of 3333334 in 2ms
20:33:15 [C] accepted forwarded query req-180464696078208-4 (target=C)
20:33:15 [C] rid=req-180464696073791-4 range_search matched=90957 of 3333334 in 2ms
20:33:15 [C] accepted forwarded query req-180464696073791-4 (target=C)
20:33:15 [C] rid=req-180464696067750-3 range_search matched=90957 of 3333334 in 2ms
20:33:15 [C] accepted forwarded query req-180464696067750-3 (target=C)
20:33:15 [C] rid=req-180464696062125-2 range_search matched=90957 of 3333334 in 2ms
20:33:15 [C] accepted forwarded query req-180464696062125-2 (target=C)
20:33:15 [C] rid=req-180464696068083-2 range_search matched=90957 of 3333334 in 2ms
20:33:15 [C] accepted forwarded query req-180464696068083-2 (target=C)
20:33:15 [C] rid=req-180464696074250-3 range_search matched=90957 of 3333334 in 2ms
20:33:15 [C] accepted forwarded query req-180464696074250-3 (target=C)
20:33:15 [C] rid=req-180464696063916-1 range_search matched=90957 of 3333334 in 2ms
20:33:15 [C] accepted forwarded query req-180464696063916-1 (target=C)
20:33:18 [C] rid=req-180467264595125-1 range_search matched=1660920 of 3333334 in 6ms
20:33:18 [C] accepted forwarded query req-180467264595125-1 (target=C)
20:33:18 [C] rid=req-180467284112625-1 range_search matched=1660920 of 3333334 in 8ms
20:33:18 [C] accepted forwarded query req-180467284112625-1 (target=C)
20:33:29 [C] rid=req-180478826759666-1 range_search matched=1660920 of 3333334 in 6ms
20:33:29 [C] accepted forwarded query req-180478826759666-1 (target=C)
20:33:29 [C] rid=req-180478854384125-1 range_search matched=1660920 of 3333334 in 6ms
20:33:29 [C] accepted forwarded query req-180478854384125-1 (target=C)
20:33:41 [C] rid=req-180490225200041-1 range_search matched=1660920 of 3333334 in 6ms
20:33:41 [C] accepted forwarded query req-180490225200041-1 (target=C)
20:33:41 [C] rid=req-180490237980541-1 range_search matched=1660920 of 3333334 in 7ms
20:33:41 [C] accepted forwarded query req-180490237980541-1 (target=C)
20:33:52 [C] rid=req-180501566261958-1 range_search matched=1660920 of 3333334 in 6ms
20:33:52 [C] accepted forwarded query req-180501566261958-1 (target=C)
20:33:52 [C] rid=req-180501566268333-2 range_search matched=1660920 of 3333334 in 6ms
20:33:52 [C] accepted forwarded query req-180501566268333-2 (target=C)
20:33:52 [C] rid=req-180501566381333-1 range_search matched=1660920 of 3333334 in 8ms
20:33:52 [C] accepted forwarded query req-180501566381333-1 (target=C)
20:33:52 [C] rid=req-180501566381708-2 range_search matched=1660920 of 3333334 in 7ms
20:33:52 [C] accepted forwarded query req-180501566381708-2 (target=C)
20:34:14 [C] rid=req-180523784544000-1 range_search matched=1660920 of 3333334 in 12ms
20:34:14 [C] accepted forwarded query req-180523784544000-1 (target=C)
20:34:14 [C] rid=req-180523784549625-2 range_search matched=1660920 of 3333334 in 9ms
20:34:14 [C] accepted forwarded query req-180523784549625-2 (target=C)
20:34:14 [C] rid=req-180523795705625-1 range_search matched=1660920 of 3333334 in 10ms
20:34:14 [C] accepted forwarded query req-180523795705625-1 (target=C)
20:34:14 [C] rid=req-180523795712333-2 range_search matched=1660920 of 3333334 in 13ms
20:34:14 [C] accepted forwarded query req-180523795712333-2 (target=C)
20:34:35 [C] rid=req-180544162748750-2 range_search matched=1660920 of 3333334 in 14ms
20:34:35 [C] accepted forwarded query req-180544162748750-2 (target=C)
20:34:35 [C] rid=req-180544162732500-1 range_search matched=1660920 of 3333334 in 10ms
20:34:35 [C] accepted forwarded query req-180544162732500-1 (target=C)
20:34:46 [C] rid=req-180555938613666-1 range_search matched=1660920 of 3333334 in 12ms
20:34:46 [C] accepted forwarded query req-180555938613666-1 (target=C)
20:34:46 [C] rid=req-180555938638666-2 range_search matched=1660920 of 3333334 in 12ms
20:34:46 [C] accepted forwarded query req-180555938638666-2 (target=C)
20:34:46 [C] rid=req-180555938638125-3 range_search matched=1660920 of 3333334 in 9ms
20:34:46 [C] accepted forwarded query req-180555938638125-3 (target=C)
20:34:46 [C] rid=req-180555938642541-4 range_search matched=1660920 of 3333334 in 8ms
20:34:46 [C] accepted forwarded query req-180555938642541-4 (target=C)
20:35:09 [C] rid=req-180578446832250-3 range_search matched=1660920 of 3333334 in 19ms
20:35:09 [C] accepted forwarded query req-180578446832250-3 (target=C)
20:35:09 [C] rid=req-180578446827875-2 range_search matched=1660920 of 3333334 in 9ms
20:35:09 [C] accepted forwarded query req-180578446827875-2 (target=C)
20:35:09 [C] rid=req-180578446840333-4 range_search matched=1660920 of 3333334 in 11ms
20:35:09 [C] accepted forwarded query req-180578446840333-4 (target=C)
20:35:09 [C] rid=req-180578446824333-1 range_search matched=1660920 of 3333334 in 7ms
20:35:09 [C] accepted forwarded query req-180578446824333-1 (target=C)
20:35:32 [C] rid=req-180601081690875-1 range_search matched=1660920 of 3333334 in 9ms
20:35:32 [C] accepted forwarded query req-180601081690875-1 (target=C)
20:35:32 [C] rid=req-180601081716291-4 range_search matched=1660920 of 3333334 in 8ms
20:35:32 [C] accepted forwarded query req-180601081716291-4 (target=C)
20:35:32 [C] rid=req-180601081698625-3 range_search matched=1660920 of 3333334 in 16ms
20:35:32 [C] accepted forwarded query req-180601081698625-3 (target=C)
20:35:32 [C] rid=req-180601081694583-2 range_search matched=1660920 of 3333334 in 10ms
20:35:32 [C] accepted forwarded query req-180601081694583-2 (target=C)
20:35:53 [C] rid=req-180622967007000-1 range_search matched=3332049 of 3333334 in 16ms
20:35:53 [C] accepted forwarded query req-180622967007000-1 (target=C)
20:36:06 [C] rid=req-180635344586458-1 range_search matched=3332049 of 3333334 in 7ms
20:36:06 [C] accepted forwarded query req-180635344586458-1 (target=C)
20:36:18 [C] rid=req-180647513513708-1 range_search matched=3332049 of 3333334 in 6ms
20:36:18 [C] accepted forwarded query req-180647513513708-1 (target=C)
20:36:30 [C] rid=req-180659598919416-2 range_search matched=3332049 of 3333334 in 6ms
20:36:30 [C] accepted forwarded query req-180659598919416-2 (target=C)
20:36:30 [C] rid=req-180659598906750-1 range_search matched=3332049 of 3333334 in 8ms
20:36:30 [C] accepted forwarded query req-180659598906750-1 (target=C)
20:36:53 [C] rid=req-180682167675791-1 range_search matched=3332049 of 3333334 in 24ms
20:36:53 [C] accepted forwarded query req-180682167675791-1 (target=C)
20:36:53 [C] rid=req-180682167682666-2 range_search matched=3332049 of 3333334 in 20ms
20:36:53 [C] accepted forwarded query req-180682167682666-2 (target=C)
20:37:15 [C] rid=req-180704547592166-2 range_search matched=3332049 of 3333334 in 25ms
20:37:15 [C] accepted forwarded query req-180704547592166-2 (target=C)
20:37:15 [C] rid=req-180704547591833-1 range_search matched=3332049 of 3333334 in 14ms
20:37:15 [C] accepted forwarded query req-180704547591833-1 (target=C)
20:37:38 [C] rid=req-180727020435583-2 range_search matched=3332049 of 3333334 in 30ms
20:37:38 [C] accepted forwarded query req-180727020435583-2 (target=C)
20:37:38 [C] rid=req-180727020456500-4 range_search matched=3332049 of 3333334 in 20ms
20:37:38 [C] accepted forwarded query req-180727020456500-4 (target=C)
20:37:38 [C] rid=req-180727020448250-3 range_search matched=3332049 of 3333334 in 7ms
20:37:38 [C] accepted forwarded query req-180727020448250-3 (target=C)
20:37:38 [C] rid=req-180727020428708-1 range_search matched=3332049 of 3333334 in 9ms
20:37:38 [C] accepted forwarded query req-180727020428708-1 (target=C)
20:38:21 [C] rid=req-180770854346291-1 range_search matched=3332049 of 3333334 in 26ms
20:38:21 [C] accepted forwarded query req-180770854346291-1 (target=C)
20:38:21 [C] rid=req-180770854345875-2 range_search matched=3332049 of 3333334 in 14ms
20:38:21 [C] accepted forwarded query req-180770854345875-2 (target=C)
20:38:21 [C] rid=req-180770854364125-4 range_search matched=3332049 of 3333334 in 16ms
20:38:21 [C] accepted forwarded query req-180770854364125-4 (target=C)
20:38:21 [C] rid=req-180770854354416-3 range_search matched=3332049 of 3333334 in 17ms
20:38:21 [C] accepted forwarded query req-180770854354416-3 (target=C)
20:39:06 [C] rid=req-180815582392750-2 range_search matched=3332049 of 3333334 in 27ms
20:39:06 [C] accepted forwarded query req-180815582392750-2 (target=C)
20:39:06 [C] rid=req-180815582403750-3 range_search matched=3332049 of 3333334 in 14ms
20:39:06 [C] accepted forwarded query req-180815582403750-3 (target=C)
20:39:06 [C] rid=req-180815582386166-1 range_search matched=3332049 of 3333334 in 13ms
20:39:06 [C] accepted forwarded query req-180815582386166-1 (target=C)
20:39:06 [C] rid=req-180815582415125-4 range_search matched=3332049 of 3333334 in 14ms
20:39:06 [C] accepted forwarded query req-180815582415125-4 (target=C)
