[launcher] node=A impl=cpp overlay=/Users/spartan/mini_2/config/overlay.yaml data=/Users/spartan/mini_2/data/partitions_consistent_hash
20:54:21 [A] loaded 7299081 rows from /Users/spartan/mini_2/data/partitions_consistent_hash/A.csv
20:54:21 [A] vnode range table: 17 columns in 101ms
20:54:21 [A] smart routing enabled: scheme=consistent_hash
[A] worker_threads=16
20:54:21 [A] listening on 0.0.0.0:50051 role=gateway team=blue
20:54:23 [A] SubmitQuery rid=req-959333373631166-1 preds=1
20:54:23 [A] rid=req-959333373631166-1 range_search matched=114931 of 7299081 in 5ms
20:54:23 [A] smart-route rid=req-959333373631166-1 hit 6/9 owners; skipped: C F I 
20:54:33 [A] forward→H via H failed after retries: failed to connect to all addresses; last error: UNKNOWN: ipv4:192.168.50.1:50058: Failed to connect to remote host: Connection refused
20:54:33 [A] PullChunk→D failed: failed to connect to all addresses; last error: UNKNOWN: ipv4:192.168.50.2:50054: Failed to connect to remote host: Connection refused
20:54:33 [A] rid=req-959333373631166-1 done; total=164065 vnodes_hit=4/6
20:54:33 [A] SubmitQuery rid=req-959343333664208-1 preds=1
20:54:33 [A] rid=req-959343333664208-1 range_search matched=114931 of 7299081 in 6ms
20:54:33 [A] smart-route rid=req-959343333664208-1 hit 6/9 owners; skipped: C F I 
20:54:41 [A] PullChunk→D failed: failed to connect to all addresses; last error: UNKNOWN: ipv4:192.168.50.2:50054: Failed to connect to remote host: Connection refused
20:54:41 [A] rid=req-959343333664208-1 done; total=176243 vnodes_hit=5/6
20:54:41 [A] SubmitQuery rid=req-959351582014625-1 preds=1
20:54:41 [A] rid=req-959351582014625-1 range_search matched=114931 of 7299081 in 5ms
20:54:41 [A] smart-route rid=req-959351582014625-1 hit 6/9 owners; skipped: C F I 
20:54:42 [A] PullChunk→D failed: failed to connect to all addresses; last error: UNKNOWN: ipv4:192.168.50.2:50054: Failed to connect to remote host: Connection refused
20:54:42 [A] rid=req-959351582014625-1 done; total=176243 vnodes_hit=5/6
20:54:42 [A] SubmitQuery rid=req-959352284548041-3 preds=1
20:54:42 [A] SubmitQuery rid=req-959352284560958-4 preds=1
20:54:42 [A] SubmitQuery rid=req-959352284542416-2 preds=1
20:54:42 [A] SubmitQuery rid=req-959352284534000-1 preds=1
20:54:42 [A] rid=req-959352284548041-3 range_search matched=114931 of 7299081 in 6ms
20:54:42 [A] smart-route rid=req-959352284548041-3 hit 6/9 owners; skipped: C F I 
20:54:42 [A] rid=req-959352284560958-4 range_search matched=114931 of 7299081 in 6ms
20:54:42 [A] smart-route rid=req-959352284560958-4 hit 6/9 owners; skipped: C F I 
20:54:42 [A] rid=req-959352284542416-2 range_search matched=114931 of 7299081 in 7ms
20:54:42 [A] smart-route rid=req-959352284542416-2 hit 6/9 owners; skipped: C F I 
20:54:42 [A] rid=req-959352284534000-1 range_search matched=114931 of 7299081 in 10ms
20:54:42 [A] smart-route rid=req-959352284534000-1 hit 6/9 owners; skipped: C F I 
20:54:42 [A] PullChunk→D failed: failed to connect to all addresses; last error: UNKNOWN: ipv4:192.168.50.2:50054: Failed to connect to remote host: Connection refused
20:54:43 [A] PullChunk→D failed: failed to connect to all addresses; last error: UNKNOWN: ipv4:192.168.50.2:50054: Failed to connect to remote host: Connection refused
20:54:43 [A] PullChunk→D failed: failed to connect to all addresses; last error: UNKNOWN: ipv4:192.168.50.2:50054: Failed to connect to remote host: Connection refused
20:54:43 [A] PullChunk→D failed: failed to connect to all addresses; last error: UNKNOWN: ipv4:192.168.50.2:50054: Failed to connect to remote host: Connection refused
20:54:44 [A] rid=req-959352284534000-1 done; total=176243 vnodes_hit=5/6
20:54:44 [A] rid=req-959352284560958-4 done; total=176243 vnodes_hit=5/6
20:54:44 [A] rid=req-959352284548041-3 done; total=176243 vnodes_hit=5/6
20:54:44 [A] rid=req-959352284542416-2 done; total=176243 vnodes_hit=5/6
20:54:44 [A] SubmitQuery rid=req-959354278216125-1 preds=1
20:54:44 [A] SubmitQuery rid=req-959354278238500-3 preds=1
20:54:44 [A] SubmitQuery rid=req-959354278230291-2 preds=1
20:54:44 [A] SubmitQuery rid=req-959354278253416-4 preds=1
20:54:44 [A] rid=req-959354278216125-1 range_search matched=114931 of 7299081 in 6ms
20:54:44 [A] smart-route rid=req-959354278216125-1 hit 6/9 owners; skipped: C F I 
20:54:44 [A] rid=req-959354278238500-3 range_search matched=114931 of 7299081 in 6ms
20:54:44 [A] smart-route rid=req-959354278238500-3 hit 6/9 owners; skipped: C F I 
20:54:44 [A] rid=req-959354278230291-2 range_search matched=114931 of 7299081 in 7ms
20:54:44 [A] smart-route rid=req-959354278230291-2 hit 6/9 owners; skipped: C F I 
20:54:44 [A] rid=req-959354278253416-4 range_search matched=114931 of 7299081 in 7ms
20:54:44 [A] smart-route rid=req-959354278253416-4 hit 6/9 owners; skipped: C F I 
20:54:44 [A] PullChunk→D failed: failed to connect to all addresses; last error: UNKNOWN: ipv4:192.168.50.2:50054: Failed to connect to remote host: Connection refused
20:54:45 [A] PullChunk→D failed: failed to connect to all addresses; last error: UNKNOWN: ipv4:192.168.50.2:50054: Failed to connect to remote host: Connection refused
20:54:45 [A] PullChunk→D failed: failed to connect to all addresses; last error: UNKNOWN: ipv4:192.168.50.2:50054: Failed to connect to remote host: Connection refused
20:54:45 [A] PullChunk→D failed: failed to connect to all addresses; last error: UNKNOWN: ipv4:192.168.50.2:50054: Failed to connect to remote host: Connection refused
20:54:46 [A] rid=req-959354278238500-3 done; total=176243 vnodes_hit=5/6
20:54:46 [A] rid=req-959354278230291-2 done; total=176243 vnodes_hit=5/6
20:54:46 [A] rid=req-959354278253416-4 done; total=176243 vnodes_hit=5/6
20:54:46 [A] rid=req-959354278216125-1 done; total=176243 vnodes_hit=5/6
20:54:46 [A] SubmitQuery rid=req-959356292071000-1 preds=1
20:54:46 [A] rid=req-959356292071000-1 range_search matched=162999 of 7299081 in 6ms
20:54:47 [A] PullChunk→D failed: failed to connect to all addresses; last error: UNKNOWN: ipv4:192.168.50.2:50054: Failed to connect to remote host: Connection refused
20:54:48 [A] rid=req-959356292071000-1 done; total=1639811 vnodes_hit=8/9
20:54:48 [A] SubmitQuery rid=req-959358567349583-1 preds=1
20:54:48 [A] rid=req-959358567349583-1 range_search matched=162999 of 7299081 in 6ms
20:54:49 [A] PullChunk→D failed: failed to connect to all addresses; last error: UNKNOWN: ipv4:192.168.50.2:50054: Failed to connect to remote host: Connection refused
20:54:50 [A] rid=req-959358567349583-1 done; total=1639811 vnodes_hit=8/9
20:54:51 [A] SubmitQuery rid=req-959360887173666-2 preds=1
20:54:51 [A] SubmitQuery rid=req-959360887168041-1 preds=1
20:54:51 [A] SubmitQuery rid=req-959360887192125-4 preds=1
20:54:51 [A] SubmitQuery rid=req-959360887184666-3 preds=1
20:54:51 [A] rid=req-959360887173666-2 range_search matched=162999 of 7299081 in 6ms
20:54:51 [A] rid=req-959360887168041-1 range_search matched=162999 of 7299081 in 7ms
20:54:51 [A] rid=req-959360887192125-4 range_search matched=162999 of 7299081 in 7ms
20:54:51 [A] rid=req-959360887184666-3 range_search matched=162999 of 7299081 in 10ms
20:54:51 [A] PullChunk→D failed: failed to connect to all addresses; last error: UNKNOWN: ipv4:192.168.50.2:50054: Failed to connect to remote host: Connection refused
20:54:52 [A] PullChunk→D failed: failed to connect to all addresses; last error: UNKNOWN: ipv4:192.168.50.2:50054: Failed to connect to remote host: Connection refused
20:54:52 [A] PullChunk→D failed: failed to connect to all addresses; last error: UNKNOWN: ipv4:192.168.50.2:50054: Failed to connect to remote host: Connection refused
20:54:52 [A] PullChunk→D failed: failed to connect to all addresses; last error: UNKNOWN: ipv4:192.168.50.2:50054: Failed to connect to remote host: Connection refused
20:54:56 [A] rid=req-959360887184666-3 done; total=1639811 vnodes_hit=8/9
20:54:57 [A] rid=req-959360887168041-1 done; total=1639811 vnodes_hit=8/9
20:54:57 [A] rid=req-959360887192125-4 done; total=1639811 vnodes_hit=8/9
20:54:57 [A] rid=req-959360887173666-2 done; total=1639811 vnodes_hit=8/9
20:54:57 [A] SubmitQuery rid=req-959367349517291-3 preds=1
20:54:57 [A] SubmitQuery rid=req-959367349492166-1 preds=1
20:54:57 [A] SubmitQuery rid=req-959367349499125-2 preds=1
20:54:57 [A] SubmitQuery rid=req-959367349519333-4 preds=1
20:54:57 [A] rid=req-959367349517291-3 range_search matched=162999 of 7299081 in 5ms
20:54:57 [A] rid=req-959367349492166-1 range_search matched=162999 of 7299081 in 7ms
20:54:57 [A] rid=req-959367349499125-2 range_search matched=162999 of 7299081 in 10ms
20:54:57 [A] rid=req-959367349519333-4 range_search matched=162999 of 7299081 in 14ms
20:54:58 [A] PullChunk→D failed: failed to connect to all addresses; last error: UNKNOWN: ipv4:192.168.50.2:50054: Failed to connect to remote host: Connection refused
20:54:58 [A] PullChunk→D failed: failed to connect to all addresses; last error: UNKNOWN: ipv4:192.168.50.2:50054: Failed to connect to remote host: Connection refused
20:54:59 [A] PullChunk→D failed: failed to connect to all addresses; last error: UNKNOWN: ipv4:192.168.50.2:50054: Failed to connect to remote host: Connection refused
20:54:59 [A] PullChunk→D failed: failed to connect to all addresses; last error: UNKNOWN: ipv4:192.168.50.2:50054: Failed to connect to remote host: Connection refused
20:55:03 [A] rid=req-959367349499125-2 done; total=1639811 vnodes_hit=8/9
20:55:03 [A] rid=req-959367349517291-3 done; total=1639811 vnodes_hit=8/9
20:55:04 [A] rid=req-959367349492166-1 done; total=1639811 vnodes_hit=8/9
20:55:04 [A] rid=req-959367349519333-4 done; total=1639811 vnodes_hit=8/9
20:55:04 [A] SubmitQuery rid=req-959374053662458-1 preds=1
20:55:04 [A] rid=req-959374053662458-1 range_search matched=3056213 of 7299081 in 15ms
20:55:36 [A] rid=req-959374053662458-1 done; total=34764991 vnodes_hit=9/9
20:55:36 [A] SubmitQuery rid=req-959406127637291-1 preds=1
20:55:36 [A] rid=req-959406127637291-1 range_search matched=3056213 of 7299081 in 15ms
20:56:07 [A] rid=req-959406127637291-1 done; total=34764991 vnodes_hit=9/9
20:56:07 [A] SubmitQuery rid=req-959437253412291-1 preds=1
20:56:07 [A] SubmitQuery rid=req-959437253421708-2 preds=1
20:56:07 [A] SubmitQuery rid=req-959437253434375-4 preds=1
20:56:07 [A] SubmitQuery rid=req-959437253433500-3 preds=1
20:56:07 [A] rid=req-959437253412291-1 range_search matched=3056213 of 7299081 in 11ms
20:56:07 [A] rid=req-959437253421708-2 range_search matched=3056213 of 7299081 in 20ms
20:56:07 [A] rid=req-959437253434375-4 range_search matched=3056213 of 7299081 in 25ms
20:56:07 [A] rid=req-959437253433500-3 range_search matched=3056213 of 7299081 in 21ms
20:56:50 [A] PullChunk→C failed: Server Threadpool Exhausted
20:56:50 [A] PullChunk→D failed: Server Threadpool Exhausted
20:56:50 [A] PullChunk→E failed: Server Threadpool Exhausted
20:56:50 [A] PullChunk→F failed: Server Threadpool Exhausted
20:57:27 [A] rid=req-959437253434375-4 done; total=29878432 vnodes_hit=9/9
20:57:49 [A] rid=req-959437253421708-2 done; total=34764991 vnodes_hit=9/9
20:57:49 [A] rid=req-959437253433500-3 done; total=34764991 vnodes_hit=9/9
20:57:51 [A] rid=req-959437253412291-1 done; total=34764991 vnodes_hit=9/9
20:57:52 [A] SubmitQuery rid=req-959541988606666-2 preds=1
20:57:52 [A] SubmitQuery rid=req-959541988600958-1 preds=1
20:57:52 [A] SubmitQuery rid=req-959541988613416-3 preds=1
20:57:52 [A] SubmitQuery rid=req-959541988632000-4 preds=1
20:57:52 [A] rid=req-959541988606666-2 range_search matched=3056213 of 7299081 in 18ms
20:57:52 [A] rid=req-959541988600958-1 range_search matched=3056213 of 7299081 in 23ms
20:57:52 [A] rid=req-959541988613416-3 range_search matched=3056213 of 7299081 in 23ms
20:57:52 [A] rid=req-959541988632000-4 range_search matched=3056213 of 7299081 in 21ms
20:59:45 [A] rid=req-959541988606666-2 done; total=34764991 vnodes_hit=9/9
20:59:46 [A] rid=req-959541988613416-3 done; total=34764991 vnodes_hit=9/9
20:59:46 [A] rid=req-959541988600958-1 done; total=34764991 vnodes_hit=9/9
20:59:47 [A] rid=req-959541988632000-4 done; total=34764991 vnodes_hit=9/9
20:59:47 [A] SubmitQuery rid=req-959657609006708-1 preds=1
20:59:47 [A] rid=req-959657609006708-1 range_search matched=7296147 of 7299081 in 33ms
21:01:00 [A] rid=req-959657609006708-1 done; total=69973589 vnodes_hit=9/9
21:01:01 [A] SubmitQuery rid=req-959730920855000-1 preds=1
21:01:01 [A] rid=req-959730920855000-1 range_search matched=7296147 of 7299081 in 32ms
21:02:12 [A] rid=req-959730920855000-1 done; total=69973589 vnodes_hit=9/9
21:02:12 [A] SubmitQuery rid=req-959802795834625-1 preds=1
21:02:12 [A] SubmitQuery rid=req-959802795845416-3 preds=1
21:02:12 [A] SubmitQuery rid=req-959802795854208-4 preds=1
21:02:12 [A] SubmitQuery rid=req-959802795835875-2 preds=1
21:02:12 [A] rid=req-959802795834625-1 range_search matched=7296147 of 7299081 in 29ms
21:02:13 [A] rid=req-959802795845416-3 range_search matched=7296147 of 7299081 in 25ms
21:02:13 [A] rid=req-959802795854208-4 range_search matched=7296147 of 7299081 in 26ms
21:02:13 [A] rid=req-959802795835875-2 range_search matched=7296147 of 7299081 in 22ms
