[launcher] node=B impl=cpp overlay=/Users/spartan/mini_2/config/overlay.yaml data=/Users/spartan/mini_2/data/partitions_consistent_hash
20:54:22 [B] loaded 8759742 rows from /Users/spartan/mini_2/data/partitions_consistent_hash/B.csv
20:54:22 [B] vnode range table: 17 columns in 67ms
[B] worker_threads=16
20:54:22 [B] listening on 0.0.0.0:50052 role=peer team=blue
20:54:23 [B] rid=req-959333373631166-1 range_search matched=24510 of 8759742 in 3ms
20:54:23 [B] accepted forwarded query req-959333373631166-1 (target=B)
20:54:33 [B] rid=req-959343333664208-1 range_search matched=24510 of 8759742 in 5ms
20:54:33 [B] accepted forwarded query req-959343333664208-1 (target=B)
20:54:41 [B] rid=req-959351582014625-1 range_search matched=24510 of 8759742 in 5ms
20:54:41 [B] accepted forwarded query req-959351582014625-1 (target=B)
20:54:42 [B] rid=req-959352284548041-3 range_search matched=24510 of 8759742 in 6ms
20:54:42 [B] accepted forwarded query req-959352284548041-3 (target=B)
20:54:42 [B] rid=req-959352284560958-4 range_search matched=24510 of 8759742 in 7ms
20:54:42 [B] accepted forwarded query req-959352284560958-4 (target=B)
20:54:42 [B] rid=req-959352284542416-2 range_search matched=24510 of 8759742 in 7ms
20:54:42 [B] accepted forwarded query req-959352284542416-2 (target=B)
20:54:42 [B] rid=req-959352284534000-1 range_search matched=24510 of 8759742 in 7ms
20:54:42 [B] accepted forwarded query req-959352284534000-1 (target=B)
20:54:44 [B] rid=req-959354278216125-1 range_search matched=24510 of 8759742 in 6ms
20:54:44 [B] accepted forwarded query req-959354278216125-1 (target=B)
20:54:44 [B] rid=req-959354278238500-3 range_search matched=24510 of 8759742 in 7ms
20:54:44 [B] accepted forwarded query req-959354278238500-3 (target=B)
20:54:44 [B] rid=req-959354278230291-2 range_search matched=24510 of 8759742 in 7ms
20:54:44 [B] accepted forwarded query req-959354278230291-2 (target=B)
20:54:44 [B] rid=req-959354278253416-4 range_search matched=24510 of 8759742 in 7ms
20:54:44 [B] accepted forwarded query req-959354278253416-4 (target=B)
20:54:46 [B] rid=req-959356292071000-1 range_search matched=158462 of 8759742 in 6ms
20:54:46 [B] accepted forwarded query req-959356292071000-1 (target=B)
20:54:48 [B] rid=req-959358567349583-1 range_search matched=158462 of 8759742 in 6ms
20:54:48 [B] accepted forwarded query req-959358567349583-1 (target=B)
20:54:51 [B] rid=req-959360887173666-2 range_search matched=158462 of 8759742 in 7ms
20:54:51 [B] accepted forwarded query req-959360887173666-2 (target=B)
20:54:51 [B] rid=req-959360887168041-1 range_search matched=158462 of 8759742 in 9ms
20:54:51 [B] accepted forwarded query req-959360887168041-1 (target=B)
20:54:51 [B] rid=req-959360887192125-4 range_search matched=158462 of 8759742 in 9ms
20:54:51 [B] accepted forwarded query req-959360887192125-4 (target=B)
20:54:51 [B] rid=req-959360887184666-3 range_search matched=158462 of 8759742 in 12ms
20:54:51 [B] accepted forwarded query req-959360887184666-3 (target=B)
20:54:57 [B] rid=req-959367349517291-3 range_search matched=158462 of 8759742 in 8ms
20:54:57 [B] accepted forwarded query req-959367349517291-3 (target=B)
20:54:57 [B] rid=req-959367349492166-1 range_search matched=158462 of 8759742 in 10ms
20:54:57 [B] accepted forwarded query req-959367349492166-1 (target=B)
20:54:57 [B] rid=req-959367349499125-2 range_search matched=158462 of 8759742 in 11ms
20:54:57 [B] accepted forwarded query req-959367349499125-2 (target=B)
20:54:57 [B] rid=req-959367349519333-4 range_search matched=158462 of 8759742 in 12ms
20:54:57 [B] accepted forwarded query req-959367349519333-4 (target=B)
20:55:04 [B] rid=req-959374053662458-1 range_search matched=6259491 of 8759742 in 20ms
20:55:04 [B] accepted forwarded query req-959374053662458-1 (target=B)
20:55:36 [B] rid=req-959406127637291-1 range_search matched=6259491 of 8759742 in 29ms
20:55:36 [B] accepted forwarded query req-959406127637291-1 (target=B)
20:56:07 [B] rid=req-959437253412291-1 range_search matched=6259491 of 8759742 in 21ms
20:56:07 [B] accepted forwarded query req-959437253412291-1 (target=B)
20:56:07 [B] rid=req-959437253421708-2 range_search matched=6259491 of 8759742 in 21ms
20:56:07 [B] accepted forwarded query req-959437253421708-2 (target=B)
20:56:07 [B] rid=req-959437253434375-4 range_search matched=6259491 of 8759742 in 43ms
20:56:07 [B] accepted forwarded query req-959437253434375-4 (target=B)
20:56:07 [B] rid=req-959437253433500-3 range_search matched=6259491 of 8759742 in 25ms
20:56:07 [B] accepted forwarded query req-959437253433500-3 (target=B)
20:57:52 [B] rid=req-959541988606666-2 range_search matched=6259491 of 8759742 in 66ms
20:57:52 [B] accepted forwarded query req-959541988606666-2 (target=B)
20:57:52 [B] rid=req-959541988600958-1 range_search matched=6259491 of 8759742 in 28ms
20:57:52 [B] accepted forwarded query req-959541988600958-1 (target=B)
20:57:52 [B] rid=req-959541988613416-3 range_search matched=6259491 of 8759742 in 36ms
20:57:52 [B] accepted forwarded query req-959541988613416-3 (target=B)
20:57:52 [B] rid=req-959541988632000-4 range_search matched=6259491 of 8759742 in 27ms
20:57:52 [B] accepted forwarded query req-959541988632000-4 (target=B)
20:59:47 [B] rid=req-959657609006708-1 range_search matched=8756613 of 8759742 in 77ms
20:59:47 [B] accepted forwarded query req-959657609006708-1 (target=B)
21:01:01 [B] rid=req-959730920855000-1 range_search matched=8756613 of 8759742 in 58ms
21:01:01 [B] accepted forwarded query req-959730920855000-1 (target=B)
21:02:13 [B] rid=req-959802795834625-1 range_search matched=8756613 of 8759742 in 91ms
21:02:13 [B] accepted forwarded query req-959802795834625-1 (target=B)
21:02:13 [B] rid=req-959802795845416-3 range_search matched=8756613 of 8759742 in 26ms
21:02:13 [B] accepted forwarded query req-959802795845416-3 (target=B)
21:02:13 [B] rid=req-959802795854208-4 range_search matched=8756613 of 8759742 in 27ms
21:02:13 [B] accepted forwarded query req-959802795854208-4 (target=B)
21:02:13 [B] rid=req-959802795835875-2 range_search matched=8756613 of 8759742 in 26ms
21:02:13 [B] accepted forwarded query req-959802795835875-2 (target=B)
21:05:09 [B] shutdown requested
