[launcher] node=D impl=python overlay=/Users/spartan/mini_2/config/overlay.yaml data=/Users/spartan/mini_2/data/partitions_consistent_hash
2026-05-09 20:54:50,959 INFO mini2.node: [D] loaded 9337246 partition rows from /Users/spartan/mini_2/data/partitions_consistent_hash/D.csv
2026-05-09 20:54:58,035 INFO mini2.node: [D] Python node listening on 0.0.0.0:50054 (advertised 192.168.50.2:50054), role=peer team=blue
2026-05-09 20:54:58,035 INFO mini2.node: [D] vnode range table: 17 cols in 7076 ms
2026-05-09 20:55:04,786 INFO mini2.node: [D] rid=req-959374053662458-1 range_search matched=4806211 of 9337246 in 523.69 ms
2026-05-09 20:55:04,787 INFO mini2.node: [D] accepted forwarded query req-959374053662458-1 (target=D)
2026-05-09 20:55:36,814 INFO mini2.node: [D] rid=req-959406127637291-1 range_search matched=4806211 of 9337246 in 469.49 ms
2026-05-09 20:55:36,815 INFO mini2.node: [D] accepted forwarded query req-959406127637291-1 (target=D)
2026-05-09 20:56:08,020 INFO mini2.node: [D] rid=req-959437253412291-1 range_search matched=4806211 of 9337246 in 520.53 ms
2026-05-09 20:56:08,021 INFO mini2.node: [D] accepted forwarded query req-959437253412291-1 (target=D)
2026-05-09 20:56:08,651 INFO mini2.node: [D] rid=req-959437253421708-2 range_search matched=4806211 of 9337246 in 629.65 ms
2026-05-09 20:56:08,651 INFO mini2.node: [D] accepted forwarded query req-959437253421708-2 (target=D)
2026-05-09 20:56:09,330 INFO mini2.node: [D] rid=req-959437253434375-4 range_search matched=4806211 of 9337246 in 678.84 ms
2026-05-09 20:56:09,330 INFO mini2.node: [D] accepted forwarded query req-959437253434375-4 (target=D)
2026-05-09 20:56:09,980 INFO mini2.node: [D] rid=req-959437253433500-3 range_search matched=4806211 of 9337246 in 649.63 ms
2026-05-09 20:56:09,980 INFO mini2.node: [D] accepted forwarded query req-959437253433500-3 (target=D)
2026-05-09 20:57:52,931 INFO mini2.node: [D] rid=req-959541988606666-2 range_search matched=4806211 of 9337246 in 623.84 ms
2026-05-09 20:57:52,931 INFO mini2.node: [D] accepted forwarded query req-959541988606666-2 (target=D)
2026-05-09 20:57:53,576 INFO mini2.node: [D] rid=req-959541988600958-1 range_search matched=4806211 of 9337246 in 644.86 ms
2026-05-09 20:57:53,576 INFO mini2.node: [D] accepted forwarded query req-959541988600958-1 (target=D)
2026-05-09 20:57:54,217 INFO mini2.node: [D] rid=req-959541988632000-4 range_search matched=4806211 of 9337246 in 640.70 ms
2026-05-09 20:57:54,217 INFO mini2.node: [D] accepted forwarded query req-959541988632000-4 (target=D)
2026-05-09 20:57:54,830 INFO mini2.node: [D] rid=req-959541988613416-3 range_search matched=4806211 of 9337246 in 612.12 ms
2026-05-09 20:57:54,830 INFO mini2.node: [D] accepted forwarded query req-959541988613416-3 (target=D)
2026-05-09 20:59:48,645 INFO mini2.node: [D] rid=req-959657609006708-1 range_search matched=9334308 of 9337246 in 695.04 ms
2026-05-09 20:59:48,646 INFO mini2.node: [D] accepted forwarded query req-959657609006708-1 (target=D)
2026-05-09 21:01:01,843 INFO mini2.node: [D] rid=req-959730920855000-1 range_search matched=9334308 of 9337246 in 631.43 ms
2026-05-09 21:01:01,844 INFO mini2.node: [D] accepted forwarded query req-959730920855000-1 (target=D)
2026-05-09 21:02:13,825 INFO mini2.node: [D] rid=req-959802795834625-1 range_search matched=9334308 of 9337246 in 637.74 ms
2026-05-09 21:02:13,826 INFO mini2.node: [D] accepted forwarded query req-959802795834625-1 (target=D)
2026-05-09 21:02:14,399 INFO mini2.node: [D] rid=req-959802795845416-3 range_search matched=9334308 of 9337246 in 572.36 ms
2026-05-09 21:02:14,399 INFO mini2.node: [D] accepted forwarded query req-959802795845416-3 (target=D)
2026-05-09 21:02:14,980 INFO mini2.node: [D] rid=req-959802795854208-4 range_search matched=9334308 of 9337246 in 581.70 ms
2026-05-09 21:02:14,981 INFO mini2.node: [D] accepted forwarded query req-959802795854208-4 (target=D)
2026-05-09 21:02:15,560 INFO mini2.node: [D] rid=req-959802795835875-2 range_search matched=9334308 of 9337246 in 577.35 ms
2026-05-09 21:02:15,560 INFO mini2.node: [D] accepted forwarded query req-959802795835875-2 (target=D)
2026-05-09 21:05:09,144 INFO mini2.node: [D] shutting down
