[launcher] node=E impl=cpp overlay=/Users/spartan/mini_2/config/overlay.yaml data=/Users/spartan/mini_2/data/partitions_consistent_hash
20:54:21 [E] loaded 8937454 rows from /Users/spartan/mini_2/data/partitions_consistent_hash/E.csv
20:54:21 [E] vnode range table: 17 columns in 97ms
[E] worker_threads=16
20:54:21 [E] listening on 0.0.0.0:50055 role=peer team=yellow
20:54:23 [E] rid=req-959333373631166-1 range_search matched=12396 of 8937454 in 6ms
20:54:23 [E] accepted forwarded query req-959333373631166-1 (target=E)
20:54:33 [E] rid=req-959343333664208-1 range_search matched=12396 of 8937454 in 5ms
20:54:33 [E] accepted forwarded query req-959343333664208-1 (target=E)
20:54:41 [E] rid=req-959351582014625-1 range_search matched=12396 of 8937454 in 5ms
20:54:41 [E] accepted forwarded query req-959351582014625-1 (target=E)
20:54:42 [E] rid=req-959352284548041-3 range_search matched=12396 of 8937454 in 9ms
20:54:42 [E] accepted forwarded query req-959352284548041-3 (target=E)
20:54:42 [E] rid=req-959352284560958-4 range_search matched=12396 of 8937454 in 6ms
20:54:42 [E] accepted forwarded query req-959352284560958-4 (target=E)
20:54:42 [E] rid=req-959352284542416-2 range_search matched=12396 of 8937454 in 6ms
20:54:42 [E] accepted forwarded query req-959352284542416-2 (target=E)
20:54:42 [E] rid=req-959352284534000-1 range_search matched=12396 of 8937454 in 6ms
20:54:42 [E] accepted forwarded query req-959352284534000-1 (target=E)
20:54:44 [E] rid=req-959354278216125-1 range_search matched=12396 of 8937454 in 7ms
20:54:44 [E] accepted forwarded query req-959354278216125-1 (target=E)
20:54:44 [E] rid=req-959354278238500-3 range_search matched=12396 of 8937454 in 6ms
20:54:44 [E] accepted forwarded query req-959354278238500-3 (target=E)
20:54:44 [E] rid=req-959354278230291-2 range_search matched=12396 of 8937454 in 6ms
20:54:44 [E] accepted forwarded query req-959354278230291-2 (target=E)
20:54:44 [E] rid=req-959354278253416-4 range_search matched=12396 of 8937454 in 6ms
20:54:44 [E] accepted forwarded query req-959354278253416-4 (target=E)
20:54:46 [E] rid=req-959356292071000-1 range_search matched=262177 of 8937454 in 8ms
20:54:46 [E] accepted forwarded query req-959356292071000-1 (target=E)
20:54:48 [E] rid=req-959358567349583-1 range_search matched=262177 of 8937454 in 7ms
20:54:48 [E] accepted forwarded query req-959358567349583-1 (target=E)
20:54:51 [E] rid=req-959360887173666-2 range_search matched=262177 of 8937454 in 11ms
20:54:51 [E] accepted forwarded query req-959360887173666-2 (target=E)
20:54:51 [E] rid=req-959360887168041-1 range_search matched=262177 of 8937454 in 8ms
20:54:51 [E] accepted forwarded query req-959360887168041-1 (target=E)
20:54:51 [E] rid=req-959360887192125-4 range_search matched=262177 of 8937454 in 8ms
20:54:51 [E] accepted forwarded query req-959360887192125-4 (target=E)
20:54:51 [E] rid=req-959360887184666-3 range_search matched=262177 of 8937454 in 8ms
20:54:51 [E] accepted forwarded query req-959360887184666-3 (target=E)
20:54:57 [E] rid=req-959367349517291-3 range_search matched=262177 of 8937454 in 14ms
20:54:57 [E] accepted forwarded query req-959367349517291-3 (target=E)
20:54:57 [E] rid=req-959367349492166-1 range_search matched=262177 of 8937454 in 8ms
20:54:57 [E] accepted forwarded query req-959367349492166-1 (target=E)
20:54:57 [E] rid=req-959367349499125-2 range_search matched=262177 of 8937454 in 10ms
20:54:57 [E] accepted forwarded query req-959367349499125-2 (target=E)
20:54:57 [E] rid=req-959367349519333-4 range_search matched=262177 of 8937454 in 8ms
20:54:57 [E] accepted forwarded query req-959367349519333-4 (target=E)
20:55:04 [E] rid=req-959374053662458-1 range_search matched=3833145 of 8937454 in 25ms
20:55:04 [E] accepted forwarded query req-959374053662458-1 (target=E)
20:55:36 [E] rid=req-959406127637291-1 range_search matched=3833145 of 8937454 in 25ms
20:55:36 [E] accepted forwarded query req-959406127637291-1 (target=E)
20:56:08 [E] rid=req-959437253412291-1 range_search matched=3833145 of 8937454 in 25ms
20:56:08 [E] accepted forwarded query req-959437253412291-1 (target=E)
20:56:08 [E] rid=req-959437253421708-2 range_search matched=3833145 of 8937454 in 26ms
20:56:08 [E] accepted forwarded query req-959437253421708-2 (target=E)
20:56:09 [E] rid=req-959437253434375-4 range_search matched=3833145 of 8937454 in 25ms
20:56:09 [E] accepted forwarded query req-959437253434375-4 (target=E)
20:56:10 [E] rid=req-959437253433500-3 range_search matched=3833145 of 8937454 in 25ms
20:56:10 [E] accepted forwarded query req-959437253433500-3 (target=E)
20:57:52 [E] rid=req-959541988606666-2 range_search matched=3833145 of 8937454 in 47ms
20:57:52 [E] accepted forwarded query req-959541988606666-2 (target=E)
20:57:53 [E] rid=req-959541988600958-1 range_search matched=3833145 of 8937454 in 25ms
20:57:53 [E] accepted forwarded query req-959541988600958-1 (target=E)
20:57:54 [E] rid=req-959541988632000-4 range_search matched=3833145 of 8937454 in 27ms
20:57:54 [E] accepted forwarded query req-959541988632000-4 (target=E)
20:57:54 [E] rid=req-959541988613416-3 range_search matched=3833145 of 8937454 in 24ms
20:57:54 [E] accepted forwarded query req-959541988613416-3 (target=E)
20:59:48 [E] rid=req-959657609006708-1 range_search matched=8934421 of 8937454 in 84ms
20:59:48 [E] accepted forwarded query req-959657609006708-1 (target=E)
21:01:01 [E] rid=req-959730920855000-1 range_search matched=8934421 of 8937454 in 64ms
21:01:01 [E] accepted forwarded query req-959730920855000-1 (target=E)
21:02:13 [E] rid=req-959802795834625-1 range_search matched=8934421 of 8937454 in 63ms
21:02:13 [E] accepted forwarded query req-959802795834625-1 (target=E)
21:02:14 [E] rid=req-959802795845416-3 range_search matched=8934421 of 8937454 in 34ms
21:02:14 [E] accepted forwarded query req-959802795845416-3 (target=E)
21:02:15 [E] rid=req-959802795854208-4 range_search matched=8934421 of 8937454 in 30ms
21:02:15 [E] accepted forwarded query req-959802795854208-4 (target=E)
21:02:15 [E] rid=req-959802795835875-2 range_search matched=8934421 of 8937454 in 31ms
21:02:15 [E] accepted forwarded query req-959802795835875-2 (target=E)
21:05:09 [E] shutdown requested
