[launcher] node=A impl=cpp overlay=/Users/spartan/mini_2/config/overlay.yaml data=/Users/spartan/mini_2/data/partitions_trip_distance
16:30:13 [A] loaded 8372257 rows from /Users/spartan/mini_2/data/partitions_trip_distance/A.csv
16:30:13 [A] smart routing enabled: scheme=trip_distance
[A] worker_threads=8
16:30:13 [A] listening on 0.0.0.0:50051 role=gateway team=blue
16:30:17 [A] SubmitQuery rid=req-943487441277166-1 preds=1
16:30:17 [A] rid=req-943487441277166-1 range_search matched=0 of 8372257 in 1ms
16:30:17 [A] smart-route rid=req-943487441277166-1 hit 1/9 owners; skipped: A B C D E F G I 
16:30:18 [A] rid=req-943487441277166-1 done; total=176243
16:30:18 [A] SubmitQuery rid=req-943488253506333-1 preds=1
16:30:18 [A] rid=req-943488253506333-1 range_search matched=0 of 8372257 in 1ms
16:30:18 [A] smart-route rid=req-943488253506333-1 hit 1/9 owners; skipped: A B C D E F G I 
16:30:19 [A] rid=req-943488253506333-1 done; total=176243
16:30:19 [A] SubmitQuery rid=req-943489080877291-1 preds=1
16:30:19 [A] rid=req-943489080877291-1 range_search matched=0 of 8372257 in 1ms
16:30:19 [A] smart-route rid=req-943489080877291-1 hit 1/9 owners; skipped: A B C D E F G I 
16:30:19 [A] rid=req-943489080877291-1 done; total=176243
16:30:20 [A] SubmitQuery rid=req-943489910812000-1 preds=1
16:30:20 [A] rid=req-943489910812000-1 range_search matched=0 of 8372257 in 1ms
16:30:20 [A] smart-route rid=req-943489910812000-1 hit 1/9 owners; skipped: A B C D E F G I 
16:30:26 [A] rid=req-943489910812000-1 done; total=1942731
16:30:27 [A] SubmitQuery rid=req-943496870182458-1 preds=1
16:30:27 [A] rid=req-943496870182458-1 range_search matched=0 of 8372257 in 2ms
16:30:27 [A] smart-route rid=req-943496870182458-1 hit 1/9 owners; skipped: A B C D E F G I 
16:30:33 [A] rid=req-943496870182458-1 done; total=1942731
16:30:34 [A] SubmitQuery rid=req-943503954657625-1 preds=1
16:30:34 [A] rid=req-943503954657625-1 range_search matched=0 of 8372257 in 1ms
16:30:34 [A] smart-route rid=req-943503954657625-1 hit 5/9 owners; skipped: A B H I 
16:31:38 [A] rid=req-943503954657625-1 done; total=34764991
16:31:38 [A] SubmitQuery rid=req-943568794413458-1 preds=1
16:31:38 [A] rid=req-943568794413458-1 range_search matched=0 of 8372257 in 19ms
16:31:38 [A] smart-route rid=req-943568794413458-1 hit 5/9 owners; skipped: A B H I 
16:32:42 [A] rid=req-943568794413458-1 done; total=34764991
16:32:42 [A] SubmitQuery rid=req-943632802953916-1 preds=1
16:32:43 [A] rid=req-943632802953916-1 range_search matched=8372257 of 8372257 in 70ms
16:34:34 [A] rid=req-943632802953916-1 done; total=69973589
16:34:35 [A] SubmitQuery rid=req-943744976341583-1 preds=1
16:34:35 [A] rid=req-943744976341583-1 range_search matched=8372257 of 8372257 in 49ms
16:36:28 [A] rid=req-943744976341583-1 done; total=69973589
16:36:29 [A] shutdown requested
